#
# There is insufficient memory for the Java Runtime Environment to continue.
# Native memory allocation (malloc) failed to allocate 32784 bytes. Error detail: Chunk::new
# Possible reasons:
#   The system is out of physical RAM or swap space
#   This process is running with CompressedOops enabled, and the Java Heap may be blocking the growth of the native heap
# Possible solutions:
#   Reduce memory load on the system
#   Increase physical memory or swap space
#   Check if swap backing store is full
#   Decrease Java heap size (-Xmx/-Xms)
#   Decrease number of Java threads
#   Decrease Java thread stack sizes (-Xss)
#   Set larger code cache with -XX:ReservedCodeCacheSize=
#   JVM is running with Zero Based Compressed Oops mode in which the Java heap is
#     placed in the first 32GB address space. The Java Heap base address is the
#     maximum limit for the native heap growth. Please use -XX:HeapBaseMinAddress
#     to set the Java Heap base and to place the Java Heap above 32GB virtual address.
# This output file may be truncated or incomplete.
#
#  Out of Memory Error (arena.cpp:168), pid=10244, tid=13024
#
# JRE version: OpenJDK Runtime Environment (21.0.4) (build 21.0.4+-12508038-b607.1)
# Java VM: OpenJDK 64-Bit Server VM (21.0.4+-12508038-b607.1, mixed mode, tiered, compressed oops, compressed class ptrs, g1 gc, windows-amd64)
# No core dump will be written. Minidumps are not enabled by default on client versions of Windows
#

---------------  S U M M A R Y ------------

Command Line: -Dorg.gradle.appname=gradlew org.gradle.wrapper.GradleWrapperMain -q -Ptarget-platform=android-x64 -Ptarget=C:\Users\Usuario\mi_red_y_mi_ruta\lib\main.dart -Pbase-application-name=android.app.Application -Pdart-obfuscation=false -Ptrack-widget-creation=true -Ptree-shake-icons=false -Pfilesystem-scheme=org-dartlang-root assembleDebug

Host: Intel(R) Core(TM) i3-1005G1 CPU @ 1.20GHz, 4 cores, 11G,  Windows 11 , 64 bit Build 22621 (10.0.22621.3527)
Time: Thu Apr 17 04:18:22 2025 Hora estándar, América Central elapsed time: 21.565476 seconds (0d 0h 0m 21s)

---------------  T H R E A D  ---------------

Current thread (0x000001edc7190d10):  JavaThread "C2 CompilerThread0" daemon [_thread_in_native, id=13024, stack(0x00000092ff800000,0x00000092ff900000) (1024K)]


Current CompileTask:
C2:  21565 1653 % !   4       java.util.concurrent.ConcurrentHashMap::transfer @ 437 (849 bytes)

Stack: [0x00000092ff800000,0x00000092ff900000]
Native frames: (J=compiled Java code, j=interpreted, Vv=VM code, C=native code)
V  [jvm.dll+0x6ce539]
V  [jvm.dll+0x85bf03]
V  [jvm.dll+0x85e45e]
V  [jvm.dll+0x85eb43]
V  [jvm.dll+0x27dd06]
V  [jvm.dll+0xbf9cd]
V  [jvm.dll+0xbff03]
V  [jvm.dll+0xbfaf5]
V  [jvm.dll+0x6abb9c]
V  [jvm.dll+0x65e153]
V  [jvm.dll+0x24726f]
V  [jvm.dll+0x2469c1]
V  [jvm.dll+0x1c58a4]
V  [jvm.dll+0x255fec]
V  [jvm.dll+0x254536]
V  [jvm.dll+0x3efab6]
V  [jvm.dll+0x804418]
V  [jvm.dll+0x6cce0d]
C  [ucrtbase.dll+0x29333]
C  [KERNEL32.DLL+0x1257d]
C  [ntdll.dll+0x5aa48]


---------------  P R O C E S S  ---------------

Threads class SMR info:
_java_thread_list=0x000001edc859d8b0, length=12, elements={
0x000001eda8cc56f0, 0x000001edc7166350, 0x000001edc7169180, 0x000001edc716a8f0,
0x000001edc717e810, 0x000001edc717f270, 0x000001edc718ff80, 0x000001edc7190d10,
0x000001edc71997c0, 0x000001edc7335480, 0x000001edc733fcd0, 0x000001edc75b5ac0
}

Java Threads: ( => current thread )
  0x000001eda8cc56f0 JavaThread "main"                              [_thread_in_native, id=8716, stack(0x00000092fea00000,0x00000092feb00000) (1024K)]
  0x000001edc7166350 JavaThread "Reference Handler"          daemon [_thread_blocked, id=3992, stack(0x00000092ff200000,0x00000092ff300000) (1024K)]
  0x000001edc7169180 JavaThread "Finalizer"                  daemon [_thread_blocked, id=10704, stack(0x00000092ff300000,0x00000092ff400000) (1024K)]
  0x000001edc716a8f0 JavaThread "Signal Dispatcher"          daemon [_thread_blocked, id=12588, stack(0x00000092ff400000,0x00000092ff500000) (1024K)]
  0x000001edc717e810 JavaThread "Attach Listener"            daemon [_thread_blocked, id=10836, stack(0x00000092ff500000,0x00000092ff600000) (1024K)]
  0x000001edc717f270 JavaThread "Service Thread"             daemon [_thread_blocked, id=1788, stack(0x00000092ff600000,0x00000092ff700000) (1024K)]
  0x000001edc718ff80 JavaThread "Monitor Deflation Thread"   daemon [_thread_blocked, id=1588, stack(0x00000092ff700000,0x00000092ff800000) (1024K)]
=>0x000001edc7190d10 JavaThread "C2 CompilerThread0"         daemon [_thread_in_native, id=13024, stack(0x00000092ff800000,0x00000092ff900000) (1024K)]
  0x000001edc71997c0 JavaThread "C1 CompilerThread0"         daemon [_thread_blocked, id=2036, stack(0x00000092ff900000,0x00000092ffa00000) (1024K)]
  0x000001edc7335480 JavaThread "Notification Thread"        daemon [_thread_blocked, id=13404, stack(0x00000092ffa00000,0x00000092ffb00000) (1024K)]
  0x000001edc733fcd0 JavaThread "Common-Cleaner"             daemon [_thread_blocked, id=10708, stack(0x00000092ffb00000,0x00000092ffc00000) (1024K)]
  0x000001edc75b5ac0 JavaThread "pool-1-thread-1"                   [_thread_blocked, id=5508, stack(0x00000092fff00000,0x0000009300000000) (1024K)]
Total: 12

Other Threads:
  0x000001edc2e5bc00 VMThread "VM Thread"                           [id=1628, stack(0x00000092ff100000,0x00000092ff200000) (1024K)]
  0x000001edc2dff070 WatcherThread "VM Periodic Task Thread"        [id=13592, stack(0x00000092ff000000,0x00000092ff100000) (1024K)]
  0x000001eda8e2bf60 WorkerThread "GC Thread#0"                     [id=14180, stack(0x00000092feb00000,0x00000092fec00000) (1024K)]
  0x000001edc75a64b0 WorkerThread "GC Thread#1"                     [id=11120, stack(0x00000092ffc00000,0x00000092ffd00000) (1024K)]
  0x000001edc75a6850 WorkerThread "GC Thread#2"                     [id=12248, stack(0x00000092ffd00000,0x00000092ffe00000) (1024K)]
  0x000001edc75a6bf0 WorkerThread "GC Thread#3"                     [id=11216, stack(0x00000092ffe00000,0x00000092fff00000) (1024K)]
  0x000001eda8e38bd0 ConcurrentGCThread "G1 Main Marker"            [id=12688, stack(0x00000092fec00000,0x00000092fed00000) (1024K)]
  0x000001eda8e396d0 WorkerThread "G1 Conc#0"                       [id=11228, stack(0x00000092fed00000,0x00000092fee00000) (1024K)]
  0x000001eda8e9e140 ConcurrentGCThread "G1 Refine#0"               [id=4384, stack(0x00000092fee00000,0x00000092fef00000) (1024K)]
  0x000001edc2cd40b0 ConcurrentGCThread "G1 Service"                [id=13776, stack(0x00000092fef00000,0x00000092ff000000) (1024K)]
Total: 10

Threads with active compile tasks:
C2 CompilerThread0    21644 1653 % !   4       java.util.concurrent.ConcurrentHashMap::transfer @ 437 (849 bytes)
Total: 1

VM state: not at safepoint (normal execution)

VM Mutex/Monitor currently owned by a thread: None

Heap address: 0x0000000743600000, size: 3018 MB, Compressed Oops mode: Zero based, Oop shift amount: 3

CDS archive(s) not mapped
Compressed class space mapped at: 0x0000000800000000-0x0000000840000000, reserved size: 1073741824
Narrow klass base: 0x0000000800000000, Narrow klass shift: 0, Narrow klass range: 0x40000000

GC Precious Log:
 CardTable entry size: 512
 Card Set container configuration: InlinePtr #cards 4 size 8 Array Of Cards #cards 16 size 48 Howl #buckets 8 coarsen threshold 3686 Howl Bitmap #cards 512 size 80 coarsen threshold 460 Card regions per heap region 1 cards per card region 4096
 CPUs: 4 total, 4 available
 Memory: 12065M
 Large Page Support: Disabled
 NUMA Support: Disabled
 Compressed Oops: Enabled (Zero based)
 Heap Region Size: 2M
 Heap Min Capacity: 8M
 Heap Initial Capacity: 190M
 Heap Max Capacity: 3018M
 Pre-touch: Disabled
 Parallel Workers: 4
 Concurrent Workers: 1
 Concurrent Refinement Workers: 4
 Periodic GC: Disabled

Heap:
 garbage-first heap   total 194560K, used 32725K [0x0000000743600000, 0x0000000800000000)
  region size 2048K, 14 young (28672K), 2 survivors (4096K)
 Metaspace       used 18245K, committed 18560K, reserved 1114112K
  class space    used 2114K, committed 2304K, reserved 1048576K

Heap Regions: E=young(eden), S=young(survivor), O=old, HS=humongous(starts), HC=humongous(continues), CS=collection set, F=free, TAMS=top-at-mark-start, PB=parsable bottom
|   0|0x0000000743600000, 0x0000000743800000, 0x0000000743800000|100%|HS|  |TAMS 0x0000000743600000| PB 0x0000000743600000| Complete 
|   1|0x0000000743800000, 0x0000000743a00000, 0x0000000743a00000|100%|HC|  |TAMS 0x0000000743800000| PB 0x0000000743800000| Complete 
|   2|0x0000000743a00000, 0x0000000743bf5620, 0x0000000743c00000| 97%| O|  |TAMS 0x0000000743a00000| PB 0x0000000743a00000| Untracked 
|   3|0x0000000743c00000, 0x0000000743c00000, 0x0000000743e00000|  0%| F|  |TAMS 0x0000000743c00000| PB 0x0000000743c00000| Untracked 
|   4|0x0000000743e00000, 0x0000000743e00000, 0x0000000744000000|  0%| F|  |TAMS 0x0000000743e00000| PB 0x0000000743e00000| Untracked 
|   5|0x0000000744000000, 0x0000000744000000, 0x0000000744200000|  0%| F|  |TAMS 0x0000000744000000| PB 0x0000000744000000| Untracked 
|   6|0x0000000744200000, 0x0000000744200000, 0x0000000744400000|  0%| F|  |TAMS 0x0000000744200000| PB 0x0000000744200000| Untracked 
|   7|0x0000000744400000, 0x0000000744400000, 0x0000000744600000|  0%| F|  |TAMS 0x0000000744400000| PB 0x0000000744400000| Untracked 
|   8|0x0000000744600000, 0x0000000744600000, 0x0000000744800000|  0%| F|  |TAMS 0x0000000744600000| PB 0x0000000744600000| Untracked 
|   9|0x0000000744800000, 0x0000000744800000, 0x0000000744a00000|  0%| F|  |TAMS 0x0000000744800000| PB 0x0000000744800000| Untracked 
|  10|0x0000000744a00000, 0x0000000744a00000, 0x0000000744c00000|  0%| F|  |TAMS 0x0000000744a00000| PB 0x0000000744a00000| Untracked 
|  11|0x0000000744c00000, 0x0000000744c00000, 0x0000000744e00000|  0%| F|  |TAMS 0x0000000744c00000| PB 0x0000000744c00000| Untracked 
|  12|0x0000000744e00000, 0x0000000744e00000, 0x0000000745000000|  0%| F|  |TAMS 0x0000000744e00000| PB 0x0000000744e00000| Untracked 
|  13|0x0000000745000000, 0x0000000745000000, 0x0000000745200000|  0%| F|  |TAMS 0x0000000745000000| PB 0x0000000745000000| Untracked 
|  14|0x0000000745200000, 0x0000000745200000, 0x0000000745400000|  0%| F|  |TAMS 0x0000000745200000| PB 0x0000000745200000| Untracked 
|  15|0x0000000745400000, 0x0000000745400000, 0x0000000745600000|  0%| F|  |TAMS 0x0000000745400000| PB 0x0000000745400000| Untracked 
|  16|0x0000000745600000, 0x0000000745600000, 0x0000000745800000|  0%| F|  |TAMS 0x0000000745600000| PB 0x0000000745600000| Untracked 
|  17|0x0000000745800000, 0x0000000745800000, 0x0000000745a00000|  0%| F|  |TAMS 0x0000000745800000| PB 0x0000000745800000| Untracked 
|  18|0x0000000745a00000, 0x0000000745a00000, 0x0000000745c00000|  0%| F|  |TAMS 0x0000000745a00000| PB 0x0000000745a00000| Untracked 
|  19|0x0000000745c00000, 0x0000000745c00000, 0x0000000745e00000|  0%| F|  |TAMS 0x0000000745c00000| PB 0x0000000745c00000| Untracked 
|  20|0x0000000745e00000, 0x0000000745e00000, 0x0000000746000000|  0%| F|  |TAMS 0x0000000745e00000| PB 0x0000000745e00000| Untracked 
|  21|0x0000000746000000, 0x0000000746000000, 0x0000000746200000|  0%| F|  |TAMS 0x0000000746000000| PB 0x0000000746000000| Untracked 
|  22|0x0000000746200000, 0x0000000746200000, 0x0000000746400000|  0%| F|  |TAMS 0x0000000746200000| PB 0x0000000746200000| Untracked 
|  23|0x0000000746400000, 0x0000000746400000, 0x0000000746600000|  0%| F|  |TAMS 0x0000000746400000| PB 0x0000000746400000| Untracked 
|  24|0x0000000746600000, 0x0000000746600000, 0x0000000746800000|  0%| F|  |TAMS 0x0000000746600000| PB 0x0000000746600000| Untracked 
|  25|0x0000000746800000, 0x0000000746800000, 0x0000000746a00000|  0%| F|  |TAMS 0x0000000746800000| PB 0x0000000746800000| Untracked 
|  26|0x0000000746a00000, 0x0000000746a00000, 0x0000000746c00000|  0%| F|  |TAMS 0x0000000746a00000| PB 0x0000000746a00000| Untracked 
|  27|0x0000000746c00000, 0x0000000746c00000, 0x0000000746e00000|  0%| F|  |TAMS 0x0000000746c00000| PB 0x0000000746c00000| Untracked 
|  28|0x0000000746e00000, 0x0000000746e00000, 0x0000000747000000|  0%| F|  |TAMS 0x0000000746e00000| PB 0x0000000746e00000| Untracked 
|  29|0x0000000747000000, 0x0000000747000000, 0x0000000747200000|  0%| F|  |TAMS 0x0000000747000000| PB 0x0000000747000000| Untracked 
|  30|0x0000000747200000, 0x0000000747200000, 0x0000000747400000|  0%| F|  |TAMS 0x0000000747200000| PB 0x0000000747200000| Untracked 
|  31|0x0000000747400000, 0x0000000747400000, 0x0000000747600000|  0%| F|  |TAMS 0x0000000747400000| PB 0x0000000747400000| Untracked 
|  32|0x0000000747600000, 0x0000000747600000, 0x0000000747800000|  0%| F|  |TAMS 0x0000000747600000| PB 0x0000000747600000| Untracked 
|  33|0x0000000747800000, 0x0000000747800000, 0x0000000747a00000|  0%| F|  |TAMS 0x0000000747800000| PB 0x0000000747800000| Untracked 
|  34|0x0000000747a00000, 0x0000000747a00000, 0x0000000747c00000|  0%| F|  |TAMS 0x0000000747a00000| PB 0x0000000747a00000| Untracked 
|  35|0x0000000747c00000, 0x0000000747c00000, 0x0000000747e00000|  0%| F|  |TAMS 0x0000000747c00000| PB 0x0000000747c00000| Untracked 
|  36|0x0000000747e00000, 0x0000000747e00000, 0x0000000748000000|  0%| F|  |TAMS 0x0000000747e00000| PB 0x0000000747e00000| Untracked 
|  37|0x0000000748000000, 0x0000000748000000, 0x0000000748200000|  0%| F|  |TAMS 0x0000000748000000| PB 0x0000000748000000| Untracked 
|  38|0x0000000748200000, 0x0000000748200000, 0x0000000748400000|  0%| F|  |TAMS 0x0000000748200000| PB 0x0000000748200000| Untracked 
|  39|0x0000000748400000, 0x0000000748400000, 0x0000000748600000|  0%| F|  |TAMS 0x0000000748400000| PB 0x0000000748400000| Untracked 
|  40|0x0000000748600000, 0x0000000748600000, 0x0000000748800000|  0%| F|  |TAMS 0x0000000748600000| PB 0x0000000748600000| Untracked 
|  41|0x0000000748800000, 0x0000000748800000, 0x0000000748a00000|  0%| F|  |TAMS 0x0000000748800000| PB 0x0000000748800000| Untracked 
|  42|0x0000000748a00000, 0x0000000748a00000, 0x0000000748c00000|  0%| F|  |TAMS 0x0000000748a00000| PB 0x0000000748a00000| Untracked 
|  43|0x0000000748c00000, 0x0000000748c00000, 0x0000000748e00000|  0%| F|  |TAMS 0x0000000748c00000| PB 0x0000000748c00000| Untracked 
|  44|0x0000000748e00000, 0x0000000748e00000, 0x0000000749000000|  0%| F|  |TAMS 0x0000000748e00000| PB 0x0000000748e00000| Untracked 
|  45|0x0000000749000000, 0x0000000749000000, 0x0000000749200000|  0%| F|  |TAMS 0x0000000749000000| PB 0x0000000749000000| Untracked 
|  46|0x0000000749200000, 0x0000000749200000, 0x0000000749400000|  0%| F|  |TAMS 0x0000000749200000| PB 0x0000000749200000| Untracked 
|  47|0x0000000749400000, 0x0000000749400000, 0x0000000749600000|  0%| F|  |TAMS 0x0000000749400000| PB 0x0000000749400000| Untracked 
|  48|0x0000000749600000, 0x0000000749600000, 0x0000000749800000|  0%| F|  |TAMS 0x0000000749600000| PB 0x0000000749600000| Untracked 
|  49|0x0000000749800000, 0x0000000749800000, 0x0000000749a00000|  0%| F|  |TAMS 0x0000000749800000| PB 0x0000000749800000| Untracked 
|  50|0x0000000749a00000, 0x0000000749a00000, 0x0000000749c00000|  0%| F|  |TAMS 0x0000000749a00000| PB 0x0000000749a00000| Untracked 
|  51|0x0000000749c00000, 0x0000000749c00000, 0x0000000749e00000|  0%| F|  |TAMS 0x0000000749c00000| PB 0x0000000749c00000| Untracked 
|  52|0x0000000749e00000, 0x0000000749e00000, 0x000000074a000000|  0%| F|  |TAMS 0x0000000749e00000| PB 0x0000000749e00000| Untracked 
|  53|0x000000074a000000, 0x000000074a000000, 0x000000074a200000|  0%| F|  |TAMS 0x000000074a000000| PB 0x000000074a000000| Untracked 
|  54|0x000000074a200000, 0x000000074a200000, 0x000000074a400000|  0%| F|  |TAMS 0x000000074a200000| PB 0x000000074a200000| Untracked 
|  55|0x000000074a400000, 0x000000074a400000, 0x000000074a600000|  0%| F|  |TAMS 0x000000074a400000| PB 0x000000074a400000| Untracked 
|  56|0x000000074a600000, 0x000000074a600000, 0x000000074a800000|  0%| F|  |TAMS 0x000000074a600000| PB 0x000000074a600000| Untracked 
|  57|0x000000074a800000, 0x000000074a800000, 0x000000074aa00000|  0%| F|  |TAMS 0x000000074a800000| PB 0x000000074a800000| Untracked 
|  58|0x000000074aa00000, 0x000000074aa00000, 0x000000074ac00000|  0%| F|  |TAMS 0x000000074aa00000| PB 0x000000074aa00000| Untracked 
|  59|0x000000074ac00000, 0x000000074ac00000, 0x000000074ae00000|  0%| F|  |TAMS 0x000000074ac00000| PB 0x000000074ac00000| Untracked 
|  60|0x000000074ae00000, 0x000000074ae00000, 0x000000074b000000|  0%| F|  |TAMS 0x000000074ae00000| PB 0x000000074ae00000| Untracked 
|  61|0x000000074b000000, 0x000000074b000000, 0x000000074b200000|  0%| F|  |TAMS 0x000000074b000000| PB 0x000000074b000000| Untracked 
|  62|0x000000074b200000, 0x000000074b200000, 0x000000074b400000|  0%| F|  |TAMS 0x000000074b200000| PB 0x000000074b200000| Untracked 
|  63|0x000000074b400000, 0x000000074b400000, 0x000000074b600000|  0%| F|  |TAMS 0x000000074b400000| PB 0x000000074b400000| Untracked 
|  64|0x000000074b600000, 0x000000074b600000, 0x000000074b800000|  0%| F|  |TAMS 0x000000074b600000| PB 0x000000074b600000| Untracked 
|  65|0x000000074b800000, 0x000000074b800000, 0x000000074ba00000|  0%| F|  |TAMS 0x000000074b800000| PB 0x000000074b800000| Untracked 
|  66|0x000000074ba00000, 0x000000074ba00000, 0x000000074bc00000|  0%| F|  |TAMS 0x000000074ba00000| PB 0x000000074ba00000| Untracked 
|  67|0x000000074bc00000, 0x000000074bc00000, 0x000000074be00000|  0%| F|  |TAMS 0x000000074bc00000| PB 0x000000074bc00000| Untracked 
|  68|0x000000074be00000, 0x000000074be00000, 0x000000074c000000|  0%| F|  |TAMS 0x000000074be00000| PB 0x000000074be00000| Untracked 
|  69|0x000000074c000000, 0x000000074c000000, 0x000000074c200000|  0%| F|  |TAMS 0x000000074c000000| PB 0x000000074c000000| Untracked 
|  70|0x000000074c200000, 0x000000074c200000, 0x000000074c400000|  0%| F|  |TAMS 0x000000074c200000| PB 0x000000074c200000| Untracked 
|  71|0x000000074c400000, 0x000000074c400000, 0x000000074c600000|  0%| F|  |TAMS 0x000000074c400000| PB 0x000000074c400000| Untracked 
|  72|0x000000074c600000, 0x000000074c600000, 0x000000074c800000|  0%| F|  |TAMS 0x000000074c600000| PB 0x000000074c600000| Untracked 
|  73|0x000000074c800000, 0x000000074c800000, 0x000000074ca00000|  0%| F|  |TAMS 0x000000074c800000| PB 0x000000074c800000| Untracked 
|  74|0x000000074ca00000, 0x000000074ca00000, 0x000000074cc00000|  0%| F|  |TAMS 0x000000074ca00000| PB 0x000000074ca00000| Untracked 
|  75|0x000000074cc00000, 0x000000074cc00000, 0x000000074ce00000|  0%| F|  |TAMS 0x000000074cc00000| PB 0x000000074cc00000| Untracked 
|  76|0x000000074ce00000, 0x000000074ce00000, 0x000000074d000000|  0%| F|  |TAMS 0x000000074ce00000| PB 0x000000074ce00000| Untracked 
|  77|0x000000074d000000, 0x000000074d000000, 0x000000074d200000|  0%| F|  |TAMS 0x000000074d000000| PB 0x000000074d000000| Untracked 
|  78|0x000000074d200000, 0x000000074d200000, 0x000000074d400000|  0%| F|  |TAMS 0x000000074d200000| PB 0x000000074d200000| Untracked 
|  79|0x000000074d400000, 0x000000074d400000, 0x000000074d600000|  0%| F|  |TAMS 0x000000074d400000| PB 0x000000074d400000| Untracked 
|  80|0x000000074d600000, 0x000000074d600000, 0x000000074d800000|  0%| F|  |TAMS 0x000000074d600000| PB 0x000000074d600000| Untracked 
|  81|0x000000074d800000, 0x000000074d9ee918, 0x000000074da00000| 96%| E|  |TAMS 0x000000074d800000| PB 0x000000074d800000| Complete 
|  82|0x000000074da00000, 0x000000074dc00000, 0x000000074dc00000|100%| E|CS|TAMS 0x000000074da00000| PB 0x000000074da00000| Complete 
|  83|0x000000074dc00000, 0x000000074de00000, 0x000000074de00000|100%| E|CS|TAMS 0x000000074dc00000| PB 0x000000074dc00000| Complete 
|  84|0x000000074de00000, 0x000000074e000000, 0x000000074e000000|100%| S|CS|TAMS 0x000000074de00000| PB 0x000000074de00000| Complete 
|  85|0x000000074e000000, 0x000000074e200000, 0x000000074e200000|100%| S|CS|TAMS 0x000000074e000000| PB 0x000000074e000000| Complete 
|  86|0x000000074e200000, 0x000000074e400000, 0x000000074e400000|100%| E|CS|TAMS 0x000000074e200000| PB 0x000000074e200000| Complete 
|  87|0x000000074e400000, 0x000000074e600000, 0x000000074e600000|100%| E|CS|TAMS 0x000000074e400000| PB 0x000000074e400000| Complete 
|  88|0x000000074e600000, 0x000000074e800000, 0x000000074e800000|100%| E|CS|TAMS 0x000000074e600000| PB 0x000000074e600000| Complete 
|  89|0x000000074e800000, 0x000000074ea00000, 0x000000074ea00000|100%| E|CS|TAMS 0x000000074e800000| PB 0x000000074e800000| Complete 
|  90|0x000000074ea00000, 0x000000074ec00000, 0x000000074ec00000|100%| E|CS|TAMS 0x000000074ea00000| PB 0x000000074ea00000| Complete 
|  91|0x000000074ec00000, 0x000000074ee00000, 0x000000074ee00000|100%| E|CS|TAMS 0x000000074ec00000| PB 0x000000074ec00000| Complete 
|  92|0x000000074ee00000, 0x000000074f000000, 0x000000074f000000|100%| E|CS|TAMS 0x000000074ee00000| PB 0x000000074ee00000| Complete 
|  93|0x000000074f000000, 0x000000074f200000, 0x000000074f200000|100%| E|CS|TAMS 0x000000074f000000| PB 0x000000074f000000| Complete 
|  94|0x000000074f200000, 0x000000074f400000, 0x000000074f400000|100%| E|CS|TAMS 0x000000074f200000| PB 0x000000074f200000| Complete 

Card table byte_map: [0x000001edbd320000,0x000001edbd910000] _byte_map_base: 0x000001edb9905000

Marking Bits: (CMBitMap*) 0x000001eda8e2c660
 Bits: [0x000001edbd910000, 0x000001edc0838000)

Polling page: 0x000001eda8ea0000

Metaspace:

Usage:
  Non-class:     15.75 MB used.
      Class:      2.06 MB used.
       Both:     17.82 MB used.

Virtual space:
  Non-class space:       64.00 MB reserved,      15.88 MB ( 25%) committed,  1 nodes.
      Class space:        1.00 GB reserved,       2.25 MB ( <1%) committed,  1 nodes.
             Both:        1.06 GB reserved,      18.12 MB (  2%) committed. 

Chunk freelists:
   Non-Class:  78.00 KB
       Class:  13.69 MB
        Both:  13.76 MB

MaxMetaspaceSize: unlimited
CompressedClassSpaceSize: 1.00 GB
Initial GC threshold: 21.00 MB
Current GC threshold: 21.00 MB
CDS: off
 - commit_granule_bytes: 65536.
 - commit_granule_words: 8192.
 - virtual_space_node_default_size: 8388608.
 - enlarge_chunks_in_place: 1.
 - use_allocation_guard: 0.


Internal statistics:

num_allocs_failed_limit: 0.
num_arena_births: 252.
num_arena_deaths: 0.
num_vsnodes_births: 2.
num_vsnodes_deaths: 0.
num_space_committed: 290.
num_space_uncommitted: 0.
num_chunks_returned_to_freelist: 0.
num_chunks_taken_from_freelist: 561.
num_chunk_merges: 0.
num_chunk_splits: 359.
num_chunks_enlarged: 267.
num_inconsistent_stats: 0.

CodeHeap 'non-profiled nmethods': size=120000Kb used=705Kb max_used=705Kb free=119294Kb
 bounds [0x000001edb51e0000, 0x000001edb5450000, 0x000001edbc710000]
CodeHeap 'profiled nmethods': size=120000Kb used=3114Kb max_used=3114Kb free=116885Kb
 bounds [0x000001edad710000, 0x000001edada20000, 0x000001edb4c40000]
CodeHeap 'non-nmethods': size=5760Kb used=1515Kb max_used=1529Kb free=4244Kb
 bounds [0x000001edb4c40000, 0x000001edb4eb0000, 0x000001edb51e0000]
 total_blobs=2143 nmethods=1652 adapters=396
 compilation: enabled
              stopped_count=0, restarted_count=0
 full_count=0

Compilation events (20 events):
Event: 14.350 Thread 0x000001edc71997c0 nmethod 1642 0x000001edb528f610 code [0x000001edb528f7a0, 0x000001edb528f850]
Event: 14.350 Thread 0x000001edc71997c0 1643       1       org.gradle.internal.logging.events.UpdateNowEvent::getLogLevel (2 bytes)
Event: 14.350 Thread 0x000001edc71997c0 nmethod 1643 0x000001edb528f910 code [0x000001edb528faa0, 0x000001edb528fb70]
Event: 14.350 Thread 0x000001edc71997c0 1644       1       org.gradle.internal.logging.events.UpdateNowEvent::getTimestamp (5 bytes)
Event: 14.350 Thread 0x000001edc71997c0 nmethod 1644 0x000001edb528fc10 code [0x000001edb528fda0, 0x000001edb528fe68]
Event: 15.261 Thread 0x000001edc71997c0 1645       3       java.lang.invoke.VarHandleReferences$FieldInstanceReadWrite::compareAndSet (48 bytes)
Event: 15.262 Thread 0x000001edc71997c0 nmethod 1645 0x000001edada16b10 code [0x000001edada16d80, 0x000001edada177f8]
Event: 16.481 Thread 0x000001edc71997c0 1646       3       java.util.concurrent.ScheduledThreadPoolExecutor$ScheduledFutureTask::getDelay (16 bytes)
Event: 16.481 Thread 0x000001edc71997c0 nmethod 1646 0x000001edada17c10 code [0x000001edada17dc0, 0x000001edada17f58]
Event: 18.349 Thread 0x000001edc71997c0 1648       3       jdk.internal.misc.Unsafe::weakCompareAndSetInt (11 bytes)
Event: 18.349 Thread 0x000001edc71997c0 nmethod 1648 0x000001edada18010 code [0x000001edada181a0, 0x000001edada182c8]
Event: 18.444 Thread 0x000001edc71997c0 1649       3       org.gradle.internal.logging.console.BuildLogLevelFilterRenderer::onOutput (53 bytes)
Event: 18.445 Thread 0x000001edc71997c0 nmethod 1649 0x000001edada18390 code [0x000001edada185a0, 0x000001edada18cb0]
Event: 20.142 Thread 0x000001edc71997c0 1650       3       jdk.internal.misc.Unsafe::putReferenceOpaque (9 bytes)
Event: 20.142 Thread 0x000001edc71997c0 nmethod 1650 0x000001edada18e90 code [0x000001edada19020, 0x000001edada19188]
Event: 21.549 Thread 0x000001edc71997c0 1651   !   3       sun.nio.ch.SelectorImpl::processDeregisterQueue (145 bytes)
Event: 21.550 Thread 0x000001edc71997c0 nmethod 1651 0x000001edada19210 code [0x000001edada194a0, 0x000001edada1a4f0]
Event: 21.550 Thread 0x000001edc71997c0 1652       1       sun.nio.ch.SelectionKeyImpl::nioReadyOps (6 bytes)
Event: 21.550 Thread 0x000001edc7190d10 1653 % !   4       java.util.concurrent.ConcurrentHashMap::transfer @ 437 (849 bytes)
Event: 21.550 Thread 0x000001edc71997c0 nmethod 1652 0x000001edb5290310 code [0x000001edb52904a0, 0x000001edb5290570]

GC Heap History (4 events):
Event: 0.649 GC heap before
{Heap before GC invocations=0 (full 0):
 garbage-first heap   total 194560K, used 12288K [0x0000000743600000, 0x0000000800000000)
  region size 2048K, 6 young (12288K), 0 survivors (0K)
 Metaspace       used 8416K, committed 8640K, reserved 1114112K
  class space    used 752K, committed 896K, reserved 1048576K
}
Event: 0.654 GC heap after
{Heap after GC invocations=1 (full 0):
 garbage-first heap   total 194560K, used 1461K [0x0000000743600000, 0x0000000800000000)
  region size 2048K, 1 young (2048K), 1 survivors (2048K)
 Metaspace       used 8416K, committed 8640K, reserved 1114112K
  class space    used 752K, committed 896K, reserved 1048576K
}
Event: 1.204 GC heap before
{Heap before GC invocations=1 (full 0):
 garbage-first heap   total 194560K, used 19893K [0x0000000743600000, 0x0000000800000000)
  region size 2048K, 9 young (18432K), 1 survivors (2048K)
 Metaspace       used 9608K, committed 9792K, reserved 1114112K
  class space    used 907K, committed 960K, reserved 1048576K
}
Event: 1.207 GC heap after
{Heap after GC invocations=2 (full 0):
 garbage-first heap   total 194560K, used 10197K [0x0000000743600000, 0x0000000800000000)
  region size 2048K, 2 young (4096K), 2 survivors (4096K)
 Metaspace       used 9608K, committed 9792K, reserved 1114112K
  class space    used 907K, committed 960K, reserved 1048576K
}

Dll operation events (3 events):
Event: 0.012 Loaded shared library C:\Program Files\Android\Android Studio\jbr\bin\java.dll
Event: 0.019 Loaded shared library C:\Program Files\Android\Android Studio\jbr\bin\zip.dll
Event: 0.189 Loaded shared library C:\Program Files\Android\Android Studio\jbr\bin\verify.dll

Deoptimization events (20 events):
Event: 2.130 Thread 0x000001eda8cc56f0 DEOPT PACKING pc=0x000001edb5224298 sp=0x00000092feafd9d0
Event: 2.130 Thread 0x000001eda8cc56f0 DEOPT UNPACKING pc=0x000001edb4c97da2 sp=0x00000092feafd960 mode 2
Event: 2.155 Thread 0x000001eda8cc56f0 Uncommon trap: trap_request=0xffffff45 fr.pc=0x000001edb5279dac relative=0x000000000000008c
Event: 2.155 Thread 0x000001eda8cc56f0 Uncommon trap: reason=unstable_if action=reinterpret pc=0x000001edb5279dac method=jdk.internal.misc.Unsafe.convEndian(ZI)I @ 4 c2
Event: 2.155 Thread 0x000001eda8cc56f0 DEOPT PACKING pc=0x000001edb5279dac sp=0x00000092feafbcb0
Event: 2.155 Thread 0x000001eda8cc56f0 DEOPT UNPACKING pc=0x000001edb4c97da2 sp=0x00000092feafbbe0 mode 2
Event: 2.174 Thread 0x000001eda8cc56f0 Uncommon trap: trap_request=0xffffffde fr.pc=0x000001edb52412e0 relative=0x0000000000000920
Event: 2.174 Thread 0x000001eda8cc56f0 Uncommon trap: reason=class_check action=maybe_recompile pc=0x000001edb52412e0 method=java.util.HashMap.putVal(ILjava/lang/Object;Ljava/lang/Object;ZZ)Ljava/lang/Object; @ 203 c2
Event: 2.174 Thread 0x000001eda8cc56f0 DEOPT PACKING pc=0x000001edb52412e0 sp=0x00000092feafb120
Event: 2.174 Thread 0x000001eda8cc56f0 DEOPT UNPACKING pc=0x000001edb4c97da2 sp=0x00000092feafb048 mode 2
Event: 2.175 Thread 0x000001eda8cc56f0 Uncommon trap: trap_request=0xffffffde fr.pc=0x000001edb52412e0 relative=0x0000000000000920
Event: 2.175 Thread 0x000001eda8cc56f0 Uncommon trap: reason=class_check action=maybe_recompile pc=0x000001edb52412e0 method=java.util.HashMap.putVal(ILjava/lang/Object;Ljava/lang/Object;ZZ)Ljava/lang/Object; @ 203 c2
Event: 2.175 Thread 0x000001eda8cc56f0 DEOPT PACKING pc=0x000001edb52412e0 sp=0x00000092feafb120
Event: 2.175 Thread 0x000001eda8cc56f0 DEOPT UNPACKING pc=0x000001edb4c97da2 sp=0x00000092feafb048 mode 2
Event: 2.175 Thread 0x000001eda8cc56f0 Uncommon trap: trap_request=0xffffffde fr.pc=0x000001edb526c7b8 relative=0x0000000000000878
Event: 2.175 Thread 0x000001eda8cc56f0 Uncommon trap: reason=class_check action=maybe_recompile pc=0x000001edb526c7b8 method=java.util.HashMap.putVal(ILjava/lang/Object;Ljava/lang/Object;ZZ)Ljava/lang/Object; @ 203 c2
Event: 2.175 Thread 0x000001eda8cc56f0 DEOPT PACKING pc=0x000001edb526c7b8 sp=0x00000092feafb090
Event: 2.175 Thread 0x000001eda8cc56f0 DEOPT UNPACKING pc=0x000001edb4c97da2 sp=0x00000092feafb050 mode 2
Event: 2.191 Thread 0x000001eda8cc56f0 DEOPT PACKING pc=0x000001edad9c925a sp=0x00000092feafbdc0
Event: 2.191 Thread 0x000001eda8cc56f0 DEOPT UNPACKING pc=0x000001edb4c988e2 sp=0x00000092feafb280 mode 0

Classes loaded (20 events):
Event: 7.439 Loading class jdk/internal/logger/LoggerFinderLoader
Event: 7.439 Loading class jdk/internal/logger/LoggerFinderLoader done
Event: 7.439 Loading class jdk/internal/logger/LoggerFinderLoader$TemporaryLoggerFinder
Event: 7.439 Loading class jdk/internal/logger/LoggerFinderLoader$TemporaryLoggerFinder done
Event: 7.440 Loading class sun/util/logging/internal/LoggingProviderImpl$JULWrapper
Event: 7.440 Loading class sun/util/logging/PlatformLogger$ConfigurableBridge$LoggerConfiguration
Event: 7.440 Loading class sun/util/logging/PlatformLogger$ConfigurableBridge$LoggerConfiguration done
Event: 7.440 Loading class sun/util/logging/internal/LoggingProviderImpl$JULWrapper done
Event: 7.442 Loading class java/io/ObjectInputFilter$Config$BuiltinFilterFactory
Event: 7.442 Loading class java/io/ObjectInputFilter$Config$BuiltinFilterFactory done
Event: 7.442 Loading class jdk/internal/access/JavaObjectInputFilterAccess
Event: 7.442 Loading class jdk/internal/access/JavaObjectInputFilterAccess done
Event: 7.443 Loading class java/lang/System$Logger$Level
Event: 7.443 Loading class java/lang/System$Logger$Level done
Event: 7.449 Loading class java/nio/CharBuffer
Event: 7.450 Loading class java/nio/CharBuffer done
Event: 7.450 Loading class java/nio/HeapCharBuffer
Event: 7.450 Loading class java/nio/HeapCharBuffer done
Event: 7.450 Loading class java/nio/charset/CoderResult
Event: 7.450 Loading class java/nio/charset/CoderResult done

Classes unloaded (0 events):
No events

Classes redefined (0 events):
No events

Internal exceptions (20 events):
Event: 1.390 Thread 0x000001eda8cc56f0 Exception <a 'java/lang/NoSuchMethodError'{0x000000074f1fbf20}: 'void java.lang.invoke.DirectMethodHandle$Holder.invokeInterface(java.lang.Object, java.lang.Object, java.lang.Object)'> (0x000000074f1fbf20) 
thrown [s\src\hotspot\share\interpreter\linkResolver.cpp, line 784]
Event: 1.413 Thread 0x000001eda8cc56f0 Exception <a 'java/lang/NoClassDefFoundError'{0x000000074ee82010}: org/slf4j/impl/StaticMarkerBinder> (0x000000074ee82010) 
thrown [s\src\hotspot\share\classfile\systemDictionary.cpp, line 301]
Event: 1.445 Thread 0x000001eda8cc56f0 Exception <a 'java/lang/NoSuchMethodError'{0x000000074ef4e630}: 'java.lang.Object java.lang.invoke.DirectMethodHandle$Holder.invokeStatic(java.lang.Object, java.lang.Object, int)'> (0x000000074ef4e630) 
thrown [s\src\hotspot\share\interpreter\linkResolver.cpp, line 784]
Event: 1.447 Thread 0x000001eda8cc56f0 Exception <a 'java/lang/NoSuchMethodError'{0x000000074ef59de0}: 'void java.lang.invoke.DelegatingMethodHandle$Holder.delegate(java.lang.Object, java.lang.Object, int, java.lang.Object)'> (0x000000074ef59de0) 
thrown [s\src\hotspot\share\interpreter\linkResolver.cpp, line 784]
Event: 1.447 Thread 0x000001eda8cc56f0 Exception <a 'java/lang/NoSuchMethodError'{0x000000074ef5ddc8}: 'int java.lang.invoke.DirectMethodHandle$Holder.invokeSpecial(java.lang.Object, java.lang.Object, java.lang.Object)'> (0x000000074ef5ddc8) 
thrown [s\src\hotspot\share\interpreter\linkResolver.cpp, line 784]
Event: 1.603 Thread 0x000001eda8cc56f0 Exception <a 'java/lang/NoSuchMethodError'{0x000000074eb3be90}: 'java.lang.Object java.lang.invoke.DirectMethodHandle$Holder.newInvokeSpecial(java.lang.Object, java.lang.Object, java.lang.Object, java.lang.Object, java.lang.Object)'> (0x000000074eb3be90) 
thrown [s\src\hotspot\share\interpreter\linkResolver.cpp, line 784]
Event: 1.618 Thread 0x000001eda8cc56f0 Exception <a 'java/lang/NoSuchMethodError'{0x000000074eb92038}: 'java.lang.Object java.lang.invoke.Invokers$Holder.invokeExact_MT(java.lang.Object, java.lang.Object, java.lang.Object, java.lang.Object, java.lang.Object)'> (0x000000074eb92038) 
thrown [s\src\hotspot\share\interpreter\linkResolver.cpp, line 784]
Event: 1.627 Thread 0x000001eda8cc56f0 Exception <a 'java/lang/NoSuchMethodError'{0x000000074ebc15c8}: 'java.lang.Object java.lang.invoke.DirectMethodHandle$Holder.invokeVirtual(java.lang.Object, java.lang.Object, java.lang.Object, java.lang.Object, java.lang.Object, java.lang.Object, java.lang.Object)'> (0x000000074ebc15c8) 
thrown [s\src\hotspot\share\interpreter\linkResolver.cpp, line 784]
Event: 1.639 Thread 0x000001eda8cc56f0 Exception <a 'java/lang/NoSuchMethodError'{0x000000074e805418}: 'java.lang.Object java.lang.invoke.DirectMethodHandle$Holder.invokeVirtual(java.lang.Object, java.lang.Object, java.lang.Object, java.lang.Object)'> (0x000000074e805418) 
thrown [s\src\hotspot\share\interpreter\linkResolver.cpp, line 784]
Event: 1.669 Thread 0x000001eda8cc56f0 Exception <a 'java/lang/NoSuchMethodError'{0x000000074e8c23a8}: 'java.lang.Object java.lang.invoke.DirectMethodHandle$Holder.invokeVirtual(java.lang.Object, java.lang.Object, java.lang.Object, java.lang.Object, java.lang.Object, java.lang.Object)'> (0x000000074e8c23a8) 
thrown [s\src\hotspot\share\interpreter\linkResolver.cpp, line 784]
Event: 1.732 Thread 0x000001eda8cc56f0 Implicit null exception at 0x000001edb52502bd to 0x000001edb5250538
Event: 1.798 Thread 0x000001eda8cc56f0 Exception <a 'java/lang/NoSuchMethodError'{0x000000074e40ef80}: 'int java.lang.invoke.DirectMethodHandle$Holder.invokeVirtual(java.lang.Object, java.lang.Object, java.lang.Object)'> (0x000000074e40ef80) 
thrown [s\src\hotspot\share\interpreter\linkResolver.cpp, line 784]
Event: 1.853 Thread 0x000001eda8cc56f0 Exception <a 'java/lang/NoSuchMethodError'{0x000000074e59ee00}: 'java.lang.Object java.lang.invoke.DirectMethodHandle$Holder.invokeVirtual(java.lang.Object, java.lang.Object, java.lang.Object, java.lang.Object, java.lang.Object)'> (0x000000074e59ee00) 
thrown [s\src\hotspot\share\interpreter\linkResolver.cpp, line 784]
Event: 1.855 Thread 0x000001eda8cc56f0 Exception <a 'java/lang/NoSuchMethodError'{0x000000074e5b1ea0}: 'java.lang.Object java.lang.invoke.Invokers$Holder.invokeExact_MT(java.lang.Object, java.lang.Object, java.lang.Object, java.lang.Object, java.lang.Object, java.lang.Object)'> (0x000000074e5b1ea0) 
thrown [s\src\hotspot\share\interpreter\linkResolver.cpp, line 784]
Event: 1.881 Thread 0x000001eda8cc56f0 Exception <a 'java/lang/NoSuchMethodError'{0x000000074e261c68}: 'java.lang.Object java.lang.invoke.DirectMethodHandle$Holder.invokeSpecialIFC(java.lang.Object, java.lang.Object, java.lang.Object, java.lang.Object)'> (0x000000074e261c68) 
thrown [s\src\hotspot\share\interpreter\linkResolver.cpp, line 784]
Event: 1.882 Thread 0x000001eda8cc56f0 Exception <a 'java/lang/NoSuchMethodError'{0x000000074e26af50}: 'java.lang.Object java.lang.invoke.DirectMethodHandle$Holder.invokeVirtual(java.lang.Object, java.lang.Object, java.lang.Object, java.lang.Object, java.lang.Object, java.lang.Object, java.lang.Object, java.lang.Object)'> (0x000000074e26af50) 
thrown [s\src\hotspot\share\interpreter\linkResolver.cpp, line 784]
Event: 1.982 Thread 0x000001eda8cc56f0 Exception <a 'java/lang/NoSuchMethodError'{0x000000074dd4f1f8}: 'java.lang.Object java.lang.invoke.DirectMethodHandle$Holder.invokeStaticInit(java.lang.Object, int, int, int, int)'> (0x000000074dd4f1f8) 
thrown [s\src\hotspot\share\interpreter\linkResolver.cpp, line 784]
Event: 2.064 Thread 0x000001eda8cc56f0 Exception <a 'java/lang/NoSuchMethodError'{0x000000074ddf2ee0}: 'java.lang.Object java.lang.invoke.DirectMethodHandle$Holder.invokeStaticInit(java.lang.Object, java.lang.Object, int, int, int, int)'> (0x000000074ddf2ee0) 
thrown [s\src\hotspot\share\interpreter\linkResolver.cpp, line 784]
Event: 2.086 Thread 0x000001eda8cc56f0 Exception <a 'java/lang/NoSuchMethodError'{0x000000074da1e1e8}: 'void java.lang.invoke.DirectMethodHandle$Holder.invokeStatic(java.lang.Object, java.lang.Object, java.lang.Object)'> (0x000000074da1e1e8) 
thrown [s\src\hotspot\share\interpreter\linkResolver.cpp, line 784]
Event: 2.130 Thread 0x000001eda8cc56f0 Implicit null exception at 0x000001edb5223ba4 to 0x000001edb5224280

ZGC Phase Switch (0 events):
No events

VM Operations (20 events):
Event: 1.589 Executing VM operation: HandshakeAllThreads (Deoptimize)
Event: 1.589 Executing VM operation: HandshakeAllThreads (Deoptimize) done
Event: 1.622 Executing VM operation: HandshakeAllThreads (Deoptimize)
Event: 1.622 Executing VM operation: HandshakeAllThreads (Deoptimize) done
Event: 1.785 Executing VM operation: HandshakeAllThreads (Deoptimize)
Event: 1.785 Executing VM operation: HandshakeAllThreads (Deoptimize) done
Event: 2.002 Executing VM operation: HandshakeAllThreads (Deoptimize)
Event: 2.002 Executing VM operation: HandshakeAllThreads (Deoptimize) done
Event: 2.172 Executing VM operation: HandshakeAllThreads (Deoptimize)
Event: 2.172 Executing VM operation: HandshakeAllThreads (Deoptimize) done
Event: 3.182 Executing VM operation: Cleanup
Event: 3.182 Executing VM operation: Cleanup done
Event: 6.188 Executing VM operation: Cleanup
Event: 6.188 Executing VM operation: Cleanup done
Event: 7.189 Executing VM operation: Cleanup
Event: 7.189 Executing VM operation: Cleanup done
Event: 8.205 Executing VM operation: Cleanup
Event: 8.205 Executing VM operation: Cleanup done
Event: 19.288 Executing VM operation: Cleanup
Event: 19.288 Executing VM operation: Cleanup done

Memory protections (0 events):
No events

Nmethod flushes (0 events):
No events

Events (20 events):
Event: 0.082 Thread 0x000001eda8cc56f0 Thread added: 0x000001edc717e810
Event: 0.082 Thread 0x000001eda8cc56f0 Thread added: 0x000001edc717f270
Event: 0.082 Thread 0x000001eda8cc56f0 Thread added: 0x000001edc718ff80
Event: 0.082 Thread 0x000001eda8cc56f0 Thread added: 0x000001edc7190d10
Event: 0.083 Thread 0x000001eda8cc56f0 Thread added: 0x000001edc71997c0
Event: 0.135 Thread 0x000001eda8cc56f0 Thread added: 0x000001edc7335480
Event: 0.146 Thread 0x000001eda8cc56f0 Thread added: 0x000001edc733fcd0
Event: 0.161 Loaded shared library C:\Program Files\Android\Android Studio\jbr\bin\net.dll
Event: 0.164 Loaded shared library C:\Program Files\Android\Android Studio\jbr\bin\nio.dll
Event: 0.177 Loaded shared library C:\Program Files\Android\Android Studio\jbr\bin\zip.dll
Event: 0.267 Loaded shared library C:\Program Files\Android\Android Studio\jbr\bin\jimage.dll
Event: 0.777 Thread 0x000001edc71997c0 Thread added: 0x000001edc75b5ac0
Event: 1.472 Loaded shared library C:\Users\Usuario\.gradle\native\c067742578af261105cb4f569cf0c3c89f3d7b1fecec35dd04571415982c5e48\windows-amd64\native-platform.dll
Event: 1.519 Thread 0x000001edc75b5ac0 Thread exited: 0x000001edc75b5ac0
Event: 1.536 Thread 0x000001eda8cc56f0 Thread added: 0x000001edc75b5ac0
Event: 1.759 Loaded shared library C:\Program Files\Android\Android Studio\jbr\bin\management.dll
Event: 1.762 Loaded shared library C:\Program Files\Android\Android Studio\jbr\bin\management_ext.dll
Event: 2.084 Loaded shared library C:\Program Files\Android\Android Studio\jbr\bin\extnet.dll
Event: 2.182 Thread 0x000001edc71997c0 Thread added: 0x000001edc85edec0
Event: 3.057 Thread 0x000001edc85edec0 Thread exited: 0x000001edc85edec0


Dynamic libraries:
0x00007ff6a63e0000 - 0x00007ff6a63ea000 	C:\Program Files\Android\Android Studio\jbr\bin\java.exe
0x00007ff89cbf0000 - 0x00007ff89ce07000 	C:\Windows\SYSTEM32\ntdll.dll
0x00007ff89b380000 - 0x00007ff89b444000 	C:\Windows\System32\KERNEL32.DLL
0x00007ff89a210000 - 0x00007ff89a5b7000 	C:\Windows\System32\KERNELBASE.dll
0x00007ff89a6e0000 - 0x00007ff89a7f1000 	C:\Windows\System32\ucrtbase.dll
0x00007ff86e830000 - 0x00007ff86e84b000 	C:\Program Files\Android\Android Studio\jbr\bin\VCRUNTIME140.dll
0x00007ff869440000 - 0x00007ff869458000 	C:\Program Files\Android\Android Studio\jbr\bin\jli.dll
0x00007ff89c510000 - 0x00007ff89c6be000 	C:\Windows\System32\USER32.dll
0x00007ff89a6b0000 - 0x00007ff89a6d6000 	C:\Windows\System32\win32u.dll
0x00007ff877150000 - 0x00007ff8773e3000 	C:\Windows\WinSxS\amd64_microsoft.windows.common-controls_6595b64144ccf1df_6.0.22621.3527_none_270e469b73872a76\COMCTL32.dll
0x00007ff89c040000 - 0x00007ff89c069000 	C:\Windows\System32\GDI32.dll
0x00007ff89ad70000 - 0x00007ff89ae17000 	C:\Windows\System32\msvcrt.dll
0x00007ff899f80000 - 0x00007ff89a099000 	C:\Windows\System32\gdi32full.dll
0x00007ff89a800000 - 0x00007ff89a89a000 	C:\Windows\System32\msvcp_win.dll
0x00007ff89b330000 - 0x00007ff89b361000 	C:\Windows\System32\IMM32.DLL
0x00007ff872ba0000 - 0x00007ff872bac000 	C:\Program Files\Android\Android Studio\jbr\bin\vcruntime140_1.dll
0x00007ff8693b0000 - 0x00007ff86943d000 	C:\Program Files\Android\Android Studio\jbr\bin\msvcp140.dll
0x00007ff837980000 - 0x00007ff838603000 	C:\Program Files\Android\Android Studio\jbr\bin\server\jvm.dll
0x00007ff89acb0000 - 0x00007ff89ad62000 	C:\Windows\System32\ADVAPI32.dll
0x00007ff89ac00000 - 0x00007ff89aca8000 	C:\Windows\System32\sechost.dll
0x00007ff89a680000 - 0x00007ff89a6a8000 	C:\Windows\System32\bcrypt.dll
0x00007ff89bdf0000 - 0x00007ff89bf05000 	C:\Windows\System32\RPCRT4.dll
0x00007ff89ab00000 - 0x00007ff89ab71000 	C:\Windows\System32\WS2_32.dll
0x00007ff899dd0000 - 0x00007ff899e1d000 	C:\Windows\SYSTEM32\POWRPROF.dll
0x00007ff8918a0000 - 0x00007ff8918d4000 	C:\Windows\SYSTEM32\WINMM.dll
0x00007ff8915b0000 - 0x00007ff8915ba000 	C:\Windows\SYSTEM32\VERSION.dll
0x00007ff899db0000 - 0x00007ff899dc3000 	C:\Windows\SYSTEM32\UMPDC.dll
0x00007ff898ef0000 - 0x00007ff898f08000 	C:\Windows\SYSTEM32\kernel.appcore.dll
0x00007ff86f230000 - 0x00007ff86f23a000 	C:\Program Files\Android\Android Studio\jbr\bin\jimage.dll
0x00007ff897700000 - 0x00007ff897933000 	C:\Windows\SYSTEM32\DBGHELP.DLL
0x00007ff89c820000 - 0x00007ff89cba8000 	C:\Windows\System32\combase.dll
0x00007ff89b460000 - 0x00007ff89b537000 	C:\Windows\System32\OLEAUT32.dll
0x00007ff887ec0000 - 0x00007ff887ef2000 	C:\Windows\SYSTEM32\dbgcore.DLL
0x00007ff89a8a0000 - 0x00007ff89a919000 	C:\Windows\System32\bcryptPrimitives.dll
0x00007ff869720000 - 0x00007ff869740000 	C:\Program Files\Android\Android Studio\jbr\bin\java.dll
0x00007ff869700000 - 0x00007ff869718000 	C:\Program Files\Android\Android Studio\jbr\bin\zip.dll
0x00007ff89b590000 - 0x00007ff89bdec000 	C:\Windows\System32\SHELL32.dll
0x00007ff897e00000 - 0x00007ff8986f6000 	C:\Windows\SYSTEM32\windows.storage.dll
0x00007ff897cc0000 - 0x00007ff897dfe000 	C:\Windows\SYSTEM32\wintypes.dll
0x00007ff89c410000 - 0x00007ff89c505000 	C:\Windows\System32\SHCORE.dll
0x00007ff89c3b0000 - 0x00007ff89c40e000 	C:\Windows\System32\shlwapi.dll
0x00007ff899e40000 - 0x00007ff899e61000 	C:\Windows\SYSTEM32\profapi.dll
0x00007ff86d3d0000 - 0x00007ff86d3e0000 	C:\Program Files\Android\Android Studio\jbr\bin\net.dll
0x00007ff893ad0000 - 0x00007ff893c06000 	C:\Windows\SYSTEM32\WINHTTP.dll
0x00007ff899360000 - 0x00007ff8993c9000 	C:\Windows\system32\mswsock.dll
0x00007ff868e40000 - 0x00007ff868e56000 	C:\Program Files\Android\Android Studio\jbr\bin\nio.dll
0x00007ff88da30000 - 0x00007ff88da40000 	C:\Program Files\Android\Android Studio\jbr\bin\verify.dll
0x00007ff869380000 - 0x00007ff8693a7000 	C:\Users\Usuario\.gradle\native\c067742578af261105cb4f569cf0c3c89f3d7b1fecec35dd04571415982c5e48\windows-amd64\native-platform.dll
0x00007ff86e860000 - 0x00007ff86e869000 	C:\Program Files\Android\Android Studio\jbr\bin\management.dll
0x00007ff85dcb0000 - 0x00007ff85dcbb000 	C:\Program Files\Android\Android Studio\jbr\bin\management_ext.dll
0x00007ff89aaf0000 - 0x00007ff89aaf8000 	C:\Windows\System32\PSAPI.DLL
0x00007ff899580000 - 0x00007ff89959b000 	C:\Windows\SYSTEM32\CRYPTSP.dll
0x00007ff898e50000 - 0x00007ff898e85000 	C:\Windows\system32\rsaenh.dll
0x00007ff899420000 - 0x00007ff899448000 	C:\Windows\SYSTEM32\USERENV.dll
0x00007ff8995a0000 - 0x00007ff8995ac000 	C:\Windows\SYSTEM32\CRYPTBASE.dll
0x00007ff8989a0000 - 0x00007ff8989cd000 	C:\Windows\SYSTEM32\IPHLPAPI.DLL
0x00007ff89b370000 - 0x00007ff89b379000 	C:\Windows\System32\NSI.dll
0x00007ff868fc0000 - 0x00007ff868fc9000 	C:\Program Files\Android\Android Studio\jbr\bin\extnet.dll
0x00007ff86af70000 - 0x00007ff86af78000 	C:\Windows\system32\wshunix.dll

dbghelp: loaded successfully - version: 4.0.5 - missing functions: none
symbol engine: initialized successfully - sym options: 0x614 - pdb path: .;C:\Program Files\Android\Android Studio\jbr\bin;C:\Windows\SYSTEM32;C:\Windows\WinSxS\amd64_microsoft.windows.common-controls_6595b64144ccf1df_6.0.22621.3527_none_270e469b73872a76;C:\Program Files\Android\Android Studio\jbr\bin\server;C:\Users\Usuario\.gradle\native\c067742578af261105cb4f569cf0c3c89f3d7b1fecec35dd04571415982c5e48\windows-amd64

VM Arguments:
jvm_args: -Dorg.gradle.appname=gradlew 
java_command: org.gradle.wrapper.GradleWrapperMain -q -Ptarget-platform=android-x64 -Ptarget=C:\Users\Usuario\mi_red_y_mi_ruta\lib\main.dart -Pbase-application-name=android.app.Application -Pdart-obfuscation=false -Ptrack-widget-creation=true -Ptree-shake-icons=false -Pfilesystem-scheme=org-dartlang-root assembleDebug
java_class_path (initial): C:\Users\Usuario\mi_red_y_mi_ruta\android\\gradle\wrapper\gradle-wrapper.jar
Launcher Type: SUN_STANDARD

[Global flags]
     intx CICompilerCount                          = 3                                         {product} {ergonomic}
     uint ConcGCThreads                            = 1                                         {product} {ergonomic}
     uint G1ConcRefinementThreads                  = 4                                         {product} {ergonomic}
   size_t G1HeapRegionSize                         = 2097152                                   {product} {ergonomic}
    uintx GCDrainStackTargetSize                   = 64                                        {product} {ergonomic}
   size_t InitialHeapSize                          = 199229440                                 {product} {ergonomic}
   size_t MarkStackSize                            = 4194304                                   {product} {ergonomic}
   size_t MaxHeapSize                              = 3164602368                                {product} {ergonomic}
   size_t MaxNewSize                               = 1897922560                                {product} {ergonomic}
   size_t MinHeapDeltaBytes                        = 2097152                                   {product} {ergonomic}
   size_t MinHeapSize                              = 8388608                                   {product} {ergonomic}
    uintx NonNMethodCodeHeapSize                   = 5832780                                {pd product} {ergonomic}
    uintx NonProfiledCodeHeapSize                  = 122912730                              {pd product} {ergonomic}
    uintx ProfiledCodeHeapSize                     = 122912730                              {pd product} {ergonomic}
    uintx ReservedCodeCacheSize                    = 251658240                              {pd product} {ergonomic}
     bool SegmentedCodeCache                       = true                                      {product} {ergonomic}
   size_t SoftMaxHeapSize                          = 3164602368                             {manageable} {ergonomic}
     bool UseCompressedOops                        = true                           {product lp64_product} {ergonomic}
     bool UseG1GC                                  = true                                      {product} {ergonomic}
     bool UseLargePagesIndividualAllocation        = false                                  {pd product} {ergonomic}

Logging:
Log output configuration:
 #0: stdout all=warning uptime,level,tags foldmultilines=false
 #1: stderr all=off uptime,level,tags foldmultilines=false

Environment Variables:
JAVA_HOME=C:\Program Files\Android\Android Studio\jbr
CLASSPATH=C:\Users\Usuario\mi_red_y_mi_ruta\android\\gradle\wrapper\gradle-wrapper.jar
PATH=C:\Program Files\Android\Android Studio\jbr\bin;C:\Users\Usuario\dev\flutter\bin\;C:\Program Files\Common Files\Oracle\Java\javapath;C:\app\Usuario\product\21c\dbhomeXE\bin;C:\Program Files (x86)\Common Files\Oracle\Java\javapath;C:\Windows\system32;C:\Windows;C:\Windows\System32\Wbem;C:\Windows\System32\WindowsPowerShell\v1.0\;C:\Windows\System32\OpenSSH\;C:\Program Files\nodejs\;C:\Users\Usuario\AppData\Roaming\Microsoft\Windows\Start Menu\Programs\Python 3.12;C:\Program Files (x86)\IVI Foundation\VISA\WinNT\Bin;C:\Program Files\Android\Android Studio\jbr\bin;C:\Users\Usuario\dev\flutter\bin;C:\Users\Usuario\AppData\Local\Programs\Python\Python312\Scripts\;C:\Users\Usuario\AppData\Local\Programs\Python\Python312\;C:\Users\Usuario\AppData\Local\Microsoft\WindowsApps;C:\app\Usuario\product\21c\dbhomeXE\network\admin;C:\Users\Usuario\AppData\Local\Programs\Microsoft VS Code\bin;C:\Users\Usuario\AppData\Roaming\npm;;C:\Users\Usuario\dev\flutter\bin\mingit\cmd
USERNAME=Usuario
LANG=en_US.UTF-8
OS=Windows_NT
PROCESSOR_IDENTIFIER=Intel64 Family 6 Model 126 Stepping 5, GenuineIntel
TMP=C:\Users\Usuario\AppData\Local\Temp
TEMP=C:\Users\Usuario\AppData\Local\Temp




Periodic native trim disabled

JNI global refs:
JNI global refs: 18, weak refs: 0

JNI global refs memory usage: 835, weak refs: 201

Process memory usage:
Resident Set Size: 101336K (0% of 12355256K total physical memory with 1107952K free physical memory)

OOME stack traces (most recent first):
Classloader memory used:
Loader bootstrap                                                                       : 12749K
Loader org.gradle.internal.classloader.VisitableURLClassLoader                         : 5008K
Loader java.net.URLClassLoader                                                         : 232K
Loader jdk.internal.loader.ClassLoaders$AppClassLoader                                 : 146K
Loader jdk.internal.loader.ClassLoaders$PlatformClassLoader                            : 108K

Classes loaded by more than one classloader:
Class org.gradle.cli.AbstractPropertiesCommandLineConverter                           : loaded 2 times (x 79B)
Class org.gradle.cli.CommandLineParser                                                : loaded 2 times (x 75B)
Class org.gradle.internal.service.UnknownServiceException                             : loaded 2 times (x 79B)
Class org.gradle.cli.SystemPropertiesCommandLineConverter                             : loaded 2 times (x 79B)
Class org.gradle.cli.CommandLineArgumentException                                     : loaded 2 times (x 78B)
Class org.gradle.cli.CommandLineParser$KnownOptionParserState                         : loaded 2 times (x 72B)
Class org.gradle.internal.InternalTransformer                                         : loaded 2 times (x 66B)
Class org.gradle.internal.classpath.DefaultClassPath$ImmutableUniqueList              : loaded 2 times (x 195B)
Class org.gradle.cli.CommandLineParser$OptionAwareParserState                         : loaded 2 times (x 73B)
Class org.gradle.cli.ParsedCommandLine                                                : loaded 2 times (x 76B)
Class org.gradle.internal.classpath.ClassPath                                         : loaded 2 times (x 66B)
Class org.gradle.cli.CommandLineParser$UnknownOptionParserState                       : loaded 2 times (x 72B)
Class org.gradle.cli.ParsedCommandLineOption                                          : loaded 2 times (x 72B)
Class org.gradle.api.UncheckedIOException                                             : loaded 2 times (x 78B)
Class org.gradle.cli.CommandLineParser$AfterFirstSubCommand                           : loaded 2 times (x 73B)
Class org.gradle.api.internal.classpath.ModuleRegistry                                : loaded 2 times (x 66B)
Class org.gradle.internal.installation.GradleInstallation$1                           : loaded 2 times (x 71B)
Class org.gradle.cli.CommandLineOption                                                : loaded 2 times (x 82B)
Class org.gradle.cli.CommandLineParser$BeforeFirstSubCommand                          : loaded 2 times (x 73B)
Class org.gradle.internal.service.ServiceLookupException                              : loaded 2 times (x 78B)
Class org.gradle.cli.CommandLineParser$OptionParserState                              : loaded 2 times (x 71B)
Class org.gradle.internal.classloader.ClasspathUtil                                   : loaded 2 times (x 67B)
Class org.gradle.api.specs.Spec                                                       : loaded 2 times (x 66B)
Class org.gradle.internal.classpath.DefaultClassPath                                  : loaded 2 times (x 86B)
Class org.gradle.internal.Cast                                                        : loaded 2 times (x 67B)
Class org.gradle.api.Action                                                           : loaded 2 times (x 66B)
Class org.gradle.cli.AbstractCommandLineConverter                                     : loaded 2 times (x 75B)
Class org.gradle.api.GradleException                                                  : loaded 2 times (x 78B)
Class org.gradle.internal.IoActions                                                   : loaded 2 times (x 67B)
Class org.gradle.cli.CommandLineConverter                                             : loaded 2 times (x 66B)
Class org.gradle.cli.CommandLineParser$MissingOptionArgState                          : loaded 2 times (x 73B)
Class org.gradle.cli.CommandLineParser$ParserState                                    : loaded 2 times (x 72B)
Class org.gradle.cli.CommandLineParser$OptionString                                   : loaded 2 times (x 69B)
Class org.gradle.internal.installation.CurrentGradleInstallationLocator               : loaded 2 times (x 67B)
Class org.gradle.internal.installation.CurrentGradleInstallation                      : loaded 2 times (x 69B)
Class org.gradle.util.internal.GUtil                                                  : loaded 2 times (x 67B)
Class org.gradle.cli.CommandLineParser$AfterOptions                                   : loaded 2 times (x 73B)
Class org.gradle.internal.installation.GradleInstallation                             : loaded 2 times (x 71B)

---------------  S Y S T E M  ---------------

OS:
 Windows 11 , 64 bit Build 22621 (10.0.22621.3527)
OS uptime: 0 days 1:47 hours
Hyper-V role detected

CPU: total 4 (initial active 4) (2 cores per cpu, 2 threads per core) family 6 model 126 stepping 5 microcode 0x86, cx8, cmov, fxsr, ht, mmx, 3dnowpref, sse, sse2, sse3, ssse3, sse4.1, sse4.2, popcnt, lzcnt, tsc, tscinvbit, avx, avx2, aes, erms, clmul, bmi1, bmi2, adx, avx512f, avx512dq, avx512cd, avx512bw, avx512vl, sha, fma, vzeroupper, avx512_vpopcntdq, avx512_vpclmulqdq, avx512_vaes, avx512_vnni, clflush, clflushopt, avx512_vbmi2, avx512_vbmi, hv, rdtscp, rdpid, fsrm, gfni, avx512_bitalg, f16c, avx512_ifma
Processor Information for all 4 processors :
  Max Mhz: 1190, Current Mhz: 1190, Mhz Limit: 1190

Memory: 4k page, system-wide physical 12065M (1081M free)
TotalPageFile size 20257M (AvailPageFile size 621M)
current process WorkingSet (physical memory assigned to process): 99M, peak: 100M
current process commit charge ("private bytes"): 287M, peak: 289M

vm_info: OpenJDK 64-Bit Server VM (21.0.4+-12508038-b607.1) for windows-amd64 JRE (21.0.4+-12508038-b607.1), built on 2024-10-16T17:23:34Z by "builder" with MS VC++ 16.10 / 16.11 (VS2019)

END.
