#
# There is insufficient memory for the Java Runtime Environment to continue.
# Native memory allocation (mmap) failed to map 199229440 bytes. Error detail: G1 virtual space
# Possible reasons:
#   The system is out of physical RAM or swap space
#   This process is running with CompressedOops enabled, and the Java Heap may be blocking the growth of the native heap
# Possible solutions:
#   Reduce memory load on the system
#   Increase physical memory or swap space
#   Check if swap backing store is full
#   Decrease Java heap size (-Xmx/-Xms)
#   Decrease number of Java threads
#   Decrease Java thread stack sizes (-Xss)
#   Set larger code cache with -XX:ReservedCodeCacheSize=
#   JVM is running with Zero Based Compressed Oops mode in which the Java heap is
#     placed in the first 32GB address space. The Java Heap base address is the
#     maximum limit for the native heap growth. Please use -XX:HeapBaseMinAddress
#     to set the Java Heap base and to place the Java Heap above 32GB virtual address.
# This output file may be truncated or incomplete.
#
#  Out of Memory Error (os_windows.cpp:3828), pid=6476, tid=8028
#
# JRE version:  (21.0.4) (build )
# Java VM: OpenJDK 64-Bit Server VM (21.0.4+-12508038-b607.1, mixed mode, sharing, tiered, compressed oops, compressed class ptrs, g1 gc, windows-amd64)
# No core dump will be written. Minidumps are not enabled by default on client versions of Windows
#

---------------  S U M M A R Y ------------

Command Line: -Dorg.gradle.appname=gradlew org.gradle.wrapper.GradleWrapperMain -q -Ptarget-platform=android-x64 -Ptarget=C:\Users\Usuario\mi_red_y_mi_ruta\lib\main.dart -Pbase-application-name=android.app.Application -Pdart-obfuscation=false -Ptrack-widget-creation=true -Ptree-shake-icons=false -Pfilesystem-scheme=org-dartlang-root assembleDebug

Host: Intel(R) Core(TM) i3-1005G1 CPU @ 1.20GHz, 4 cores, 11G,  Windows 11 , 64 bit Build 22621 (10.0.22621.3527)
Time: Tue Apr 22 15:21:14 2025 Hora estándar, América Central elapsed time: 0.014600 seconds (0d 0h 0m 0s)

---------------  T H R E A D  ---------------

Current thread (0x0000018f6ec81de0):  JavaThread "Unknown thread" [_thread_in_vm, id=8028, stack(0x0000002dfd500000,0x0000002dfd600000) (1024K)]

Stack: [0x0000002dfd500000,0x0000002dfd600000]
Native frames: (J=compiled Java code, j=interpreted, Vv=VM code, C=native code)
V  [jvm.dll+0x6ce539]
V  [jvm.dll+0x85bf03]
V  [jvm.dll+0x85e45e]
V  [jvm.dll+0x85eb43]
V  [jvm.dll+0x27dd06]
V  [jvm.dll+0x6cada5]
V  [jvm.dll+0x6bf27a]
V  [jvm.dll+0x3541fb]
V  [jvm.dll+0x35be36]
V  [jvm.dll+0x3adbc6]
V  [jvm.dll+0x3ade98]
V  [jvm.dll+0x32691c]
V  [jvm.dll+0x32760b]
V  [jvm.dll+0x823959]
V  [jvm.dll+0x3bacf8]
V  [jvm.dll+0x80cd58]
V  [jvm.dll+0x44ef2e]
V  [jvm.dll+0x450691]
C  [jli.dll+0x52ab]
C  [ucrtbase.dll+0x29333]
C  [KERNEL32.DLL+0x1257d]
C  [ntdll.dll+0x5aa48]


---------------  P R O C E S S  ---------------

Threads class SMR info:
_java_thread_list=0x00007ff94ebaa808, length=0, elements={
}

Java Threads: ( => current thread )
Total: 0

Other Threads:
  0x0000018f70e9e230 WorkerThread "GC Thread#0"                     [id=10412, stack(0x0000002dfd600000,0x0000002dfd700000) (1024K)]
  0x0000018f70eaaea0 ConcurrentGCThread "G1 Main Marker"            [id=17692, stack(0x0000002dfd700000,0x0000002dfd800000) (1024K)]
  0x0000018f70eabb10 WorkerThread "G1 Conc#0"                       [id=14452, stack(0x0000002dfd800000,0x0000002dfd900000) (1024K)]

[error occurred during error reporting (printing all threads), id 0xc0000005, EXCEPTION_ACCESS_VIOLATION (0xc0000005) at pc=0x00007ff94e3a9957]
VM state: not at safepoint (not fully initialized)

VM Mutex/Monitor currently owned by a thread:  ([mutex/lock_event])
[0x00007ff94ec173f8] Heap_lock - owner thread: 0x0000018f6ec81de0

Heap address: 0x0000000743600000, size: 3018 MB, Compressed Oops mode: Zero based, Oop shift amount: 3

CDS archive(s) mapped at: [0x0000000000000000-0x0000000000000000-0x0000000000000000), size 0, SharedBaseAddress: 0x0000000800000000, ArchiveRelocationMode: 1.
Narrow klass base: 0x0000000000000000, Narrow klass shift: 0, Narrow klass range: 0x0

GC Precious Log:
 CardTable entry size: 512
 Card Set container configuration: InlinePtr #cards 4 size 8 Array Of Cards #cards 16 size 48 Howl #buckets 8 coarsen threshold 3686 Howl Bitmap #cards 512 size 80 coarsen threshold 460 Card regions per heap region 1 cards per card region 4096

Heap:
 garbage-first heap   total 0K, used 0K [0x0000000743600000, 0x0000000800000000)
  region size 2048K, 0 young (0K), 0 survivors (0K)
 Metaspace       used 0K, committed 0K, reserved 0K
  class space    used 0K, committed 0K, reserved 0K

Heap Regions: E=young(eden), S=young(survivor), O=old, HS=humongous(starts), HC=humongous(continues), CS=collection set, F=free, TAMS=top-at-mark-start, PB=parsable bottom

Card table byte_map: [0x0000018f74580000,0x0000018f74b70000] _byte_map_base: 0x0000018f70b65000

Marking Bits: (CMBitMap*) 0x0000018f70e9e930
 Bits: [0x0000018f74b70000, 0x0000018f77a98000)

GC Heap History (0 events):
No events

Dll operation events (1 events):
Event: 0.009 Loaded shared library C:\Program Files\Android\Android Studio\jbr\bin\java.dll

Deoptimization events (0 events):
No events

Classes loaded (0 events):
No events

Classes unloaded (0 events):
No events

Classes redefined (0 events):
No events

Internal exceptions (0 events):
No events

ZGC Phase Switch (0 events):
No events

VM Operations (0 events):
No events

Memory protections (0 events):
No events

Nmethod flushes (0 events):
No events

Events (0 events):
No events


Dynamic libraries:
0x00007ff7cd200000 - 0x00007ff7cd20a000 	C:\Program Files\Android\Android Studio\jbr\bin\java.exe
0x00007ff9b43b0000 - 0x00007ff9b45c7000 	C:\Windows\SYSTEM32\ntdll.dll
0x00007ff9b2a90000 - 0x00007ff9b2b54000 	C:\Windows\System32\KERNEL32.DLL
0x00007ff9b1910000 - 0x00007ff9b1cb7000 	C:\Windows\System32\KERNELBASE.dll
0x00007ff9b1d30000 - 0x00007ff9b1e41000 	C:\Windows\System32\ucrtbase.dll
0x00007ff97b880000 - 0x00007ff97b89b000 	C:\Program Files\Android\Android Studio\jbr\bin\VCRUNTIME140.dll
0x00007ff99f730000 - 0x00007ff99f748000 	C:\Program Files\Android\Android Studio\jbr\bin\jli.dll
0x00007ff9b20e0000 - 0x00007ff9b228e000 	C:\Windows\System32\USER32.dll
0x00007ff9b18e0000 - 0x00007ff9b1906000 	C:\Windows\System32\win32u.dll
0x00007ff98e090000 - 0x00007ff98e323000 	C:\Windows\WinSxS\amd64_microsoft.windows.common-controls_6595b64144ccf1df_6.0.22621.3527_none_270e469b73872a76\COMCTL32.dll
0x00007ff9b4340000 - 0x00007ff9b4369000 	C:\Windows\System32\GDI32.dll
0x00007ff9b1e50000 - 0x00007ff9b1f69000 	C:\Windows\System32\gdi32full.dll
0x00007ff9b4290000 - 0x00007ff9b4337000 	C:\Windows\System32\msvcrt.dll
0x00007ff9b16d0000 - 0x00007ff9b176a000 	C:\Windows\System32\msvcp_win.dll
0x00007ff9b3720000 - 0x00007ff9b3751000 	C:\Windows\System32\IMM32.DLL
0x00007ff98b040000 - 0x00007ff98b04c000 	C:\Program Files\Android\Android Studio\jbr\bin\vcruntime140_1.dll
0x00007ff972930000 - 0x00007ff9729bd000 	C:\Program Files\Android\Android Studio\jbr\bin\msvcp140.dll
0x00007ff94e070000 - 0x00007ff94ecf3000 	C:\Program Files\Android\Android Studio\jbr\bin\server\jvm.dll
0x00007ff9b2630000 - 0x00007ff9b26e2000 	C:\Windows\System32\ADVAPI32.dll
0x00007ff9b3670000 - 0x00007ff9b3718000 	C:\Windows\System32\sechost.dll
0x00007ff9b1770000 - 0x00007ff9b1798000 	C:\Windows\System32\bcrypt.dll
0x00007ff9b4110000 - 0x00007ff9b4225000 	C:\Windows\System32\RPCRT4.dll
0x00007ff9b3a50000 - 0x00007ff9b3ac1000 	C:\Windows\System32\WS2_32.dll
0x00007ff9a9030000 - 0x00007ff9a903a000 	C:\Windows\SYSTEM32\VERSION.dll
0x00007ff9a9870000 - 0x00007ff9a98a4000 	C:\Windows\SYSTEM32\WINMM.dll
0x00007ff9b1590000 - 0x00007ff9b15dd000 	C:\Windows\SYSTEM32\POWRPROF.dll
0x00007ff9b1570000 - 0x00007ff9b1583000 	C:\Windows\SYSTEM32\UMPDC.dll
0x00007ff9b06b0000 - 0x00007ff9b06c8000 	C:\Windows\SYSTEM32\kernel.appcore.dll
0x00007ff98a270000 - 0x00007ff98a27a000 	C:\Program Files\Android\Android Studio\jbr\bin\jimage.dll
0x00007ff9aee70000 - 0x00007ff9af0a3000 	C:\Windows\SYSTEM32\DBGHELP.DLL
0x00007ff9b2290000 - 0x00007ff9b2618000 	C:\Windows\System32\combase.dll
0x00007ff9b2920000 - 0x00007ff9b29f7000 	C:\Windows\System32\OLEAUT32.dll
0x00007ff99f550000 - 0x00007ff99f582000 	C:\Windows\SYSTEM32\dbgcore.DLL
0x00007ff9b1860000 - 0x00007ff9b18d9000 	C:\Windows\System32\bcryptPrimitives.dll
0x00007ff978c50000 - 0x00007ff978c70000 	C:\Program Files\Android\Android Studio\jbr\bin\java.dll

dbghelp: loaded successfully - version: 4.0.5 - missing functions: none
symbol engine: initialized successfully - sym options: 0x614 - pdb path: .;C:\Program Files\Android\Android Studio\jbr\bin;C:\Windows\SYSTEM32;C:\Windows\WinSxS\amd64_microsoft.windows.common-controls_6595b64144ccf1df_6.0.22621.3527_none_270e469b73872a76;C:\Program Files\Android\Android Studio\jbr\bin\server

VM Arguments:
jvm_args: -Dorg.gradle.appname=gradlew 
java_command: org.gradle.wrapper.GradleWrapperMain -q -Ptarget-platform=android-x64 -Ptarget=C:\Users\Usuario\mi_red_y_mi_ruta\lib\main.dart -Pbase-application-name=android.app.Application -Pdart-obfuscation=false -Ptrack-widget-creation=true -Ptree-shake-icons=false -Pfilesystem-scheme=org-dartlang-root assembleDebug
java_class_path (initial): C:\Users\Usuario\mi_red_y_mi_ruta\android\\gradle\wrapper\gradle-wrapper.jar
Launcher Type: SUN_STANDARD

[Global flags]
     intx CICompilerCount                          = 3                                         {product} {ergonomic}
     uint ConcGCThreads                            = 1                                         {product} {ergonomic}
     uint G1ConcRefinementThreads                  = 4                                         {product} {ergonomic}
   size_t G1HeapRegionSize                         = 2097152                                   {product} {ergonomic}
    uintx GCDrainStackTargetSize                   = 64                                        {product} {ergonomic}
   size_t InitialHeapSize                          = 199229440                                 {product} {ergonomic}
   size_t MarkStackSize                            = 4194304                                   {product} {ergonomic}
   size_t MaxHeapSize                              = 3164602368                                {product} {ergonomic}
   size_t MinHeapDeltaBytes                        = 2097152                                   {product} {ergonomic}
   size_t MinHeapSize                              = 8388608                                   {product} {ergonomic}
    uintx NonNMethodCodeHeapSize                   = 5832780                                {pd product} {ergonomic}
    uintx NonProfiledCodeHeapSize                  = 122912730                              {pd product} {ergonomic}
    uintx ProfiledCodeHeapSize                     = 122912730                              {pd product} {ergonomic}
    uintx ReservedCodeCacheSize                    = 251658240                              {pd product} {ergonomic}
     bool SegmentedCodeCache                       = true                                      {product} {ergonomic}
   size_t SoftMaxHeapSize                          = 3164602368                             {manageable} {ergonomic}
     bool UseCompressedOops                        = true                           {product lp64_product} {ergonomic}
     bool UseG1GC                                  = true                                      {product} {ergonomic}
     bool UseLargePagesIndividualAllocation        = false                                  {pd product} {ergonomic}

Logging:
Log output configuration:
 #0: stdout all=warning uptime,level,tags foldmultilines=false
 #1: stderr all=off uptime,level,tags foldmultilines=false

Environment Variables:
JAVA_HOME=C:\Program Files\Android\Android Studio\jbr
CLASSPATH=C:\Users\Usuario\mi_red_y_mi_ruta\android\\gradle\wrapper\gradle-wrapper.jar
PATH=C:\Program Files\Android\Android Studio\jbr\bin;C:\Users\Usuario\dev\flutter\bin\;C:\Program Files\Common Files\Oracle\Java\javapath;C:\app\Usuario\product\21c\dbhomeXE\bin;C:\Program Files (x86)\Common Files\Oracle\Java\javapath;C:\Windows\system32;C:\Windows;C:\Windows\System32\Wbem;C:\Windows\System32\WindowsPowerShell\v1.0\;C:\Windows\System32\OpenSSH\;C:\Program Files\nodejs\;C:\Users\Usuario\AppData\Roaming\Microsoft\Windows\Start Menu\Programs\Python 3.12;C:\Program Files (x86)\IVI Foundation\VISA\WinNT\Bin;C:\Program Files\Android\Android Studio\jbr\bin;C:\Users\Usuario\dev\flutter\bin;C:\Users\Usuario\AppData\Local\Programs\Python\Python312\Scripts\;C:\Users\Usuario\AppData\Local\Programs\Python\Python312\;C:\Users\Usuario\AppData\Local\Microsoft\WindowsApps;C:\app\Usuario\product\21c\dbhomeXE\network\admin;C:\Users\Usuario\AppData\Local\Programs\Microsoft VS Code\bin;C:\Users\Usuario\AppData\Roaming\npm;;C:\Users\Usuario\dev\flutter\bin\mingit\cmd
USERNAME=Usuario
LANG=en_US.UTF-8
OS=Windows_NT
PROCESSOR_IDENTIFIER=Intel64 Family 6 Model 126 Stepping 5, GenuineIntel
TMP=C:\Users\Usuario\AppData\Local\Temp
TEMP=C:\Users\Usuario\AppData\Local\Temp




Periodic native trim disabled

JNI global refs:
JNI global refs: 0, weak refs: 0

JNI global refs memory usage: 0, weak refs: 0

Process memory usage:
Resident Set Size: 11472K (0% of 12355256K total physical memory with 479700K free physical memory)

OOME stack traces (most recent first):
Classloader memory used:

---------------  S Y S T E M  ---------------

OS:
 Windows 11 , 64 bit Build 22621 (10.0.22621.3527)
OS uptime: 0 days 14:06 hours
Hyper-V role detected

CPU: total 4 (initial active 4) (2 cores per cpu, 2 threads per core) family 6 model 126 stepping 5 microcode 0x86, cx8, cmov, fxsr, ht, mmx, 3dnowpref, sse, sse2, sse3, ssse3, sse4.1, sse4.2, popcnt, lzcnt, tsc, tscinvbit, avx, avx2, aes, erms, clmul, bmi1, bmi2, adx, avx512f, avx512dq, avx512cd, avx512bw, avx512vl, sha, fma, vzeroupper, avx512_vpopcntdq, avx512_vpclmulqdq, avx512_vaes, avx512_vnni, clflush, clflushopt, avx512_vbmi2, avx512_vbmi, hv, rdtscp, rdpid, fsrm, gfni, avx512_bitalg, f16c, avx512_ifma
Processor Information for processor 0
  Max Mhz: 1190, Current Mhz: 1190, Mhz Limit: 1190
Processor Information for processor 1
  Max Mhz: 1190, Current Mhz: 1190, Mhz Limit: 1190
Processor Information for processor 2
  Max Mhz: 1190, Current Mhz: 1190, Mhz Limit: 1190
Processor Information for processor 3
  Max Mhz: 1190, Current Mhz: 991, Mhz Limit: 1190

Memory: 4k page, system-wide physical 12065M (468M free)
TotalPageFile size 20257M (AvailPageFile size 45M)
current process WorkingSet (physical memory assigned to process): 11M, peak: 11M
current process commit charge ("private bytes"): 51M, peak: 241M

vm_info: OpenJDK 64-Bit Server VM (21.0.4+-12508038-b607.1) for windows-amd64 JRE (21.0.4+-12508038-b607.1), built on 2024-10-16T17:23:34Z by "builder" with MS VC++ 16.10 / 16.11 (VS2019)

END.
