#
# There is insufficient memory for the Java Runtime Environment to continue.
# Native memory allocation (malloc) failed to allocate 32744 bytes. Error detail: Chunk::new
# Possible reasons:
#   The system is out of physical RAM or swap space
#   This process is running with CompressedOops enabled, and the Java Heap may be blocking the growth of the native heap
# Possible solutions:
#   Reduce memory load on the system
#   Increase physical memory or swap space
#   Check if swap backing store is full
#   Decrease Java heap size (-Xmx/-Xms)
#   Decrease number of Java threads
#   Decrease Java thread stack sizes (-Xss)
#   Set larger code cache with -XX:ReservedCodeCacheSize=
#   JVM is running with Unscaled Compressed Oops mode in which the Java heap is
#     placed in the first 4GB address space. The Java Heap base address is the
#     maximum limit for the native heap growth. Please use -XX:HeapBaseMinAddress
#     to set the Java Heap base and to place the Java Heap above 4GB virtual address.
# This output file may be truncated or incomplete.
#
#  Out of Memory Error (arena.cpp:168), pid=4012, tid=13844
#
# JRE version: OpenJDK Runtime Environment (21.0.4) (build 21.0.4+-12508038-b607.1)
# Java VM: OpenJDK 64-Bit Server VM (21.0.4+-12508038-b607.1, mixed mode, tiered, compressed oops, compressed class ptrs, g1 gc, windows-amd64)
# No core dump will be written. Minidumps are not enabled by default on client versions of Windows
#

---------------  S U M M A R Y ------------

Command Line: --add-opens=java.base/java.util=ALL-UNNAMED --add-opens=java.base/java.lang=ALL-UNNAMED --add-opens=java.base/java.lang.invoke=ALL-UNNAMED --add-opens=java.prefs/java.util.prefs=ALL-UNNAMED --add-exports=jdk.compiler/com.sun.tools.javac.api=ALL-UNNAMED --add-exports=jdk.compiler/com.sun.tools.javac.util=ALL-UNNAMED --add-opens=java.base/java.nio.charset=ALL-UNNAMED --add-opens=java.base/java.net=ALL-UNNAMED --add-opens=java.base/java.util.concurrent.atomic=ALL-UNNAMED -Xmx2048m -Dfile.encoding=UTF-8 -Duser.country=CR -Duser.language=es -Duser.variant -javaagent:C:\Users\Usuario\.gradle\wrapper\dists\gradle-8.10.2-all\7iv73wktx1xtkvlq19urqw1wm\gradle-8.10.2\lib\agents\gradle-instrumentation-agent-8.10.2.jar org.gradle.launcher.daemon.bootstrap.GradleDaemon 8.10.2

Host: Intel(R) Core(TM) i3-1005G1 CPU @ 1.20GHz, 4 cores, 11G,  Windows 11 , 64 bit Build 22621 (10.0.22621.3527)
Time: Tue Apr 22 15:48:48 2025 Hora estándar, América Central elapsed time: 20.429036 seconds (0d 0h 0m 20s)

---------------  T H R E A D  ---------------

Current thread (0x00000158fc0e5a00):  JavaThread "C2 CompilerThread0" daemon [_thread_in_native, id=13844, stack(0x0000000f4a700000,0x0000000f4a800000) (1024K)]


Current CompileTask:
C2:  20429 8031       4       org.gradle.internal.instantiation.generator.AbstractClassGenerator::inspectType (560 bytes)

Stack: [0x0000000f4a700000,0x0000000f4a800000]
Native frames: (J=compiled Java code, j=interpreted, Vv=VM code, C=native code)
V  [jvm.dll+0x6ce539]
V  [jvm.dll+0x85bf03]
V  [jvm.dll+0x85e45e]
V  [jvm.dll+0x85eb43]
V  [jvm.dll+0x27dd06]
V  [jvm.dll+0xbf9cd]
V  [jvm.dll+0xbff03]
V  [jvm.dll+0x3ba90c]
V  [jvm.dll+0x3b9ee1]
V  [jvm.dll+0x3b9f24]
V  [jvm.dll+0x5d9356]
V  [jvm.dll+0x5d9b02]
V  [jvm.dll+0x380f36]
V  [jvm.dll+0x38037a]
V  [jvm.dll+0x2473f2]
V  [jvm.dll+0x2469c1]
V  [jvm.dll+0x1c58a4]
V  [jvm.dll+0x255fec]
V  [jvm.dll+0x254536]
V  [jvm.dll+0x3efab6]
V  [jvm.dll+0x804418]
V  [jvm.dll+0x6cce0d]
C  [ucrtbase.dll+0x29333]
C  [KERNEL32.DLL+0x1257d]
C  [ntdll.dll+0x5aa48]


---------------  P R O C E S S  ---------------

Threads class SMR info:
_java_thread_list=0x00000158fc771ca0, length=44, elements={
0x00000158dec95e00, 0x00000158fc0bf930, 0x00000158fc0c0850, 0x00000158fc0c53d0,
0x00000158fc0c5f20, 0x00000158fc0d6ae0, 0x00000158fc0d8550, 0x00000158fc0e5a00,
0x00000158fc0e99a0, 0x00000158fc238d20, 0x00000158fc450040, 0x00000158fdd1e2f0,
0x00000158fdb7e610, 0x00000158fddce170, 0x00000158fe0486b0, 0x00000158fdd3cbd0,
0x00000158fdd3dfe0, 0x00000158fdd811f0, 0x00000158fde86530, 0x00000158fde85ea0,
0x00000158fde86bc0, 0x00000158fde85180, 0x00000158fde87250, 0x00000158fde878e0,
0x00000158fde84af0, 0x00000158fde85810, 0x00000158fe6dd810, 0x00000158fe6e0c90,
0x00000158fe6df250, 0x00000158fe6e2d60, 0x00000158fe6e26d0, 0x00000158fe6df8e0,
0x00000158fe6dcaf0, 0x00000158fe6e19b0, 0x00000158fe6dd180, 0x00000158fe6ddea0,
0x00000158fe6e2040, 0x00000158fe6debc0, 0x00000158fe6e3a80, 0x00000158fe6e33f0,
0x000001588002d8c0, 0x000001588002c510, 0x000001588002df50, 0x00000158800313d0
}

Java Threads: ( => current thread )
  0x00000158dec95e00 JavaThread "main"                              [_thread_blocked, id=6296, stack(0x0000000f49900000,0x0000000f49a00000) (1024K)]
  0x00000158fc0bf930 JavaThread "Reference Handler"          daemon [_thread_blocked, id=5636, stack(0x0000000f4a100000,0x0000000f4a200000) (1024K)]
  0x00000158fc0c0850 JavaThread "Finalizer"                  daemon [_thread_blocked, id=14704, stack(0x0000000f4a200000,0x0000000f4a300000) (1024K)]
  0x00000158fc0c53d0 JavaThread "Signal Dispatcher"          daemon [_thread_blocked, id=10860, stack(0x0000000f4a300000,0x0000000f4a400000) (1024K)]
  0x00000158fc0c5f20 JavaThread "Attach Listener"            daemon [_thread_blocked, id=17480, stack(0x0000000f4a400000,0x0000000f4a500000) (1024K)]
  0x00000158fc0d6ae0 JavaThread "Service Thread"             daemon [_thread_blocked, id=13744, stack(0x0000000f4a500000,0x0000000f4a600000) (1024K)]
  0x00000158fc0d8550 JavaThread "Monitor Deflation Thread"   daemon [_thread_blocked, id=12184, stack(0x0000000f4a600000,0x0000000f4a700000) (1024K)]
=>0x00000158fc0e5a00 JavaThread "C2 CompilerThread0"         daemon [_thread_in_native, id=13844, stack(0x0000000f4a700000,0x0000000f4a800000) (1024K)]
  0x00000158fc0e99a0 JavaThread "C1 CompilerThread0"         daemon [_thread_blocked, id=14412, stack(0x0000000f4a800000,0x0000000f4a900000) (1024K)]
  0x00000158fc238d20 JavaThread "Common-Cleaner"             daemon [_thread_blocked, id=1192, stack(0x0000000f4a900000,0x0000000f4aa00000) (1024K)]
  0x00000158fc450040 JavaThread "Notification Thread"        daemon [_thread_blocked, id=15776, stack(0x0000000f4aa00000,0x0000000f4ab00000) (1024K)]
  0x00000158fdd1e2f0 JavaThread "Daemon health stats"               [_thread_blocked, id=1244, stack(0x0000000f4ae00000,0x0000000f4af00000) (1024K)]
  0x00000158fdb7e610 JavaThread "Incoming local TCP Connector on port 49956"        [_thread_in_native, id=3936, stack(0x0000000f4af00000,0x0000000f4b000000) (1024K)]
  0x00000158fddce170 JavaThread "Daemon periodic checks"            [_thread_blocked, id=16364, stack(0x0000000f4b000000,0x0000000f4b100000) (1024K)]
  0x00000158fe0486b0 JavaThread "Daemon"                            [_thread_blocked, id=17688, stack(0x0000000f4b100000,0x0000000f4b200000) (1024K)]
  0x00000158fdd3cbd0 JavaThread "Handler for socket connection from /127.0.0.1:49956 to /127.0.0.1:49957"        [_thread_in_native, id=9980, stack(0x0000000f4b200000,0x0000000f4b300000) (1024K)]
  0x00000158fdd3dfe0 JavaThread "Cancel handler"                    [_thread_blocked, id=3596, stack(0x0000000f4b300000,0x0000000f4b400000) (1024K)]
  0x00000158fdd811f0 JavaThread "Daemon worker"                     [_thread_in_vm, id=12836, stack(0x0000000f4b400000,0x0000000f4b500000) (1024K)]
  0x00000158fde86530 JavaThread "Asynchronous log dispatcher for DefaultDaemonConnection: socket connection from /127.0.0.1:49956 to /127.0.0.1:49957"        [_thread_blocked, id=13060, stack(0x0000000f4b500000,0x0000000f4b600000) (1024K)]
  0x00000158fde85ea0 JavaThread "Stdin handler"                     [_thread_blocked, id=15096, stack(0x0000000f4b600000,0x0000000f4b700000) (1024K)]
  0x00000158fde86bc0 JavaThread "Daemon client event forwarder"        [_thread_blocked, id=8312, stack(0x0000000f4b700000,0x0000000f4b800000) (1024K)]
  0x00000158fde85180 JavaThread "Cache worker for journal cache (C:\Users\Usuario\.gradle\caches\journal-1)"        [_thread_blocked, id=6924, stack(0x0000000f4b800000,0x0000000f4b900000) (1024K)]
  0x00000158fde87250 JavaThread "File lock request listener"        [_thread_in_native, id=9336, stack(0x0000000f4b900000,0x0000000f4ba00000) (1024K)]
  0x00000158fde878e0 JavaThread "Cache worker for file hash cache (C:\Users\Usuario\.gradle\caches\8.10.2\fileHashes)"        [_thread_blocked, id=10820, stack(0x0000000f4ba00000,0x0000000f4bb00000) (1024K)]
  0x00000158fde84af0 JavaThread "Cache worker for file hash cache (C:\Users\Usuario\mi_red_y_mi_ruta\android\.gradle\8.10.2\fileHashes)"        [_thread_blocked, id=12156, stack(0x0000000f4bc00000,0x0000000f4bd00000) (1024K)]
  0x00000158fde85810 JavaThread "Cache worker for Build Output Cleanup Cache (C:\Users\Usuario\mi_red_y_mi_ruta\android\.gradle\buildOutputCleanup)"        [_thread_blocked, id=1752, stack(0x0000000f4bd00000,0x0000000f4be00000) (1024K)]
  0x00000158fe6dd810 JavaThread "File watcher server"        daemon [_thread_in_native, id=17372, stack(0x0000000f4bb00000,0x0000000f4bc00000) (1024K)]
  0x00000158fe6e0c90 JavaThread "File watcher consumer"      daemon [_thread_blocked, id=8592, stack(0x0000000f4be00000,0x0000000f4bf00000) (1024K)]
  0x00000158fe6df250 JavaThread "Cache worker for checksums cache (C:\Users\Usuario\mi_red_y_mi_ruta\android\.gradle\8.10.2\checksums)"        [_thread_blocked, id=15064, stack(0x0000000f4bf00000,0x0000000f4c000000) (1024K)]
  0x00000158fe6e2d60 JavaThread "Cache worker for file content cache (C:\Users\Usuario\.gradle\caches\8.10.2\fileContent)"        [_thread_blocked, id=2636, stack(0x0000000f4c000000,0x0000000f4c100000) (1024K)]
  0x00000158fe6e26d0 JavaThread "Cache worker for cache directory md-rule (C:\Users\Usuario\.gradle\caches\8.10.2\md-rule)"        [_thread_blocked, id=13360, stack(0x0000000f4c100000,0x0000000f4c200000) (1024K)]
  0x00000158fe6df8e0 JavaThread "Cache worker for cache directory md-supplier (C:\Users\Usuario\.gradle\caches\8.10.2\md-supplier)"        [_thread_blocked, id=8828, stack(0x0000000f4c200000,0x0000000f4c300000) (1024K)]
  0x00000158fe6dcaf0 JavaThread "Cache worker for Build Output Cleanup Cache (C:\Users\Usuario\dev\flutter\packages\flutter_tools\gradle\.gradle\buildOutputCleanup)"        [_thread_blocked, id=16072, stack(0x0000000f4c300000,0x0000000f4c400000) (1024K)]
  0x00000158fe6e19b0 JavaThread "Unconstrained build operations"        [_thread_blocked, id=16436, stack(0x0000000f4c500000,0x0000000f4c600000) (1024K)]
  0x00000158fe6dd180 JavaThread "Unconstrained build operations Thread 2"        [_thread_blocked, id=7304, stack(0x0000000f4c600000,0x0000000f4c700000) (1024K)]
  0x00000158fe6ddea0 JavaThread "Unconstrained build operations Thread 3"        [_thread_blocked, id=12488, stack(0x0000000f4c700000,0x0000000f4c800000) (1024K)]
  0x00000158fe6e2040 JavaThread "Unconstrained build operations Thread 4"        [_thread_blocked, id=9780, stack(0x0000000f4c800000,0x0000000f4c900000) (1024K)]
  0x00000158fe6debc0 JavaThread "Unconstrained build operations Thread 5"        [_thread_blocked, id=13008, stack(0x0000000f4c900000,0x0000000f4ca00000) (1024K)]
  0x00000158fe6e3a80 JavaThread "Unconstrained build operations Thread 6"        [_thread_blocked, id=12920, stack(0x0000000f4ca00000,0x0000000f4cb00000) (1024K)]
  0x00000158fe6e33f0 JavaThread "Unconstrained build operations Thread 7"        [_thread_blocked, id=17304, stack(0x0000000f4cb00000,0x0000000f4cc00000) (1024K)]
  0x000001588002d8c0 JavaThread "Unconstrained build operations Thread 8"        [_thread_blocked, id=17080, stack(0x0000000f4cc00000,0x0000000f4cd00000) (1024K)]
  0x000001588002c510 JavaThread "Unconstrained build operations Thread 9"        [_thread_blocked, id=8068, stack(0x0000000f4cd00000,0x0000000f4ce00000) (1024K)]
  0x000001588002df50 JavaThread "Memory manager"                    [_thread_blocked, id=1708, stack(0x0000000f4ce00000,0x0000000f4cf00000) (1024K)]
  0x00000158800313d0 JavaThread "build event listener"              [_thread_blocked, id=9620, stack(0x0000000f4c400000,0x0000000f4c500000) (1024K)]
Total: 44

Other Threads:
  0x00000158f7bee510 VMThread "VM Thread"                           [id=16724, stack(0x0000000f4a000000,0x0000000f4a100000) (1024K)]
  0x00000158f7bc2c70 WatcherThread "VM Periodic Task Thread"        [id=3960, stack(0x0000000f49f00000,0x0000000f4a000000) (1024K)]
  0x00000158dee65c70 WorkerThread "GC Thread#0"                     [id=18340, stack(0x0000000f49a00000,0x0000000f49b00000) (1024K)]
  0x00000158fc4ac850 WorkerThread "GC Thread#1"                     [id=12628, stack(0x0000000f4ab00000,0x0000000f4ac00000) (1024K)]
  0x00000158fc4acbf0 WorkerThread "GC Thread#2"                     [id=1700, stack(0x0000000f4ac00000,0x0000000f4ad00000) (1024K)]
  0x00000158fc4acf90 WorkerThread "GC Thread#3"                     [id=13176, stack(0x0000000f4ad00000,0x0000000f4ae00000) (1024K)]
  0x00000158dee76dc0 ConcurrentGCThread "G1 Main Marker"            [id=8928, stack(0x0000000f49b00000,0x0000000f49c00000) (1024K)]
  0x00000158dee778c0 WorkerThread "G1 Conc#0"                       [id=12040, stack(0x0000000f49c00000,0x0000000f49d00000) (1024K)]
  0x00000158f7a9b500 ConcurrentGCThread "G1 Refine#0"               [id=7088, stack(0x0000000f49d00000,0x0000000f49e00000) (1024K)]
  0x00000158f7a9be80 ConcurrentGCThread "G1 Service"                [id=13332, stack(0x0000000f49e00000,0x0000000f49f00000) (1024K)]
Total: 10

Threads with active compile tasks:
C2 CompilerThread0    20468 8031       4       org.gradle.internal.instantiation.generator.AbstractClassGenerator::inspectType (560 bytes)
Total: 1

VM state: not at safepoint (normal execution)

VM Mutex/Monitor currently owned by a thread: None

Heap address: 0x0000000080000000, size: 2048 MB, Compressed Oops mode: 32-bit

CDS archive(s) not mapped
Compressed class space mapped at: 0x0000000100000000-0x0000000140000000, reserved size: 1073741824
Narrow klass base: 0x0000000000000000, Narrow klass shift: 3, Narrow klass range: 0x140000000

GC Precious Log:
 CardTable entry size: 512
 Card Set container configuration: InlinePtr #cards 5 size 8 Array Of Cards #cards 12 size 40 Howl #buckets 4 coarsen threshold 1843 Howl Bitmap #cards 512 size 80 coarsen threshold 460 Card regions per heap region 1 cards per card region 2048
 CPUs: 4 total, 4 available
 Memory: 12065M
 Large Page Support: Disabled
 NUMA Support: Disabled
 Compressed Oops: Enabled (32-bit)
 Heap Region Size: 1M
 Heap Min Capacity: 8M
 Heap Initial Capacity: 190M
 Heap Max Capacity: 2G
 Pre-touch: Disabled
 Parallel Workers: 4
 Concurrent Workers: 1
 Concurrent Refinement Workers: 4
 Periodic GC: Disabled

Heap:
 garbage-first heap   total 125952K, used 70915K [0x0000000080000000, 0x0000000100000000)
  region size 1024K, 5 young (5120K), 3 survivors (3072K)
 Metaspace       used 79292K, committed 81152K, reserved 1179648K
  class space    used 10978K, committed 11904K, reserved 1048576K

Heap Regions: E=young(eden), S=young(survivor), O=old, HS=humongous(starts), HC=humongous(continues), CS=collection set, F=free, TAMS=top-at-mark-start, PB=parsable bottom
|   0|0x0000000080000000, 0x0000000080100000, 0x0000000080100000|100%|HS|  |TAMS 0x0000000080000000| PB 0x0000000080000000| Complete 
|   1|0x0000000080100000, 0x0000000080200000, 0x0000000080200000|100%|HC|  |TAMS 0x0000000080100000| PB 0x0000000080100000| Complete 
|   2|0x0000000080200000, 0x0000000080300000, 0x0000000080300000|100%|HC|  |TAMS 0x0000000080200000| PB 0x0000000080200000| Complete 
|   3|0x0000000080300000, 0x0000000080400000, 0x0000000080400000|100%|HC|  |TAMS 0x0000000080300000| PB 0x0000000080300000| Complete 
|   4|0x0000000080400000, 0x0000000080500000, 0x0000000080500000|100%| O|  |TAMS 0x0000000080400000| PB 0x0000000080400000| Untracked 
|   5|0x0000000080500000, 0x0000000080600000, 0x0000000080600000|100%| O|  |TAMS 0x0000000080500000| PB 0x0000000080500000| Untracked 
|   6|0x0000000080600000, 0x00000000806ebc50, 0x0000000080700000| 92%| O|  |TAMS 0x0000000080600000| PB 0x0000000080600000| Untracked 
|   7|0x0000000080700000, 0x0000000080800000, 0x0000000080800000|100%|HS|  |TAMS 0x0000000080700000| PB 0x0000000080700000| Complete 
|   8|0x0000000080800000, 0x0000000080900000, 0x0000000080900000|100%| O|  |TAMS 0x0000000080800000| PB 0x0000000080800000| Untracked 
|   9|0x0000000080900000, 0x0000000080a00000, 0x0000000080a00000|100%| O|  |TAMS 0x0000000080900000| PB 0x0000000080900000| Untracked 
|  10|0x0000000080a00000, 0x0000000080b00000, 0x0000000080b00000|100%| O|  |TAMS 0x0000000080a00000| PB 0x0000000080a00000| Untracked 
|  11|0x0000000080b00000, 0x0000000080c00000, 0x0000000080c00000|100%| O|  |TAMS 0x0000000080b00000| PB 0x0000000080b00000| Untracked 
|  12|0x0000000080c00000, 0x0000000080d00000, 0x0000000080d00000|100%| O|  |TAMS 0x0000000080c00000| PB 0x0000000080c00000| Untracked 
|  13|0x0000000080d00000, 0x0000000080e00000, 0x0000000080e00000|100%| O|  |TAMS 0x0000000080d00000| PB 0x0000000080d00000| Untracked 
|  14|0x0000000080e00000, 0x0000000080f00000, 0x0000000080f00000|100%| O|  |TAMS 0x0000000080e00000| PB 0x0000000080e00000| Untracked 
|  15|0x0000000080f00000, 0x0000000081000000, 0x0000000081000000|100%| O|  |TAMS 0x0000000080f00000| PB 0x0000000080f00000| Untracked 
|  16|0x0000000081000000, 0x0000000081100000, 0x0000000081100000|100%| O|  |TAMS 0x0000000081000000| PB 0x0000000081000000| Untracked 
|  17|0x0000000081100000, 0x0000000081200000, 0x0000000081200000|100%| O|  |TAMS 0x0000000081100000| PB 0x0000000081100000| Untracked 
|  18|0x0000000081200000, 0x0000000081300000, 0x0000000081300000|100%| O|  |TAMS 0x0000000081200000| PB 0x0000000081200000| Untracked 
|  19|0x0000000081300000, 0x0000000081400000, 0x0000000081400000|100%| O|  |TAMS 0x0000000081300000| PB 0x0000000081300000| Untracked 
|  20|0x0000000081400000, 0x0000000081500000, 0x0000000081500000|100%| O|  |TAMS 0x0000000081400000| PB 0x0000000081400000| Untracked 
|  21|0x0000000081500000, 0x0000000081600000, 0x0000000081600000|100%| O|  |TAMS 0x0000000081500000| PB 0x0000000081500000| Untracked 
|  22|0x0000000081600000, 0x0000000081700000, 0x0000000081700000|100%| O|  |TAMS 0x0000000081600000| PB 0x0000000081600000| Untracked 
|  23|0x0000000081700000, 0x0000000081800000, 0x0000000081800000|100%| O|  |TAMS 0x0000000081700000| PB 0x0000000081700000| Untracked 
|  24|0x0000000081800000, 0x0000000081900000, 0x0000000081900000|100%| O|  |TAMS 0x0000000081800000| PB 0x0000000081800000| Untracked 
|  25|0x0000000081900000, 0x0000000081a00000, 0x0000000081a00000|100%| O|  |TAMS 0x0000000081900000| PB 0x0000000081900000| Untracked 
|  26|0x0000000081a00000, 0x0000000081b00000, 0x0000000081b00000|100%| O|  |TAMS 0x0000000081a00000| PB 0x0000000081a00000| Untracked 
|  27|0x0000000081b00000, 0x0000000081c00000, 0x0000000081c00000|100%| O|  |TAMS 0x0000000081b00000| PB 0x0000000081b00000| Untracked 
|  28|0x0000000081c00000, 0x0000000081d00000, 0x0000000081d00000|100%| O|  |TAMS 0x0000000081c00000| PB 0x0000000081c00000| Untracked 
|  29|0x0000000081d00000, 0x0000000081e00000, 0x0000000081e00000|100%| O|  |TAMS 0x0000000081d00000| PB 0x0000000081d00000| Untracked 
|  30|0x0000000081e00000, 0x0000000081f00000, 0x0000000081f00000|100%| O|  |TAMS 0x0000000081e00000| PB 0x0000000081e00000| Untracked 
|  31|0x0000000081f00000, 0x0000000082000000, 0x0000000082000000|100%| O|  |TAMS 0x0000000081f00000| PB 0x0000000081f00000| Untracked 
|  32|0x0000000082000000, 0x0000000082000000, 0x0000000082100000|  0%| F|  |TAMS 0x0000000082000000| PB 0x0000000082000000| Untracked 
|  33|0x0000000082100000, 0x0000000082200000, 0x0000000082200000|100%| O|  |TAMS 0x0000000082100000| PB 0x0000000082100000| Untracked 
|  34|0x0000000082200000, 0x0000000082300000, 0x0000000082300000|100%| O|  |TAMS 0x0000000082200000| PB 0x0000000082200000| Untracked 
|  35|0x0000000082300000, 0x0000000082400000, 0x0000000082400000|100%| O|  |TAMS 0x0000000082300000| PB 0x0000000082300000| Untracked 
|  36|0x0000000082400000, 0x0000000082500000, 0x0000000082500000|100%| O|  |TAMS 0x0000000082400000| PB 0x0000000082400000| Untracked 
|  37|0x0000000082500000, 0x0000000082600000, 0x0000000082600000|100%| O|  |TAMS 0x0000000082500000| PB 0x0000000082500000| Untracked 
|  38|0x0000000082600000, 0x0000000082700000, 0x0000000082700000|100%| O|  |TAMS 0x0000000082600000| PB 0x0000000082600000| Untracked 
|  39|0x0000000082700000, 0x0000000082800000, 0x0000000082800000|100%| O|  |TAMS 0x0000000082700000| PB 0x0000000082700000| Untracked 
|  40|0x0000000082800000, 0x0000000082900000, 0x0000000082900000|100%| O|  |TAMS 0x0000000082800000| PB 0x0000000082800000| Untracked 
|  41|0x0000000082900000, 0x0000000082a00000, 0x0000000082a00000|100%| O|  |TAMS 0x0000000082900000| PB 0x0000000082900000| Untracked 
|  42|0x0000000082a00000, 0x0000000082b00000, 0x0000000082b00000|100%| O|  |TAMS 0x0000000082a00000| PB 0x0000000082a00000| Untracked 
|  43|0x0000000082b00000, 0x0000000082c00000, 0x0000000082c00000|100%| O|  |TAMS 0x0000000082b00000| PB 0x0000000082b00000| Untracked 
|  44|0x0000000082c00000, 0x0000000082d00000, 0x0000000082d00000|100%| O|  |TAMS 0x0000000082c00000| PB 0x0000000082c00000| Untracked 
|  45|0x0000000082d00000, 0x0000000082e00000, 0x0000000082e00000|100%| O|  |TAMS 0x0000000082d00000| PB 0x0000000082d00000| Untracked 
|  46|0x0000000082e00000, 0x0000000082f00000, 0x0000000082f00000|100%|HS|  |TAMS 0x0000000082e00000| PB 0x0000000082e00000| Complete 
|  47|0x0000000082f00000, 0x0000000083000000, 0x0000000083000000|100%|HC|  |TAMS 0x0000000082f00000| PB 0x0000000082f00000| Complete 
|  48|0x0000000083000000, 0x0000000083100000, 0x0000000083100000|100%|HS|  |TAMS 0x0000000083000000| PB 0x0000000083000000| Complete 
|  49|0x0000000083100000, 0x0000000083200000, 0x0000000083200000|100%|HC|  |TAMS 0x0000000083100000| PB 0x0000000083100000| Complete 
|  50|0x0000000083200000, 0x0000000083300000, 0x0000000083300000|100%|HS|  |TAMS 0x0000000083200000| PB 0x0000000083200000| Complete 
|  51|0x0000000083300000, 0x0000000083400000, 0x0000000083400000|100%|HC|  |TAMS 0x0000000083300000| PB 0x0000000083300000| Complete 
|  52|0x0000000083400000, 0x0000000083500000, 0x0000000083500000|100%|HC|  |TAMS 0x0000000083400000| PB 0x0000000083400000| Complete 
|  53|0x0000000083500000, 0x0000000083600000, 0x0000000083600000|100%|HC|  |TAMS 0x0000000083500000| PB 0x0000000083500000| Complete 
|  54|0x0000000083600000, 0x0000000083700000, 0x0000000083700000|100%|HS|  |TAMS 0x0000000083600000| PB 0x0000000083600000| Complete 
|  55|0x0000000083700000, 0x0000000083800000, 0x0000000083800000|100%|HC|  |TAMS 0x0000000083700000| PB 0x0000000083700000| Complete 
|  56|0x0000000083800000, 0x0000000083900000, 0x0000000083900000|100%|HC|  |TAMS 0x0000000083800000| PB 0x0000000083800000| Complete 
|  57|0x0000000083900000, 0x0000000083a00000, 0x0000000083a00000|100%|HC|  |TAMS 0x0000000083900000| PB 0x0000000083900000| Complete 
|  58|0x0000000083a00000, 0x0000000083b00000, 0x0000000083b00000|100%| O|  |TAMS 0x0000000083a00000| PB 0x0000000083a00000| Untracked 
|  59|0x0000000083b00000, 0x0000000083c00000, 0x0000000083c00000|100%| O|  |TAMS 0x0000000083b00000| PB 0x0000000083b00000| Untracked 
|  60|0x0000000083c00000, 0x0000000083d00000, 0x0000000083d00000|100%| O|  |TAMS 0x0000000083c00000| PB 0x0000000083c00000| Untracked 
|  61|0x0000000083d00000, 0x0000000083e00000, 0x0000000083e00000|100%| O|  |TAMS 0x0000000083d00000| PB 0x0000000083d00000| Untracked 
|  62|0x0000000083e00000, 0x0000000083f00000, 0x0000000083f00000|100%| O|  |TAMS 0x0000000083e00000| PB 0x0000000083e00000| Untracked 
|  63|0x0000000083f00000, 0x0000000084000000, 0x0000000084000000|100%| O|  |TAMS 0x0000000083f00000| PB 0x0000000083f00000| Untracked 
|  64|0x0000000084000000, 0x0000000084100000, 0x0000000084100000|100%| O|  |TAMS 0x0000000084000000| PB 0x0000000084000000| Untracked 
|  65|0x0000000084100000, 0x0000000084200000, 0x0000000084200000|100%| O|  |TAMS 0x0000000084100000| PB 0x0000000084100000| Untracked 
|  66|0x0000000084200000, 0x0000000084259b80, 0x0000000084300000| 35%| O|  |TAMS 0x0000000084200000| PB 0x0000000084200000| Untracked 
|  67|0x0000000084300000, 0x0000000084300000, 0x0000000084400000|  0%| F|  |TAMS 0x0000000084300000| PB 0x0000000084300000| Untracked 
|  68|0x0000000084400000, 0x0000000084400000, 0x0000000084500000|  0%| F|  |TAMS 0x0000000084400000| PB 0x0000000084400000| Untracked 
|  69|0x0000000084500000, 0x0000000084500000, 0x0000000084600000|  0%| F|  |TAMS 0x0000000084500000| PB 0x0000000084500000| Untracked 
|  70|0x0000000084600000, 0x0000000084600000, 0x0000000084700000|  0%| F|  |TAMS 0x0000000084600000| PB 0x0000000084600000| Untracked 
|  71|0x0000000084700000, 0x0000000084700000, 0x0000000084800000|  0%| F|  |TAMS 0x0000000084700000| PB 0x0000000084700000| Untracked 
|  72|0x0000000084800000, 0x0000000084800000, 0x0000000084900000|  0%| F|  |TAMS 0x0000000084800000| PB 0x0000000084800000| Untracked 
|  73|0x0000000084900000, 0x0000000084900000, 0x0000000084a00000|  0%| F|  |TAMS 0x0000000084900000| PB 0x0000000084900000| Untracked 
|  74|0x0000000084a00000, 0x0000000084a00000, 0x0000000084b00000|  0%| F|  |TAMS 0x0000000084a00000| PB 0x0000000084a00000| Untracked 
|  75|0x0000000084b00000, 0x0000000084bfb480, 0x0000000084c00000| 98%| S|CS|TAMS 0x0000000084b00000| PB 0x0000000084b00000| Complete 
|  76|0x0000000084c00000, 0x0000000084d00000, 0x0000000084d00000|100%| S|CS|TAMS 0x0000000084c00000| PB 0x0000000084c00000| Complete 
|  77|0x0000000084d00000, 0x0000000084e00000, 0x0000000084e00000|100%| S|CS|TAMS 0x0000000084d00000| PB 0x0000000084d00000| Complete 
|  78|0x0000000084e00000, 0x0000000084e00000, 0x0000000084f00000|  0%| F|  |TAMS 0x0000000084e00000| PB 0x0000000084e00000| Untracked 
|  79|0x0000000084f00000, 0x0000000084f00000, 0x0000000085000000|  0%| F|  |TAMS 0x0000000084f00000| PB 0x0000000084f00000| Untracked 
|  80|0x0000000085000000, 0x0000000085000000, 0x0000000085100000|  0%| F|  |TAMS 0x0000000085000000| PB 0x0000000085000000| Untracked 
|  81|0x0000000085100000, 0x0000000085100000, 0x0000000085200000|  0%| F|  |TAMS 0x0000000085100000| PB 0x0000000085100000| Untracked 
|  82|0x0000000085200000, 0x0000000085200000, 0x0000000085300000|  0%| F|  |TAMS 0x0000000085200000| PB 0x0000000085200000| Untracked 
|  83|0x0000000085300000, 0x0000000085300000, 0x0000000085400000|  0%| F|  |TAMS 0x0000000085300000| PB 0x0000000085300000| Untracked 
|  84|0x0000000085400000, 0x0000000085400000, 0x0000000085500000|  0%| F|  |TAMS 0x0000000085400000| PB 0x0000000085400000| Untracked 
|  85|0x0000000085500000, 0x0000000085500000, 0x0000000085600000|  0%| F|  |TAMS 0x0000000085500000| PB 0x0000000085500000| Untracked 
|  86|0x0000000085600000, 0x0000000085600000, 0x0000000085700000|  0%| F|  |TAMS 0x0000000085600000| PB 0x0000000085600000| Untracked 
|  87|0x0000000085700000, 0x0000000085700000, 0x0000000085800000|  0%| F|  |TAMS 0x0000000085700000| PB 0x0000000085700000| Untracked 
|  88|0x0000000085800000, 0x0000000085800000, 0x0000000085900000|  0%| F|  |TAMS 0x0000000085800000| PB 0x0000000085800000| Untracked 
|  89|0x0000000085900000, 0x0000000085900000, 0x0000000085a00000|  0%| F|  |TAMS 0x0000000085900000| PB 0x0000000085900000| Untracked 
|  90|0x0000000085a00000, 0x0000000085a00000, 0x0000000085b00000|  0%| F|  |TAMS 0x0000000085a00000| PB 0x0000000085a00000| Untracked 
|  91|0x0000000085b00000, 0x0000000085b00000, 0x0000000085c00000|  0%| F|  |TAMS 0x0000000085b00000| PB 0x0000000085b00000| Untracked 
|  92|0x0000000085c00000, 0x0000000085c00000, 0x0000000085d00000|  0%| F|  |TAMS 0x0000000085c00000| PB 0x0000000085c00000| Untracked 
|  93|0x0000000085d00000, 0x0000000085d00000, 0x0000000085e00000|  0%| F|  |TAMS 0x0000000085d00000| PB 0x0000000085d00000| Untracked 
|  94|0x0000000085e00000, 0x0000000085e00000, 0x0000000085f00000|  0%| F|  |TAMS 0x0000000085e00000| PB 0x0000000085e00000| Untracked 
|  95|0x0000000085f00000, 0x0000000085f00000, 0x0000000086000000|  0%| F|  |TAMS 0x0000000085f00000| PB 0x0000000085f00000| Untracked 
|  96|0x0000000086000000, 0x0000000086000000, 0x0000000086100000|  0%| F|  |TAMS 0x0000000086000000| PB 0x0000000086000000| Untracked 
|  97|0x0000000086100000, 0x0000000086100000, 0x0000000086200000|  0%| F|  |TAMS 0x0000000086100000| PB 0x0000000086100000| Untracked 
|  98|0x0000000086200000, 0x0000000086200000, 0x0000000086300000|  0%| F|  |TAMS 0x0000000086200000| PB 0x0000000086200000| Untracked 
|  99|0x0000000086300000, 0x0000000086300000, 0x0000000086400000|  0%| F|  |TAMS 0x0000000086300000| PB 0x0000000086300000| Untracked 
| 100|0x0000000086400000, 0x0000000086400000, 0x0000000086500000|  0%| F|  |TAMS 0x0000000086400000| PB 0x0000000086400000| Untracked 
| 101|0x0000000086500000, 0x0000000086500000, 0x0000000086600000|  0%| F|  |TAMS 0x0000000086500000| PB 0x0000000086500000| Untracked 
| 102|0x0000000086600000, 0x0000000086600000, 0x0000000086700000|  0%| F|  |TAMS 0x0000000086600000| PB 0x0000000086600000| Untracked 
| 103|0x0000000086700000, 0x0000000086700000, 0x0000000086800000|  0%| F|  |TAMS 0x0000000086700000| PB 0x0000000086700000| Untracked 
| 104|0x0000000086800000, 0x0000000086800000, 0x0000000086900000|  0%| F|  |TAMS 0x0000000086800000| PB 0x0000000086800000| Untracked 
| 105|0x0000000086900000, 0x0000000086900000, 0x0000000086a00000|  0%| F|  |TAMS 0x0000000086900000| PB 0x0000000086900000| Untracked 
| 106|0x0000000086a00000, 0x0000000086a00000, 0x0000000086b00000|  0%| F|  |TAMS 0x0000000086a00000| PB 0x0000000086a00000| Untracked 
| 107|0x0000000086b00000, 0x0000000086b00000, 0x0000000086c00000|  0%| F|  |TAMS 0x0000000086b00000| PB 0x0000000086b00000| Untracked 
| 108|0x0000000086c00000, 0x0000000086c00000, 0x0000000086d00000|  0%| F|  |TAMS 0x0000000086c00000| PB 0x0000000086c00000| Untracked 
| 109|0x0000000086d00000, 0x0000000086d00000, 0x0000000086e00000|  0%| F|  |TAMS 0x0000000086d00000| PB 0x0000000086d00000| Untracked 
| 110|0x0000000086e00000, 0x0000000086e00000, 0x0000000086f00000|  0%| F|  |TAMS 0x0000000086e00000| PB 0x0000000086e00000| Untracked 
| 111|0x0000000086f00000, 0x0000000086f00000, 0x0000000087000000|  0%| F|  |TAMS 0x0000000086f00000| PB 0x0000000086f00000| Untracked 
| 112|0x0000000087000000, 0x0000000087000000, 0x0000000087100000|  0%| F|  |TAMS 0x0000000087000000| PB 0x0000000087000000| Untracked 
| 113|0x0000000087100000, 0x0000000087100000, 0x0000000087200000|  0%| F|  |TAMS 0x0000000087100000| PB 0x0000000087100000| Untracked 
| 114|0x0000000087200000, 0x0000000087200000, 0x0000000087300000|  0%| F|  |TAMS 0x0000000087200000| PB 0x0000000087200000| Untracked 
| 115|0x0000000087300000, 0x0000000087300000, 0x0000000087400000|  0%| F|  |TAMS 0x0000000087300000| PB 0x0000000087300000| Untracked 
| 116|0x0000000087400000, 0x0000000087400000, 0x0000000087500000|  0%| F|  |TAMS 0x0000000087400000| PB 0x0000000087400000| Untracked 
| 117|0x0000000087500000, 0x0000000087500000, 0x0000000087600000|  0%| F|  |TAMS 0x0000000087500000| PB 0x0000000087500000| Untracked 
| 118|0x0000000087600000, 0x0000000087600000, 0x0000000087700000|  0%| F|  |TAMS 0x0000000087600000| PB 0x0000000087600000| Untracked 
| 119|0x0000000087700000, 0x0000000087700000, 0x0000000087800000|  0%| F|  |TAMS 0x0000000087700000| PB 0x0000000087700000| Untracked 
| 120|0x0000000087800000, 0x0000000087800000, 0x0000000087900000|  0%| F|  |TAMS 0x0000000087800000| PB 0x0000000087800000| Untracked 
| 121|0x0000000087900000, 0x0000000087a00000, 0x0000000087a00000|100%| E|  |TAMS 0x0000000087900000| PB 0x0000000087900000| Complete 
|2047|0x00000000fff00000, 0x0000000100000000, 0x0000000100000000|100%| E|CS|TAMS 0x00000000fff00000| PB 0x00000000fff00000| Complete 

Card table byte_map: [0x00000158f3150000,0x00000158f3550000] _byte_map_base: 0x00000158f2d50000

Marking Bits: (CMBitMap*) 0x00000158dee66370
 Bits: [0x00000158f3550000, 0x00000158f5550000)

Polling page: 0x00000158deed0000

Metaspace:

Usage:
  Non-class:     66.71 MB used.
      Class:     10.72 MB used.
       Both:     77.43 MB used.

Virtual space:
  Non-class space:      128.00 MB reserved,      67.62 MB ( 53%) committed,  2 nodes.
      Class space:        1.00 GB reserved,      11.62 MB (  1%) committed,  1 nodes.
             Both:        1.12 GB reserved,      79.25 MB (  7%) committed. 

Chunk freelists:
   Non-Class:  11.81 MB
       Class:  4.22 MB
        Both:  16.03 MB

MaxMetaspaceSize: unlimited
CompressedClassSpaceSize: 1.00 GB
Initial GC threshold: 21.00 MB
Current GC threshold: 123.75 MB
CDS: off
 - commit_granule_bytes: 65536.
 - commit_granule_words: 8192.
 - virtual_space_node_default_size: 8388608.
 - enlarge_chunks_in_place: 1.
 - use_allocation_guard: 0.


Internal statistics:

num_allocs_failed_limit: 6.
num_arena_births: 3590.
num_arena_deaths: 0.
num_vsnodes_births: 3.
num_vsnodes_deaths: 0.
num_space_committed: 1268.
num_space_uncommitted: 0.
num_chunks_returned_to_freelist: 6.
num_chunks_taken_from_freelist: 6966.
num_chunk_merges: 6.
num_chunk_splits: 4474.
num_chunks_enlarged: 2729.
num_inconsistent_stats: 0.

CodeHeap 'non-profiled nmethods': size=120000Kb used=3792Kb max_used=3792Kb free=116207Kb
 bounds [0x00000158eb1f0000, 0x00000158eb5b0000, 0x00000158f2720000]
CodeHeap 'profiled nmethods': size=120000Kb used=12797Kb max_used=12797Kb free=107202Kb
 bounds [0x00000158e3720000, 0x00000158e43a0000, 0x00000158eac50000]
CodeHeap 'non-nmethods': size=5760Kb used=2237Kb max_used=2277Kb free=3522Kb
 bounds [0x00000158eac50000, 0x00000158eaec0000, 0x00000158eb1f0000]
 total_blobs=7667 nmethods=6883 adapters=688
 compilation: enabled
              stopped_count=0, restarted_count=0
 full_count=0

Compilation events (20 events):
Event: 20.211 Thread 0x00000158fc0e99a0 8071       3       org.gradle.api.internal.provider.EvaluationContext$PerThreadContext::pop (36 bytes)
Event: 20.212 Thread 0x00000158fc0e99a0 nmethod 8071 0x00000158e4398990 code [0x00000158e4398b60, 0x00000158e4398fb8]
Event: 20.215 Thread 0x00000158fc0e99a0 8072       3       org.gradle.util.internal.GUtil::isTrue (56 bytes)
Event: 20.215 Thread 0x00000158fc0e99a0 nmethod 8072 0x00000158e4399110 code [0x00000158e4399320, 0x00000158e4399b58]
Event: 20.223 Thread 0x00000158fc0e99a0 8073       3       org.gradle.api.internal.provider.EvaluationContext$PerThreadContext::push (34 bytes)
Event: 20.224 Thread 0x00000158fc0e99a0 nmethod 8073 0x00000158e4399d10 code [0x00000158e4399ee0, 0x00000158e439a218]
Event: 20.224 Thread 0x00000158fc0e99a0 8074       3       it.unimi.dsi.fastutil.objects.ReferenceOpenHashSet::add (126 bytes)
Event: 20.225 Thread 0x00000158fc0e99a0 nmethod 8074 0x00000158e439a390 code [0x00000158e439a5a0, 0x00000158e439ac78]
Event: 20.226 Thread 0x00000158fc0e99a0 8075       3       it.unimi.dsi.fastutil.objects.ReferenceArrayList::add (55 bytes)
Event: 20.226 Thread 0x00000158fc0e99a0 nmethod 8075 0x00000158e439ae90 code [0x00000158e439b040, 0x00000158e439b348]
Event: 20.226 Thread 0x00000158fc0e99a0 8076       3       it.unimi.dsi.fastutil.objects.ReferenceArrayList::remove (138 bytes)
Event: 20.227 Thread 0x00000158fc0e99a0 nmethod 8076 0x00000158e439b490 code [0x00000158e439b740, 0x00000158e439c268]
Event: 20.232 Thread 0x00000158fc0e99a0 8077       3       it.unimi.dsi.fastutil.objects.ReferenceOpenHashSet::remove (95 bytes)
Event: 20.233 Thread 0x00000158fc0e99a0 nmethod 8077 0x00000158e439c710 code [0x00000158e439c920, 0x00000158e439ce78]
Event: 20.236 Thread 0x00000158fc0e99a0 8078       3       it.unimi.dsi.fastutil.objects.ReferenceOpenHashSet::shiftKeys (100 bytes)
Event: 20.237 Thread 0x00000158fc0e99a0 nmethod 8078 0x00000158e439d090 code [0x00000158e439d280, 0x00000158e439da08]
Event: 20.239 Thread 0x00000158fc0e99a0 8079       1       org.gradle.internal.resources.AbstractResourceLockRegistry$ThreadLockDetails::access$000 (5 bytes)
Event: 20.239 Thread 0x00000158fc0e99a0 nmethod 8079 0x00000158eb5a3a10 code [0x00000158eb5a3ba0, 0x00000158eb5a3c50]
Event: 20.266 Thread 0x00000158fc0e99a0 8080       3       java.util.concurrent.locks.AbstractQueuedSynchronizer::acquire (20 bytes)
Event: 20.266 Thread 0x00000158fc0e99a0 nmethod 8080 0x00000158e439dc10 code [0x00000158e439ddc0, 0x00000158e439e030]

GC Heap History (20 events):
Event: 14.027 GC heap before
{Heap before GC invocations=17 (full 0):
 garbage-first heap   total 83968K, used 73117K [0x0000000080000000, 0x0000000100000000)
  region size 1024K, 38 young (38912K), 4 survivors (4096K)
 Metaspace       used 59323K, committed 60992K, reserved 1114112K
  class space    used 8141K, committed 8960K, reserved 1048576K
}
Event: 14.039 GC heap after
{Heap after GC invocations=18 (full 0):
 garbage-first heap   total 83968K, used 43820K [0x0000000080000000, 0x0000000100000000)
  region size 1024K, 5 young (5120K), 5 survivors (5120K)
 Metaspace       used 59323K, committed 60992K, reserved 1114112K
  class space    used 8141K, committed 8960K, reserved 1048576K
}
Event: 14.826 GC heap before
{Heap before GC invocations=18 (full 0):
 garbage-first heap   total 83968K, used 72492K [0x0000000080000000, 0x0000000100000000)
  region size 1024K, 34 young (34816K), 5 survivors (5120K)
 Metaspace       used 60503K, committed 62080K, reserved 1114112K
  class space    used 8300K, committed 9088K, reserved 1048576K
}
Event: 14.835 GC heap after
{Heap after GC invocations=19 (full 0):
 garbage-first heap   total 83968K, used 46813K [0x0000000080000000, 0x0000000100000000)
  region size 1024K, 4 young (4096K), 4 survivors (4096K)
 Metaspace       used 60503K, committed 62080K, reserved 1114112K
  class space    used 8300K, committed 9088K, reserved 1048576K
}
Event: 15.680 GC heap before
{Heap before GC invocations=20 (full 0):
 garbage-first heap   total 83968K, used 73437K [0x0000000080000000, 0x0000000100000000)
  region size 1024K, 30 young (30720K), 4 survivors (4096K)
 Metaspace       used 63277K, committed 65024K, reserved 1114112K
  class space    used 8782K, committed 9664K, reserved 1048576K
}
Event: 15.686 GC heap after
{Heap after GC invocations=21 (full 0):
 garbage-first heap   total 83968K, used 48305K [0x0000000080000000, 0x0000000100000000)
  region size 1024K, 2 young (2048K), 2 survivors (2048K)
 Metaspace       used 63277K, committed 65024K, reserved 1114112K
  class space    used 8782K, committed 9664K, reserved 1048576K
}
Event: 16.583 GC heap before
{Heap before GC invocations=21 (full 0):
 garbage-first heap   total 83968K, used 78001K [0x0000000080000000, 0x0000000100000000)
  region size 1024K, 28 young (28672K), 2 survivors (2048K)
 Metaspace       used 66865K, committed 68672K, reserved 1114112K
  class space    used 9246K, committed 10176K, reserved 1048576K
}
Event: 16.589 GC heap after
{Heap after GC invocations=22 (full 0):
 garbage-first heap   total 83968K, used 52725K [0x0000000080000000, 0x0000000100000000)
  region size 1024K, 3 young (3072K), 3 survivors (3072K)
 Metaspace       used 66865K, committed 68672K, reserved 1114112K
  class space    used 9246K, committed 10176K, reserved 1048576K
}
Event: 16.630 GC heap before
{Heap before GC invocations=22 (full 0):
 garbage-first heap   total 83968K, used 54773K [0x0000000080000000, 0x0000000100000000)
  region size 1024K, 6 young (6144K), 3 survivors (3072K)
 Metaspace       used 67041K, committed 68800K, reserved 1114112K
  class space    used 9282K, committed 10176K, reserved 1048576K
}
Event: 16.635 GC heap after
{Heap after GC invocations=23 (full 0):
 garbage-first heap   total 83968K, used 53355K [0x0000000080000000, 0x0000000100000000)
  region size 1024K, 3 young (3072K), 3 survivors (3072K)
 Metaspace       used 67041K, committed 68800K, reserved 1114112K
  class space    used 9282K, committed 10176K, reserved 1048576K
}
Event: 17.133 GC heap before
{Heap before GC invocations=24 (full 0):
 garbage-first heap   total 104448K, used 82027K [0x0000000080000000, 0x0000000100000000)
  region size 1024K, 23 young (23552K), 3 survivors (3072K)
 Metaspace       used 68742K, committed 70592K, reserved 1114112K
  class space    used 9529K, committed 10432K, reserved 1048576K
}
Event: 17.137 GC heap after
{Heap after GC invocations=25 (full 0):
 garbage-first heap   total 104448K, used 62829K [0x0000000080000000, 0x0000000100000000)
  region size 1024K, 2 young (2048K), 2 survivors (2048K)
 Metaspace       used 68742K, committed 70592K, reserved 1114112K
  class space    used 9529K, committed 10432K, reserved 1048576K
}
Event: 17.544 GC heap before
{Heap before GC invocations=25 (full 0):
 garbage-first heap   total 104448K, used 90477K [0x0000000080000000, 0x0000000100000000)
  region size 1024K, 29 young (29696K), 2 survivors (2048K)
 Metaspace       used 71925K, committed 73728K, reserved 1114112K
  class space    used 9933K, committed 10816K, reserved 1048576K
}
Event: 17.552 GC heap after
{Heap after GC invocations=26 (full 0):
 garbage-first heap   total 104448K, used 63438K [0x0000000080000000, 0x0000000100000000)
  region size 1024K, 4 young (4096K), 4 survivors (4096K)
 Metaspace       used 71925K, committed 73728K, reserved 1114112K
  class space    used 9933K, committed 10816K, reserved 1048576K
}
Event: 18.007 GC heap before
{Heap before GC invocations=26 (full 0):
 garbage-first heap   total 104448K, used 90062K [0x0000000080000000, 0x0000000100000000)
  region size 1024K, 31 young (31744K), 4 survivors (4096K)
 Metaspace       used 73966K, committed 75776K, reserved 1114112K
  class space    used 10190K, committed 11072K, reserved 1048576K
}
Event: 18.012 GC heap after
{Heap after GC invocations=27 (full 0):
 garbage-first heap   total 125952K, used 64563K [0x0000000080000000, 0x0000000100000000)
  region size 1024K, 3 young (3072K), 3 survivors (3072K)
 Metaspace       used 73966K, committed 75776K, reserved 1114112K
  class space    used 10190K, committed 11072K, reserved 1048576K
}
Event: 19.111 GC heap before
{Heap before GC invocations=28 (full 0):
 garbage-first heap   total 125952K, used 103475K [0x0000000080000000, 0x0000000100000000)
  region size 1024K, 41 young (41984K), 3 survivors (3072K)
 Metaspace       used 76016K, committed 77888K, reserved 1179648K
  class space    used 10478K, committed 11392K, reserved 1048576K
}
Event: 19.120 GC heap after
{Heap after GC invocations=29 (full 0):
 garbage-first heap   total 125952K, used 68257K [0x0000000080000000, 0x0000000100000000)
  region size 1024K, 6 young (6144K), 6 survivors (6144K)
 Metaspace       used 76016K, committed 77888K, reserved 1179648K
  class space    used 10478K, committed 11392K, reserved 1048576K
}
Event: 20.186 GC heap before
{Heap before GC invocations=29 (full 0):
 garbage-first heap   total 125952K, used 107169K [0x0000000080000000, 0x0000000100000000)
  region size 1024K, 44 young (45056K), 6 survivors (6144K)
 Metaspace       used 79001K, committed 80896K, reserved 1179648K
  class space    used 10927K, committed 11840K, reserved 1048576K
}
Event: 20.198 GC heap after
{Heap after GC invocations=30 (full 0):
 garbage-first heap   total 125952K, used 69891K [0x0000000080000000, 0x0000000100000000)
  region size 1024K, 3 young (3072K), 3 survivors (3072K)
 Metaspace       used 79001K, committed 80896K, reserved 1179648K
  class space    used 10927K, committed 11840K, reserved 1048576K
}

Dll operation events (3 events):
Event: 0.012 Loaded shared library C:\Program Files\Android\Android Studio\jbr\bin\java.dll
Event: 0.018 Loaded shared library C:\Program Files\Android\Android Studio\jbr\bin\zip.dll
Event: 1.036 Loaded shared library C:\Program Files\Android\Android Studio\jbr\bin\verify.dll

Deoptimization events (20 events):
Event: 19.595 Thread 0x00000158fdd811f0 DEOPT PACKING pc=0x00000158eb4b87d0 sp=0x0000000f4b4f67d0
Event: 19.595 Thread 0x00000158fdd811f0 DEOPT UNPACKING pc=0x00000158eaca7da2 sp=0x0000000f4b4f6788 mode 2
Event: 19.595 Thread 0x00000158fdd811f0 Uncommon trap: trap_request=0xffffff45 fr.pc=0x00000158eb4b9510 relative=0x0000000000000510
Event: 19.595 Thread 0x00000158fdd811f0 Uncommon trap: reason=unstable_if action=reinterpret pc=0x00000158eb4b9510 method=org.gradle.util.internal.SimpleMapInterner.intern(Ljava/lang/String;)Ljava/lang/String; @ 1 c2
Event: 19.595 Thread 0x00000158fdd811f0 DEOPT PACKING pc=0x00000158eb4b9510 sp=0x0000000f4b4f6760
Event: 19.595 Thread 0x00000158fdd811f0 DEOPT UNPACKING pc=0x00000158eaca7da2 sp=0x0000000f4b4f6718 mode 2
Event: 19.703 Thread 0x00000158fdd811f0 Uncommon trap: trap_request=0xffffff45 fr.pc=0x00000158eb273748 relative=0x00000000000000a8
Event: 19.703 Thread 0x00000158fdd811f0 Uncommon trap: reason=unstable_if action=reinterpret pc=0x00000158eb273748 method=org.gradle.util.internal.GUtil.isTrue(Ljava/lang/Object;)Z @ 10 c2
Event: 19.703 Thread 0x00000158fdd811f0 DEOPT PACKING pc=0x00000158eb273748 sp=0x0000000f4b4f8c90
Event: 19.703 Thread 0x00000158fdd811f0 DEOPT UNPACKING pc=0x00000158eaca7da2 sp=0x0000000f4b4f8c20 mode 2
Event: 19.768 Thread 0x00000158fdd811f0 Uncommon trap: trap_request=0xfffffff4 fr.pc=0x00000158eb367184 relative=0x0000000000000344
Event: 19.768 Thread 0x00000158fdd811f0 Uncommon trap: reason=null_check action=make_not_entrant pc=0x00000158eb367184 method=sun.invoke.util.VerifyType.isNullConversion(Ljava/lang/Class;Ljava/lang/Class;Z)Z @ 67 c2
Event: 19.768 Thread 0x00000158fdd811f0 DEOPT PACKING pc=0x00000158eb367184 sp=0x0000000f4b4f9330
Event: 19.768 Thread 0x00000158fdd811f0 DEOPT UNPACKING pc=0x00000158eaca7da2 sp=0x0000000f4b4f92b0 mode 2
Event: 19.915 Thread 0x00000158fdd811f0 Uncommon trap: trap_request=0xffffff6e fr.pc=0x00000158eb20b504 relative=0x0000000000000164
Event: 19.915 Thread 0x00000158fdd811f0 Uncommon trap: reason=loop_limit_check action=maybe_recompile pc=0x00000158eb20b504 method=java.lang.StringLatin1.lastIndexOf([BII)I @ 19 c2
Event: 19.915 Thread 0x00000158fdd811f0 DEOPT PACKING pc=0x00000158eb20b504 sp=0x0000000f4b4f7690
Event: 19.915 Thread 0x00000158fdd811f0 DEOPT UNPACKING pc=0x00000158eaca7da2 sp=0x0000000f4b4f7610 mode 2
Event: 19.922 Thread 0x00000158fdd811f0 DEOPT PACKING pc=0x00000158e42684dd sp=0x0000000f4b4f7e20
Event: 19.923 Thread 0x00000158fdd811f0 DEOPT UNPACKING pc=0x00000158eaca88e2 sp=0x0000000f4b4f73d0 mode 0

Classes loaded (20 events):
Event: 19.410 Loading class java/net/InetAddress$Addresses done
Event: 19.410 Loading class java/net/InetAddress$NameServiceAddresses done
Event: 19.410 Loading class java/net/spi/InetAddressResolverProvider
Event: 19.410 Loading class java/net/spi/InetAddressResolverProvider done
Event: 19.415 Loading class sun/net/InetAddressCachePolicy
Event: 19.416 Loading class sun/net/InetAddressCachePolicy done
Event: 19.416 Loading class sun/net/InetAddressCachePolicy$1
Event: 19.416 Loading class sun/net/InetAddressCachePolicy$1 done
Event: 19.416 Loading class java/net/InetAddress$CachedLookup
Event: 19.416 Loading class java/net/InetAddress$CachedLookup done
Event: 19.416 Loading class java/net/InetAddress$CachedLocalHost
Event: 19.416 Loading class java/net/InetAddress$CachedLocalHost done
Event: 19.689 Loading class java/util/Comparators$NaturalOrderComparator
Event: 19.690 Loading class java/util/Comparators$NaturalOrderComparator done
Event: 19.720 Loading class java/lang/AbstractMethodError
Event: 19.720 Loading class java/lang/AbstractMethodError done
Event: 19.768 Loading class sun/invoke/util/ValueConversions$1
Event: 19.768 Loading class sun/invoke/util/ValueConversions$1 done
Event: 19.769 Loading class java/lang/invoke/BoundMethodHandle$Species_LI
Event: 19.769 Loading class java/lang/invoke/BoundMethodHandle$Species_LI done

Classes unloaded (0 events):
No events

Classes redefined (0 events):
No events

Internal exceptions (20 events):
Event: 18.413 Thread 0x00000158fdd811f0 Exception <a 'java/lang/ClassNotFoundException'{0x0000000086d0a860}: org/jetbrains/kotlin/gradle/targets/js/npm/DefaultNpmDependencyExtensionCustomizer> (0x0000000086d0a860) 
thrown [s\src\hotspot\share\classfile\systemDictionary.cpp, line 312]
Event: 18.426 Thread 0x00000158fdd811f0 Exception <a 'java/lang/ClassNotFoundException'{0x0000000086db0ec0}: org/jetbrains/kotlin/gradle/targets/js/npm/NpmDependencyExtensionKt$defaultNpmDependencyDelegate$1BeanInfo> (0x0000000086db0ec0) 
thrown [s\src\hotspot\share\classfile\systemDictionary.cpp, line 312]
Event: 18.426 Thread 0x00000158fdd811f0 Exception <a 'java/lang/ClassNotFoundException'{0x0000000086dbfd40}: org/jetbrains/kotlin/gradle/targets/js/npm/NpmDependencyExtensionDelegateBeanInfo> (0x0000000086dbfd40) 
thrown [s\src\hotspot\share\classfile\systemDictionary.cpp, line 312]
Event: 18.427 Thread 0x00000158fdd811f0 Exception <a 'java/lang/ClassNotFoundException'{0x0000000086dceb90}: org/jetbrains/kotlin/gradle/targets/js/npm/NpmDependencyExtensionDelegateCustomizer> (0x0000000086dceb90) 
thrown [s\src\hotspot\share\classfile\systemDictionary.cpp, line 312]
Event: 18.430 Thread 0x00000158fdd811f0 Exception <a 'java/lang/ClassNotFoundException'{0x0000000086c09428}: org/jetbrains/kotlin/gradle/targets/js/npm/NpmDependencyExtensionKt$defaultNpmDependencyDelegate$1Customizer> (0x0000000086c09428) 
thrown [s\src\hotspot\share\classfile\systemDictionary.cpp, line 312]
Event: 18.435 Thread 0x00000158fdd811f0 Exception <a 'java/lang/ClassNotFoundException'{0x0000000086c54a68}: org/jetbrains/kotlin/gradle/targets/js/npm/DefaultDevNpmDependencyExtensionBeanInfo> (0x0000000086c54a68) 
thrown [s\src\hotspot\share\classfile\systemDictionary.cpp, line 312]
Event: 18.435 Thread 0x00000158fdd811f0 Exception <a 'java/lang/ClassNotFoundException'{0x0000000086c638c0}: org/jetbrains/kotlin/gradle/targets/js/npm/DefaultDevNpmDependencyExtensionCustomizer> (0x0000000086c638c0) 
thrown [s\src\hotspot\share\classfile\systemDictionary.cpp, line 312]
Event: 18.442 Thread 0x00000158fdd811f0 Exception <a 'java/lang/ClassNotFoundException'{0x0000000086cb9340}: org/jetbrains/kotlin/gradle/targets/js/npm/DefaultPeerNpmDependencyExtensionBeanInfo> (0x0000000086cb9340) 
thrown [s\src\hotspot\share\classfile\systemDictionary.cpp, line 312]
Event: 18.462 Thread 0x00000158fdd811f0 Exception <a 'java/lang/ClassNotFoundException'{0x0000000086cc81a0}: org/jetbrains/kotlin/gradle/targets/js/npm/DefaultPeerNpmDependencyExtensionCustomizer> (0x0000000086cc81a0) 
thrown [s\src\hotspot\share\classfile\systemDictionary.cpp, line 312]
Event: 18.497 Thread 0x00000158fdd811f0 Exception <a 'java/lang/ClassNotFoundException'{0x0000000086b2b890}: org/jetbrains/kotlin/gradle/targets/js/npm/DefaultPeerNpmDependencyExtension$delegate$1BeanInfo> (0x0000000086b2b890) 
thrown [s\src\hotspot\share\classfile\systemDictionary.cpp, line 312]
Event: 18.499 Thread 0x00000158fdd811f0 Exception <a 'java/lang/ClassNotFoundException'{0x0000000086b3a7e0}: org/jetbrains/kotlin/gradle/targets/js/npm/DefaultPeerNpmDependencyExtension$delegate$1Customizer> (0x0000000086b3a7e0) 
thrown [s\src\hotspot\share\classfile\systemDictionary.cpp, line 312]
Event: 18.543 Thread 0x00000158fdd811f0 Exception <a 'java/lang/NoSuchMethodError'{0x0000000086a85a98}: static Lorg/jetbrains/kotlin/gradle/plugin/internal/DefaultIdeaSyncDetector$createIdeaPropertiesEvaluator$1;.<clinit>()V> (0x0000000086a85a98) 
thrown [s\src\hotspot\share\prims\jni.cpp, line 1135]
Event: 18.858 Thread 0x00000158fdd811f0 Exception <a 'java/lang/NoSuchMethodError'{0x00000000862ee050}: 'int java.lang.invoke.DirectMethodHandle$Holder.invokeSpecialIFC(java.lang.Object, java.lang.Object, java.lang.Object, java.lang.Object, java.lang.Object)'> (0x00000000862ee050) 
thrown [s\src\hotspot\share\interpreter\linkResolver.cpp, line 784]
Event: 19.595 Thread 0x00000158fdd811f0 Implicit null exception at 0x00000158eb4b82dd to 0x00000158eb4b87c0
Event: 19.595 Thread 0x00000158fdd811f0 Implicit null exception at 0x00000158eb4b903f to 0x00000158eb4b94fc
Event: 19.598 Thread 0x00000158fdd811f0 Exception <a 'java/lang/NoSuchMethodError'{0x000000008612e250}: 'void java.lang.invoke.DirectMethodHandle$Holder.invokeInterface(java.lang.Object, java.lang.Object, java.lang.Object, java.lang.Object)'> (0x000000008612e250) 
thrown [s\src\hotspot\share\interpreter\linkResolver.cpp, line 784]
Event: 19.768 Thread 0x00000158fdd811f0 Implicit null exception at 0x00000158eb366ee5 to 0x00000158eb367170
Event: 19.769 Thread 0x00000158fdd811f0 Exception <a 'java/lang/NoSuchMethodError'{0x0000000085b37088}: 'int java.lang.invoke.DirectMethodHandle$Holder.invokeSpecial(java.lang.Object, java.lang.Object, java.lang.Object, int)'> (0x0000000085b37088) 
thrown [s\src\hotspot\share\interpreter\linkResolver.cpp, line 784]
Event: 19.771 Thread 0x00000158fdd811f0 Exception <a 'java/lang/NoSuchMethodError'{0x0000000085b47d38}: 'java.lang.Object java.lang.invoke.DirectMethodHandle$Holder.invokeStatic(java.lang.Object, java.lang.Object, java.lang.Object, java.lang.Object, int)'> (0x0000000085b47d38) 
thrown [s\src\hotspot\share\interpreter\linkResolver.cpp, line 784]
Event: 19.861 Thread 0x00000158fdd811f0 Exception <a 'java/lang/NoSuchMethodError'{0x0000000085bee3f8}: 'void java.lang.invoke.DirectMethodHandle$Holder.invokeStatic(java.lang.Object, java.lang.Object, java.lang.Object, java.lang.Object, java.lang.Object, java.lang.Object, java.lang.Object, java.lang.Object)'> (0x0000000085bee3f8) 
thrown [s\src\hotspot\share\interpreter\linkResolver.cpp, line 784]

ZGC Phase Switch (0 events):
No events

VM Operations (20 events):
Event: 17.133 Executing VM operation: G1CollectForAllocation (G1 Evacuation Pause)
Event: 17.137 Executing VM operation: G1CollectForAllocation (G1 Evacuation Pause) done
Event: 17.544 Executing VM operation: G1CollectForAllocation (G1 Evacuation Pause)
Event: 17.552 Executing VM operation: G1CollectForAllocation (G1 Evacuation Pause) done
Event: 17.919 Executing VM operation: HandshakeAllThreads (Deoptimize)
Event: 17.919 Executing VM operation: HandshakeAllThreads (Deoptimize) done
Event: 18.007 Executing VM operation: G1CollectForAllocation (G1 Evacuation Pause)
Event: 18.012 Executing VM operation: G1CollectForAllocation (G1 Evacuation Pause) done
Event: 18.126 Executing VM operation: G1PauseRemark
Event: 18.130 Executing VM operation: G1PauseRemark done
Event: 18.178 Executing VM operation: G1PauseCleanup
Event: 18.193 Executing VM operation: G1PauseCleanup done
Event: 19.111 Executing VM operation: G1CollectForAllocation (G1 Evacuation Pause)
Event: 19.120 Executing VM operation: G1CollectForAllocation (G1 Evacuation Pause) done
Event: 19.516 Executing VM operation: HandshakeAllThreads (Deoptimize)
Event: 19.516 Executing VM operation: HandshakeAllThreads (Deoptimize) done
Event: 20.161 Executing VM operation: ICBufferFull
Event: 20.161 Executing VM operation: ICBufferFull done
Event: 20.186 Executing VM operation: G1CollectForAllocation (G1 Evacuation Pause)
Event: 20.198 Executing VM operation: G1CollectForAllocation (G1 Evacuation Pause) done

Memory protections (0 events):
No events

Nmethod flushes (20 events):
Event: 18.129 Thread 0x00000158f7bee510 flushing  nmethod 0x00000158e3998710
Event: 18.129 Thread 0x00000158f7bee510 flushing  nmethod 0x00000158e39e0290
Event: 18.129 Thread 0x00000158f7bee510 flushing  nmethod 0x00000158e39e0610
Event: 18.129 Thread 0x00000158f7bee510 flushing  nmethod 0x00000158e3a1f490
Event: 18.129 Thread 0x00000158f7bee510 flushing  nmethod 0x00000158e3b03c10
Event: 18.129 Thread 0x00000158f7bee510 flushing  nmethod 0x00000158e3b68990
Event: 18.129 Thread 0x00000158f7bee510 flushing  nmethod 0x00000158e3b96410
Event: 18.129 Thread 0x00000158f7bee510 flushing  nmethod 0x00000158e3bfbf90
Event: 18.129 Thread 0x00000158f7bee510 flushing  nmethod 0x00000158e3d17f10
Event: 18.129 Thread 0x00000158f7bee510 flushing  nmethod 0x00000158e3d1d510
Event: 18.129 Thread 0x00000158f7bee510 flushing  nmethod 0x00000158e3dadd10
Event: 18.129 Thread 0x00000158f7bee510 flushing  nmethod 0x00000158e3daec10
Event: 18.129 Thread 0x00000158f7bee510 flushing  nmethod 0x00000158e3daf710
Event: 18.129 Thread 0x00000158f7bee510 flushing  nmethod 0x00000158e3db0110
Event: 18.129 Thread 0x00000158f7bee510 flushing  nmethod 0x00000158e3dd7510
Event: 18.129 Thread 0x00000158f7bee510 flushing  nmethod 0x00000158e3de2d10
Event: 18.129 Thread 0x00000158f7bee510 flushing  nmethod 0x00000158e3f0f990
Event: 18.129 Thread 0x00000158f7bee510 flushing  nmethod 0x00000158e3f16710
Event: 18.129 Thread 0x00000158f7bee510 flushing  nmethod 0x00000158e3f5c690
Event: 18.129 Thread 0x00000158f7bee510 flushing  nmethod 0x00000158e4035c10

Events (20 events):
Event: 9.534 Thread 0x00000158fdd811f0 Thread added: 0x00000158fe6e26d0
Event: 9.692 Thread 0x00000158fdd811f0 Thread added: 0x00000158fe6df8e0
Event: 9.911 Thread 0x00000158fc0e99a0 Thread added: 0x00000158fe67c6e0
Event: 10.235 Thread 0x00000158fe67c6e0 Thread exited: 0x00000158fe67c6e0
Event: 10.391 Thread 0x00000158fc0e99a0 Thread added: 0x00000158fe95eed0
Event: 11.320 Thread 0x00000158fe95eed0 Thread exited: 0x00000158fe95eed0
Event: 11.601 Thread 0x00000158fdd811f0 Thread added: 0x00000158fe6dcaf0
Event: 11.748 Thread 0x00000158fc0e99a0 Thread added: 0x0000015880462250
Event: 13.649 Thread 0x00000158fdd811f0 Thread added: 0x00000158fe6e19b0
Event: 13.649 Thread 0x00000158fdd811f0 Thread added: 0x00000158fe6dd180
Event: 13.650 Thread 0x00000158fdd811f0 Thread added: 0x00000158fe6ddea0
Event: 13.759 Thread 0x00000158fdd811f0 Thread added: 0x00000158fe6e2040
Event: 13.762 Thread 0x00000158fdd811f0 Thread added: 0x00000158fe6debc0
Event: 13.765 Thread 0x00000158fdd811f0 Thread added: 0x00000158fe6e3a80
Event: 13.972 Thread 0x00000158fdd811f0 Thread added: 0x00000158fe6e33f0
Event: 13.973 Thread 0x00000158fdd811f0 Thread added: 0x000001588002d8c0
Event: 13.974 Thread 0x00000158fdd811f0 Thread added: 0x000001588002c510
Event: 15.169 Thread 0x00000158fdd811f0 Thread added: 0x000001588002df50
Event: 16.493 Thread 0x0000015880462250 Thread exited: 0x0000015880462250
Event: 16.557 Thread 0x00000158fdd811f0 Thread added: 0x00000158800313d0


Dynamic libraries:
0x00007ff7cd200000 - 0x00007ff7cd20a000 	C:\Program Files\Android\Android Studio\jbr\bin\java.exe
0x00007ff9b43b0000 - 0x00007ff9b45c7000 	C:\Windows\SYSTEM32\ntdll.dll
0x00007ff9b2a90000 - 0x00007ff9b2b54000 	C:\Windows\System32\KERNEL32.DLL
0x00007ff9b1910000 - 0x00007ff9b1cb7000 	C:\Windows\System32\KERNELBASE.dll
0x00007ff9b1d30000 - 0x00007ff9b1e41000 	C:\Windows\System32\ucrtbase.dll
0x00007ff99f730000 - 0x00007ff99f748000 	C:\Program Files\Android\Android Studio\jbr\bin\jli.dll
0x00007ff9b20e0000 - 0x00007ff9b228e000 	C:\Windows\System32\USER32.dll
0x00007ff9b18e0000 - 0x00007ff9b1906000 	C:\Windows\System32\win32u.dll
0x00007ff9b4340000 - 0x00007ff9b4369000 	C:\Windows\System32\GDI32.dll
0x00007ff9b1e50000 - 0x00007ff9b1f69000 	C:\Windows\System32\gdi32full.dll
0x00007ff9b16d0000 - 0x00007ff9b176a000 	C:\Windows\System32\msvcp_win.dll
0x00007ff97b880000 - 0x00007ff97b89b000 	C:\Program Files\Android\Android Studio\jbr\bin\VCRUNTIME140.dll
0x00007ff98e090000 - 0x00007ff98e323000 	C:\Windows\WinSxS\amd64_microsoft.windows.common-controls_6595b64144ccf1df_6.0.22621.3527_none_270e469b73872a76\COMCTL32.dll
0x00007ff9b4290000 - 0x00007ff9b4337000 	C:\Windows\System32\msvcrt.dll
0x00007ff9b3720000 - 0x00007ff9b3751000 	C:\Windows\System32\IMM32.DLL
0x00007ff98b040000 - 0x00007ff98b04c000 	C:\Program Files\Android\Android Studio\jbr\bin\vcruntime140_1.dll
0x00007ff972930000 - 0x00007ff9729bd000 	C:\Program Files\Android\Android Studio\jbr\bin\msvcp140.dll
0x00007ff94e070000 - 0x00007ff94ecf3000 	C:\Program Files\Android\Android Studio\jbr\bin\server\jvm.dll
0x00007ff9b2630000 - 0x00007ff9b26e2000 	C:\Windows\System32\ADVAPI32.dll
0x00007ff9b3670000 - 0x00007ff9b3718000 	C:\Windows\System32\sechost.dll
0x00007ff9b1770000 - 0x00007ff9b1798000 	C:\Windows\System32\bcrypt.dll
0x00007ff9b4110000 - 0x00007ff9b4225000 	C:\Windows\System32\RPCRT4.dll
0x00007ff9b3a50000 - 0x00007ff9b3ac1000 	C:\Windows\System32\WS2_32.dll
0x00007ff9b1590000 - 0x00007ff9b15dd000 	C:\Windows\SYSTEM32\POWRPROF.dll
0x00007ff9a9870000 - 0x00007ff9a98a4000 	C:\Windows\SYSTEM32\WINMM.dll
0x00007ff9a9030000 - 0x00007ff9a903a000 	C:\Windows\SYSTEM32\VERSION.dll
0x00007ff9b1570000 - 0x00007ff9b1583000 	C:\Windows\SYSTEM32\UMPDC.dll
0x00007ff9b06b0000 - 0x00007ff9b06c8000 	C:\Windows\SYSTEM32\kernel.appcore.dll
0x00007ff98a270000 - 0x00007ff98a27a000 	C:\Program Files\Android\Android Studio\jbr\bin\jimage.dll
0x00007ff9aee70000 - 0x00007ff9af0a3000 	C:\Windows\SYSTEM32\DBGHELP.DLL
0x00007ff9b2290000 - 0x00007ff9b2618000 	C:\Windows\System32\combase.dll
0x00007ff9b2920000 - 0x00007ff9b29f7000 	C:\Windows\System32\OLEAUT32.dll
0x00007ff99f550000 - 0x00007ff99f582000 	C:\Windows\SYSTEM32\dbgcore.DLL
0x00007ff9b1860000 - 0x00007ff9b18d9000 	C:\Windows\System32\bcryptPrimitives.dll
0x00007ff9aa7a0000 - 0x00007ff9aa7ae000 	C:\Program Files\Android\Android Studio\jbr\bin\instrument.dll
0x00007ff978c50000 - 0x00007ff978c70000 	C:\Program Files\Android\Android Studio\jbr\bin\java.dll
0x00007ff977790000 - 0x00007ff9777a8000 	C:\Program Files\Android\Android Studio\jbr\bin\zip.dll
0x00007ff9b2c60000 - 0x00007ff9b34bc000 	C:\Windows\System32\SHELL32.dll
0x00007ff9af5c0000 - 0x00007ff9afeb6000 	C:\Windows\SYSTEM32\windows.storage.dll
0x00007ff9af480000 - 0x00007ff9af5be000 	C:\Windows\SYSTEM32\wintypes.dll
0x00007ff9b3780000 - 0x00007ff9b3875000 	C:\Windows\System32\SHCORE.dll
0x00007ff9b4230000 - 0x00007ff9b428e000 	C:\Windows\System32\shlwapi.dll
0x00007ff9b1600000 - 0x00007ff9b1621000 	C:\Windows\SYSTEM32\profapi.dll
0x00007ff981e10000 - 0x00007ff981e20000 	C:\Program Files\Android\Android Studio\jbr\bin\net.dll
0x00007ff9aa850000 - 0x00007ff9aa986000 	C:\Windows\SYSTEM32\WINHTTP.dll
0x00007ff9b0b20000 - 0x00007ff9b0b89000 	C:\Windows\system32\mswsock.dll
0x00007ff977770000 - 0x00007ff977786000 	C:\Program Files\Android\Android Studio\jbr\bin\nio.dll
0x00007ff96c700000 - 0x00007ff96c710000 	C:\Program Files\Android\Android Studio\jbr\bin\verify.dll
0x00007ff98a310000 - 0x00007ff98a337000 	C:\Users\Usuario\.gradle\native\c067742578af261105cb4f569cf0c3c89f3d7b1fecec35dd04571415982c5e48\windows-amd64\native-platform.dll
0x00007ff969d40000 - 0x00007ff969e84000 	C:\Users\Usuario\.gradle\native\100fb08df4bc3b14c8652ba06237920a3bd2aa13389f12d3474272988ae205f9\windows-amd64\native-platform-file-events.dll
0x00007ff96f540000 - 0x00007ff96f549000 	C:\Program Files\Android\Android Studio\jbr\bin\management.dll
0x00007ff96f460000 - 0x00007ff96f46b000 	C:\Program Files\Android\Android Studio\jbr\bin\management_ext.dll
0x00007ff9b3930000 - 0x00007ff9b3938000 	C:\Windows\System32\PSAPI.DLL
0x00007ff9b0d60000 - 0x00007ff9b0d7b000 	C:\Windows\SYSTEM32\CRYPTSP.dll
0x00007ff9b0610000 - 0x00007ff9b0645000 	C:\Windows\system32\rsaenh.dll
0x00007ff9b0be0000 - 0x00007ff9b0c08000 	C:\Windows\SYSTEM32\USERENV.dll
0x00007ff9b0d50000 - 0x00007ff9b0d5c000 	C:\Windows\SYSTEM32\CRYPTBASE.dll
0x00007ff9b0160000 - 0x00007ff9b018d000 	C:\Windows\SYSTEM32\IPHLPAPI.DLL
0x00007ff9b2620000 - 0x00007ff9b2629000 	C:\Windows\System32\NSI.dll
0x00007ff977760000 - 0x00007ff977769000 	C:\Program Files\Android\Android Studio\jbr\bin\extnet.dll
0x00007ff986440000 - 0x00007ff986448000 	C:\Windows\system32\wshunix.dll
0x00007ff9730f0000 - 0x00007ff973107000 	C:\Windows\system32\napinsp.dll
0x00007ff970630000 - 0x00007ff97064b000 	C:\Windows\system32\pnrpnsp.dll
0x00007ff9b0190000 - 0x00007ff9b0289000 	C:\Windows\SYSTEM32\DNSAPI.dll
0x00007ff9705e0000 - 0x00007ff9705f1000 	C:\Windows\System32\winrnr.dll
0x00007ff984260000 - 0x00007ff984275000 	C:\Windows\system32\wshbth.dll
0x00007ff96fad0000 - 0x00007ff96faf1000 	C:\Windows\system32\nlansp_c.dll
0x00007ff9a3fe0000 - 0x00007ff9a3fea000 	C:\Windows\System32\rasadhlp.dll
0x00007ff9a8aa0000 - 0x00007ff9a8b23000 	C:\Windows\System32\fwpuclnt.dll

dbghelp: loaded successfully - version: 4.0.5 - missing functions: none
symbol engine: initialized successfully - sym options: 0x614 - pdb path: .;C:\Program Files\Android\Android Studio\jbr\bin;C:\Windows\SYSTEM32;C:\Windows\WinSxS\amd64_microsoft.windows.common-controls_6595b64144ccf1df_6.0.22621.3527_none_270e469b73872a76;C:\Program Files\Android\Android Studio\jbr\bin\server;C:\Users\Usuario\.gradle\native\c067742578af261105cb4f569cf0c3c89f3d7b1fecec35dd04571415982c5e48\windows-amd64;C:\Users\Usuario\.gradle\native\100fb08df4bc3b14c8652ba06237920a3bd2aa13389f12d3474272988ae205f9\windows-amd64

VM Arguments:
jvm_args: --add-opens=java.base/java.util=ALL-UNNAMED --add-opens=java.base/java.lang=ALL-UNNAMED --add-opens=java.base/java.lang.invoke=ALL-UNNAMED --add-opens=java.prefs/java.util.prefs=ALL-UNNAMED --add-exports=jdk.compiler/com.sun.tools.javac.api=ALL-UNNAMED --add-exports=jdk.compiler/com.sun.tools.javac.util=ALL-UNNAMED --add-opens=java.base/java.nio.charset=ALL-UNNAMED --add-opens=java.base/java.net=ALL-UNNAMED --add-opens=java.base/java.util.concurrent.atomic=ALL-UNNAMED -Xmx2048m -Dfile.encoding=UTF-8 -Duser.country=CR -Duser.language=es -Duser.variant -javaagent:C:\Users\Usuario\.gradle\wrapper\dists\gradle-8.10.2-all\7iv73wktx1xtkvlq19urqw1wm\gradle-8.10.2\lib\agents\gradle-instrumentation-agent-8.10.2.jar 
java_command: org.gradle.launcher.daemon.bootstrap.GradleDaemon 8.10.2
java_class_path (initial): C:\Users\Usuario\.gradle\wrapper\dists\gradle-8.10.2-all\7iv73wktx1xtkvlq19urqw1wm\gradle-8.10.2\lib\gradle-daemon-main-8.10.2.jar
Launcher Type: SUN_STANDARD

[Global flags]
     intx CICompilerCount                          = 3                                         {product} {ergonomic}
     uint ConcGCThreads                            = 1                                         {product} {ergonomic}
     uint G1ConcRefinementThreads                  = 4                                         {product} {ergonomic}
   size_t G1HeapRegionSize                         = 1048576                                   {product} {ergonomic}
    uintx GCDrainStackTargetSize                   = 64                                        {product} {ergonomic}
   size_t InitialHeapSize                          = 199229440                                 {product} {ergonomic}
   size_t MarkStackSize                            = 4194304                                   {product} {ergonomic}
   size_t MaxHeapSize                              = 2147483648                                {product} {command line}
   size_t MaxNewSize                               = 1287651328                                {product} {ergonomic}
   size_t MinHeapDeltaBytes                        = 1048576                                   {product} {ergonomic}
   size_t MinHeapSize                              = 8388608                                   {product} {ergonomic}
    uintx NonNMethodCodeHeapSize                   = 5832780                                {pd product} {ergonomic}
    uintx NonProfiledCodeHeapSize                  = 122912730                              {pd product} {ergonomic}
    uintx ProfiledCodeHeapSize                     = 122912730                              {pd product} {ergonomic}
    uintx ReservedCodeCacheSize                    = 251658240                              {pd product} {ergonomic}
     bool SegmentedCodeCache                       = true                                      {product} {ergonomic}
   size_t SoftMaxHeapSize                          = 2147483648                             {manageable} {ergonomic}
     bool UseCompressedOops                        = true                           {product lp64_product} {ergonomic}
     bool UseG1GC                                  = true                                      {product} {ergonomic}
     bool UseLargePagesIndividualAllocation        = false                                  {pd product} {ergonomic}

Logging:
Log output configuration:
 #0: stdout all=warning uptime,level,tags foldmultilines=false
 #1: stderr all=off uptime,level,tags foldmultilines=false

Environment Variables:
JAVA_HOME=C:\Program Files\Android\Android Studio\jbr
CLASSPATH=C:\Users\Usuario\mi_red_y_mi_ruta\android\\gradle\wrapper\gradle-wrapper.jar
PATH=C:\Program Files\Android\Android Studio\jbr\bin;C:\Users\Usuario\dev\flutter\bin\;C:\Program Files\Common Files\Oracle\Java\javapath;C:\app\Usuario\product\21c\dbhomeXE\bin;C:\Program Files (x86)\Common Files\Oracle\Java\javapath;C:\Windows\system32;C:\Windows;C:\Windows\System32\Wbem;C:\Windows\System32\WindowsPowerShell\v1.0\;C:\Windows\System32\OpenSSH\;C:\Program Files\nodejs\;C:\Users\Usuario\AppData\Roaming\Microsoft\Windows\Start Menu\Programs\Python 3.12;C:\Program Files (x86)\IVI Foundation\VISA\WinNT\Bin;C:\Program Files\Android\Android Studio\jbr\bin;C:\Users\Usuario\dev\flutter\bin;C:\Users\Usuario\AppData\Local\Programs\Python\Python312\Scripts\;C:\Users\Usuario\AppData\Local\Programs\Python\Python312\;C:\Users\Usuario\AppData\Local\Microsoft\WindowsApps;C:\app\Usuario\product\21c\dbhomeXE\network\admin;C:\Users\Usuario\AppData\Local\Programs\Microsoft VS Code\bin;C:\Users\Usuario\AppData\Roaming\npm;;C:\Users\Usuario\dev\flutter\bin\mingit\cmd
USERNAME=Usuario
LANG=en_US.UTF-8
OS=Windows_NT
PROCESSOR_IDENTIFIER=Intel64 Family 6 Model 126 Stepping 5, GenuineIntel
TMP=C:\Users\Usuario\AppData\Local\Temp
TEMP=C:\Users\Usuario\AppData\Local\Temp




Periodic native trim disabled

JNI global refs:
JNI global refs: 27, weak refs: 2

JNI global refs memory usage: 835, weak refs: 833

Process memory usage:
Resident Set Size: 355196K (2% of 12355256K total physical memory with 342388K free physical memory)

OOME stack traces (most recent first):
Classloader memory used:
Loader org.gradle.internal.classloader.VisitableURLClassLoader                         : 36392K
Loader bootstrap                                                                       : 25237K
Loader org.gradle.initialization.MixInLegacyTypesClassLoader                           : 11682K
Loader org.gradle.internal.classloader.VisitableURLClassLoader$InstrumentingVisitableURLClassLoader: 5099K
Loader jdk.internal.loader.ClassLoaders$PlatformClassLoader                            : 547K
Loader jdk.internal.loader.ClassLoaders$AppClassLoader                                 : 234K
Loader org.gradle.internal.classloader.VisitableURLClassLoader                         : 98072B
Loader jdk.internal.reflect.DelegatingClassLoader                                      : 79536B
Loader sun.reflect.misc.MethodUtil                                                     : 2952B


[error occurred during error reporting (Classloader stats), id 0xe0000001, Out of Memory Error (s\src\hotspot\share\memory\arena.cpp:168)]
---------------  S Y S T E M  ---------------

OS:
 Windows 11 , 64 bit Build 22621 (10.0.22621.3527)
OS uptime: 0 days 14:34 hours
Hyper-V role detected

CPU: total 4 (initial active 4) (2 cores per cpu, 2 threads per core) family 6 model 126 stepping 5 microcode 0x86, cx8, cmov, fxsr, ht, mmx, 3dnowpref, sse, sse2, sse3, ssse3, sse4.1, sse4.2, popcnt, lzcnt, tsc, tscinvbit, avx, avx2, aes, erms, clmul, bmi1, bmi2, adx, avx512f, avx512dq, avx512cd, avx512bw, avx512vl, sha, fma, vzeroupper, avx512_vpopcntdq, avx512_vpclmulqdq, avx512_vaes, avx512_vnni, clflush, clflushopt, avx512_vbmi2, avx512_vbmi, hv, rdtscp, rdpid, fsrm, gfni, avx512_bitalg, f16c, avx512_ifma
Processor Information for all 4 processors :
  Max Mhz: 1190, Current Mhz: 1190, Mhz Limit: 1190

Memory: 4k page, system-wide physical 12065M (378M free)
TotalPageFile size 20257M (AvailPageFile size 0M)
current process WorkingSet (physical memory assigned to process): 349M, peak: 349M
current process commit charge ("private bytes"): 376M, peak: 376M

vm_info: OpenJDK 64-Bit Server VM (21.0.4+-12508038-b607.1) for windows-amd64 JRE (21.0.4+-12508038-b607.1), built on 2024-10-16T17:23:34Z by "builder" with MS VC++ 16.10 / 16.11 (VS2019)

END.
