#
# There is insufficient memory for the Java Runtime Environment to continue.
# Native memory allocation (mmap) failed to map 20971520 bytes. Error detail: G1 virtual space
# Possible reasons:
#   The system is out of physical RAM or swap space
#   This process is running with CompressedOops enabled, and the Java Heap may be blocking the growth of the native heap
# Possible solutions:
#   Reduce memory load on the system
#   Increase physical memory or swap space
#   Check if swap backing store is full
#   Decrease Java heap size (-Xmx/-Xms)
#   Decrease number of Java threads
#   Decrease Java thread stack sizes (-Xss)
#   Set larger code cache with -XX:ReservedCodeCacheSize=
#   JVM is running with Unscaled Compressed Oops mode in which the Java heap is
#     placed in the first 4GB address space. The Java Heap base address is the
#     maximum limit for the native heap growth. Please use -XX:HeapBaseMinAddress
#     to set the Java Heap base and to place the Java Heap above 4GB virtual address.
# This output file may be truncated or incomplete.
#
#  Out of Memory Error (os_windows.cpp:3828), pid=12376, tid=11080
#
# JRE version: OpenJDK Runtime Environment (21.0.4) (build 21.0.4+-12508038-b607.1)
# Java VM: OpenJDK 64-Bit Server VM (21.0.4+-12508038-b607.1, mixed mode, tiered, compressed oops, compressed class ptrs, g1 gc, windows-amd64)
# No core dump will be written. Minidumps are not enabled by default on client versions of Windows
#

---------------  S U M M A R Y ------------

Command Line: -XX:MaxMetaspaceSize=256m --add-opens=java.base/java.util=ALL-UNNAMED --add-opens=java.base/java.lang=ALL-UNNAMED --add-opens=java.base/java.lang.invoke=ALL-UNNAMED --add-opens=java.prefs/java.util.prefs=ALL-UNNAMED --add-exports=jdk.compiler/com.sun.tools.javac.api=ALL-UNNAMED --add-exports=jdk.compiler/com.sun.tools.javac.util=ALL-UNNAMED --add-opens=java.base/java.nio.charset=ALL-UNNAMED --add-opens=java.base/java.net=ALL-UNNAMED --add-opens=java.base/java.util.concurrent.atomic=ALL-UNNAMED -Xmx1024m -Dfile.encoding=UTF-8 -Duser.country=CR -Duser.language=es -Duser.variant -javaagent:C:\Users\Usuario\.gradle\wrapper\dists\gradle-8.10.2-all\7iv73wktx1xtkvlq19urqw1wm\gradle-8.10.2\lib\agents\gradle-instrumentation-agent-8.10.2.jar org.gradle.launcher.daemon.bootstrap.GradleDaemon 8.10.2

Host: Intel(R) Core(TM) i3-1005G1 CPU @ 1.20GHz, 4 cores, 11G,  Windows 11 , 64 bit Build 22621 (10.0.22621.3527)
Time: Tue Apr 22 15:38:03 2025 Hora estándar, América Central elapsed time: 14.932629 seconds (0d 0h 0m 14s)

---------------  T H R E A D  ---------------

Current thread (0x0000013977e55c20):  VMThread "VM Thread"          [id=11080, stack(0x0000000595900000,0x0000000595a00000) (1024K)]

Stack: [0x0000000595900000,0x0000000595a00000]
Native frames: (J=compiled Java code, j=interpreted, Vv=VM code, C=native code)
V  [jvm.dll+0x6ce539]
V  [jvm.dll+0x85bf03]
V  [jvm.dll+0x85e45e]
V  [jvm.dll+0x85eb43]
V  [jvm.dll+0x27dd06]
V  [jvm.dll+0x6cada5]
V  [jvm.dll+0x6bf27a]
V  [jvm.dll+0x3541fb]
V  [jvm.dll+0x35be36]
V  [jvm.dll+0x3adbc6]
V  [jvm.dll+0x3ade98]
V  [jvm.dll+0x32691c]
V  [jvm.dll+0x329326]
V  [jvm.dll+0x33325d]
V  [jvm.dll+0x36a865]
V  [jvm.dll+0x8648c8]
V  [jvm.dll+0x865c44]
V  [jvm.dll+0x866180]
V  [jvm.dll+0x866413]
V  [jvm.dll+0x804418]
V  [jvm.dll+0x6cce0d]
C  [ucrtbase.dll+0x29333]
C  [KERNEL32.DLL+0x1257d]
C  [ntdll.dll+0x5aa48]

VM_Operation (0x00000005954ff590): G1PauseRemark, mode: safepoint, requested by thread 0x000001396f510dc0


---------------  P R O C E S S  ---------------

Threads class SMR info:
_java_thread_list=0x000001396f533df0, length=45, elements={
0x000001396f227670, 0x000001397c097aa0, 0x000001397c098ea0, 0x000001397c0b43e0,
0x000001397c07f430, 0x000001397c080720, 0x000001397c082190, 0x000001397c0837f0,
0x000001397c07ade0, 0x000001397c223740, 0x000001397c39d4c0, 0x000001397dc16060,
0x000001397deff990, 0x000001397deeeac0, 0x000001397de1d850, 0x000001397de262a0,
0x000001397dd9d830, 0x000001397e051cb0, 0x000001397e052340, 0x000001397e04eec0,
0x000001397e04f550, 0x000001397e04fbe0, 0x000001397e050270, 0x000001397e050900,
0x000001397e051620, 0x000001397e697580, 0x000001397e699650, 0x000001397e697c10,
0x000001397e693a70, 0x000001397e696860, 0x000001397e694100, 0x000001397e694790,
0x000001397e6954b0, 0x000001397e692d50, 0x000001397e699ce0, 0x000001397e6933e0,
0x000001397e695b40, 0x000001397e6961d0, 0x0000013911cd4dc0, 0x0000013911cd6e90,
0x0000013911cd5ae0, 0x0000013911cd6800, 0x0000013910f48230, 0x0000013911cd7520,
0x0000013911cd40a0
}

Java Threads: ( => current thread )
  0x000001396f227670 JavaThread "main"                              [_thread_blocked, id=11020, stack(0x0000000595200000,0x0000000595300000) (1024K)]
  0x000001397c097aa0 JavaThread "Reference Handler"          daemon [_thread_blocked, id=10380, stack(0x0000000595a00000,0x0000000595b00000) (1024K)]
  0x000001397c098ea0 JavaThread "Finalizer"                  daemon [_thread_blocked, id=17216, stack(0x0000000595b00000,0x0000000595c00000) (1024K)]
  0x000001397c0b43e0 JavaThread "Signal Dispatcher"          daemon [_thread_blocked, id=8376, stack(0x0000000595c00000,0x0000000595d00000) (1024K)]
  0x000001397c07f430 JavaThread "Attach Listener"            daemon [_thread_blocked, id=8236, stack(0x0000000595d00000,0x0000000595e00000) (1024K)]
  0x000001397c080720 JavaThread "Service Thread"             daemon [_thread_blocked, id=7800, stack(0x0000000595e00000,0x0000000595f00000) (1024K)]
  0x000001397c082190 JavaThread "Monitor Deflation Thread"   daemon [_thread_blocked, id=4904, stack(0x0000000595f00000,0x0000000596000000) (1024K)]
  0x000001397c0837f0 JavaThread "C2 CompilerThread0"         daemon [_thread_blocked, id=8612, stack(0x0000000596000000,0x0000000596100000) (1024K)]
  0x000001397c07ade0 JavaThread "C1 CompilerThread0"         daemon [_thread_blocked, id=17504, stack(0x0000000596100000,0x0000000596200000) (1024K)]
  0x000001397c223740 JavaThread "Common-Cleaner"             daemon [_thread_blocked, id=12176, stack(0x0000000596200000,0x0000000596300000) (1024K)]
  0x000001397c39d4c0 JavaThread "Notification Thread"        daemon [_thread_blocked, id=8176, stack(0x0000000596300000,0x0000000596400000) (1024K)]
  0x000001397dc16060 JavaThread "Daemon health stats"               [_thread_blocked, id=11212, stack(0x0000000596700000,0x0000000596800000) (1024K)]
  0x000001397deff990 JavaThread "Incoming local TCP Connector on port 49684"        [_thread_in_native, id=5080, stack(0x0000000596800000,0x0000000596900000) (1024K)]
  0x000001397deeeac0 JavaThread "Daemon periodic checks"            [_thread_blocked, id=12444, stack(0x0000000596900000,0x0000000596a00000) (1024K)]
  0x000001397de1d850 JavaThread "Daemon"                            [_thread_blocked, id=1756, stack(0x0000000596a00000,0x0000000596b00000) (1024K)]
  0x000001397de262a0 JavaThread "Handler for socket connection from /127.0.0.1:49684 to /127.0.0.1:49685"        [_thread_in_native, id=2424, stack(0x0000000596b00000,0x0000000596c00000) (1024K)]
  0x000001397dd9d830 JavaThread "Cancel handler"                    [_thread_blocked, id=15572, stack(0x0000000596c00000,0x0000000596d00000) (1024K)]
  0x000001397e051cb0 JavaThread "Daemon worker"                     [_thread_blocked, id=12552, stack(0x0000000596d00000,0x0000000596e00000) (1024K)]
  0x000001397e052340 JavaThread "Asynchronous log dispatcher for DefaultDaemonConnection: socket connection from /127.0.0.1:49684 to /127.0.0.1:49685"        [_thread_blocked, id=18164, stack(0x0000000596e00000,0x0000000596f00000) (1024K)]
  0x000001397e04eec0 JavaThread "Stdin handler"                     [_thread_blocked, id=17552, stack(0x0000000596f00000,0x0000000597000000) (1024K)]
  0x000001397e04f550 JavaThread "Daemon client event forwarder"        [_thread_blocked, id=10800, stack(0x0000000597000000,0x0000000597100000) (1024K)]
  0x000001397e04fbe0 JavaThread "Cache worker for journal cache (C:\Users\Usuario\.gradle\caches\journal-1)"        [_thread_blocked, id=14116, stack(0x0000000597100000,0x0000000597200000) (1024K)]
  0x000001397e050270 JavaThread "File lock request listener"        [_thread_in_native, id=2728, stack(0x0000000597200000,0x0000000597300000) (1024K)]
  0x000001397e050900 JavaThread "Cache worker for file hash cache (C:\Users\Usuario\.gradle\caches\8.10.2\fileHashes)"        [_thread_blocked, id=3068, stack(0x0000000597300000,0x0000000597400000) (1024K)]
  0x000001397e051620 JavaThread "Cache worker for file hash cache (C:\Users\Usuario\mi_red_y_mi_ruta\android\.gradle\8.10.2\fileHashes)"        [_thread_blocked, id=10056, stack(0x0000000597500000,0x0000000597600000) (1024K)]
  0x000001397e697580 JavaThread "Cache worker for Build Output Cleanup Cache (C:\Users\Usuario\mi_red_y_mi_ruta\android\.gradle\buildOutputCleanup)"        [_thread_blocked, id=15744, stack(0x0000000597600000,0x0000000597700000) (1024K)]
  0x000001397e699650 JavaThread "File watcher server"        daemon [_thread_in_native, id=5184, stack(0x0000000597700000,0x0000000597800000) (1024K)]
  0x000001397e697c10 JavaThread "File watcher consumer"      daemon [_thread_blocked, id=11192, stack(0x0000000597800000,0x0000000597900000) (1024K)]
  0x000001397e693a70 JavaThread "Cache worker for checksums cache (C:\Users\Usuario\mi_red_y_mi_ruta\android\.gradle\8.10.2\checksums)"        [_thread_blocked, id=12916, stack(0x0000000597900000,0x0000000597a00000) (1024K)]
  0x000001397e696860 JavaThread "Cache worker for file content cache (C:\Users\Usuario\.gradle\caches\8.10.2\fileContent)"        [_thread_blocked, id=12000, stack(0x0000000597a00000,0x0000000597b00000) (1024K)]
  0x000001397e694100 JavaThread "Cache worker for cache directory md-rule (C:\Users\Usuario\.gradle\caches\8.10.2\md-rule)"        [_thread_blocked, id=9096, stack(0x0000000597b00000,0x0000000597c00000) (1024K)]
  0x000001397e694790 JavaThread "Cache worker for cache directory md-supplier (C:\Users\Usuario\.gradle\caches\8.10.2\md-supplier)"        [_thread_blocked, id=7084, stack(0x0000000597c00000,0x0000000597d00000) (1024K)]
  0x000001397e6954b0 JavaThread "Cache worker for Build Output Cleanup Cache (C:\Users\Usuario\dev\flutter\packages\flutter_tools\gradle\.gradle\buildOutputCleanup)"        [_thread_blocked, id=9872, stack(0x0000000597d00000,0x0000000597e00000) (1024K)]
  0x000001397e692d50 JavaThread "Unconstrained build operations"        [_thread_blocked, id=11964, stack(0x0000000597e00000,0x0000000597f00000) (1024K)]
  0x000001397e699ce0 JavaThread "Unconstrained build operations Thread 2"        [_thread_blocked, id=16544, stack(0x0000000597f00000,0x0000000598000000) (1024K)]
  0x000001397e6933e0 JavaThread "Unconstrained build operations Thread 3"        [_thread_blocked, id=13400, stack(0x0000000598000000,0x0000000598100000) (1024K)]
  0x000001397e695b40 JavaThread "Unconstrained build operations Thread 4"        [_thread_blocked, id=12936, stack(0x0000000598100000,0x0000000598200000) (1024K)]
  0x000001397e6961d0 JavaThread "Unconstrained build operations Thread 5"        [_thread_blocked, id=5904, stack(0x0000000598200000,0x0000000598300000) (1024K)]
  0x0000013911cd4dc0 JavaThread "Unconstrained build operations Thread 6"        [_thread_blocked, id=9112, stack(0x0000000598300000,0x0000000598400000) (1024K)]
  0x0000013911cd6e90 JavaThread "Unconstrained build operations Thread 7"        [_thread_blocked, id=13448, stack(0x0000000598400000,0x0000000598500000) (1024K)]
  0x0000013911cd5ae0 JavaThread "Unconstrained build operations Thread 8"        [_thread_blocked, id=17692, stack(0x0000000598500000,0x0000000598600000) (1024K)]
  0x0000013911cd6800 JavaThread "Unconstrained build operations Thread 9"        [_thread_blocked, id=80, stack(0x0000000598600000,0x0000000598700000) (1024K)]
  0x0000013910f48230 JavaThread "C2 CompilerThread1"         daemon [_thread_blocked, id=6684, stack(0x0000000597400000,0x0000000597500000) (1024K)]
  0x0000013911cd7520 JavaThread "Memory manager"                    [_thread_blocked, id=3888, stack(0x0000000598700000,0x0000000598800000) (1024K)]
  0x0000013911cd40a0 JavaThread "build event listener"              [_thread_blocked, id=1464, stack(0x0000000598800000,0x0000000598900000) (1024K)]
Total: 45

Other Threads:
=>0x0000013977e55c20 VMThread "VM Thread"                           [id=11080, stack(0x0000000595900000,0x0000000595a00000) (1024K)]
  0x0000013977e13840 WatcherThread "VM Periodic Task Thread"        [id=15832, stack(0x0000000595800000,0x0000000595900000) (1024K)]
  0x000001396f4e95c0 WorkerThread "GC Thread#0"                     [id=13680, stack(0x0000000595300000,0x0000000595400000) (1024K)]
  0x000001397c596cc0 WorkerThread "GC Thread#1"                     [id=12720, stack(0x0000000596400000,0x0000000596500000) (1024K)]
  0x000001397c597060 WorkerThread "GC Thread#2"                     [id=17224, stack(0x0000000596500000,0x0000000596600000) (1024K)]
  0x000001397c597400 WorkerThread "GC Thread#3"                     [id=13828, stack(0x0000000596600000,0x0000000596700000) (1024K)]
  0x000001396f510dc0 ConcurrentGCThread "G1 Main Marker"            [id=13544, stack(0x0000000595400000,0x0000000595500000) (1024K)]
  0x000001396f512710 WorkerThread "G1 Conc#0"                       [id=12004, stack(0x0000000595500000,0x0000000595600000) (1024K)]
  0x0000013977cf1600 ConcurrentGCThread "G1 Refine#0"               [id=5764, stack(0x0000000595600000,0x0000000595700000) (1024K)]
  0x000001396f56e4d0 ConcurrentGCThread "G1 Service"                [id=17584, stack(0x0000000595700000,0x0000000595800000) (1024K)]
Total: 10

Threads with active compile tasks:
C2 CompilerThread1    14960 7218 %     4       java.util.zip.ZipFile$Source::initCEN @ 261 (612 bytes)
Total: 1

VM state: at safepoint (normal execution)

VM Mutex/Monitor currently owned by a thread:  ([mutex/lock_event])
[0x00007ff94ec172f8] Threads_lock - owner thread: 0x0000013977e55c20
[0x00007ff94ec173f8] Heap_lock - owner thread: 0x000001396f510dc0

Heap address: 0x00000000c0000000, size: 1024 MB, Compressed Oops mode: 32-bit

CDS archive(s) not mapped
Compressed class space mapped at: 0x0000000100000000-0x000000010d000000, reserved size: 218103808
Narrow klass base: 0x0000000000000000, Narrow klass shift: 3, Narrow klass range: 0x10d000000

GC Precious Log:
 CardTable entry size: 512
 Card Set container configuration: InlinePtr #cards 5 size 8 Array Of Cards #cards 12 size 40 Howl #buckets 4 coarsen threshold 1843 Howl Bitmap #cards 512 size 80 coarsen threshold 460 Card regions per heap region 1 cards per card region 2048
 CPUs: 4 total, 4 available
 Memory: 12065M
 Large Page Support: Disabled
 NUMA Support: Disabled
 Compressed Oops: Enabled (32-bit)
 Heap Region Size: 1M
 Heap Min Capacity: 8M
 Heap Initial Capacity: 190M
 Heap Max Capacity: 1G
 Pre-touch: Disabled
 Parallel Workers: 4
 Concurrent Workers: 1
 Concurrent Refinement Workers: 4
 Periodic GC: Disabled

Heap:
 garbage-first heap   total 83968K, used 62752K [0x00000000c0000000, 0x0000000100000000)
  region size 1024K, 4 young (4096K), 2 survivors (2048K)
 Metaspace       used 67185K, committed 69056K, reserved 278528K
  class space    used 9306K, committed 10240K, reserved 212992K

Heap Regions: E=young(eden), S=young(survivor), O=old, HS=humongous(starts), HC=humongous(continues), CS=collection set, F=free, TAMS=top-at-mark-start, PB=parsable bottom
|   0|0x00000000c0000000, 0x00000000c0100000, 0x00000000c0100000|100%|HS|  |TAMS 0x00000000c0100000| PB 0x00000000c0000000| Complete 
|   1|0x00000000c0100000, 0x00000000c0200000, 0x00000000c0200000|100%|HC|  |TAMS 0x00000000c0200000| PB 0x00000000c0100000| Complete 
|   2|0x00000000c0200000, 0x00000000c0300000, 0x00000000c0300000|100%|HC|  |TAMS 0x00000000c0300000| PB 0x00000000c0200000| Complete 
|   3|0x00000000c0300000, 0x00000000c0400000, 0x00000000c0400000|100%|HC|  |TAMS 0x00000000c0400000| PB 0x00000000c0300000| Complete 
|   4|0x00000000c0400000, 0x00000000c0500000, 0x00000000c0500000|100%| O|  |TAMS 0x00000000c0500000| PB 0x00000000c0500000| Untracked 
|   5|0x00000000c0500000, 0x00000000c0600000, 0x00000000c0600000|100%| O|  |TAMS 0x00000000c0600000| PB 0x00000000c0600000| Untracked 
|   6|0x00000000c0600000, 0x00000000c0700000, 0x00000000c0700000|100%| O|  |TAMS 0x00000000c0700000| PB 0x00000000c0700000| Updating 
|   7|0x00000000c0700000, 0x00000000c0800000, 0x00000000c0800000|100%|HS|  |TAMS 0x00000000c0800000| PB 0x00000000c0700000| Complete 
|   8|0x00000000c0800000, 0x00000000c0900000, 0x00000000c0900000|100%| O|  |TAMS 0x00000000c0900000| PB 0x00000000c0900000| Untracked 
|   9|0x00000000c0900000, 0x00000000c0a00000, 0x00000000c0a00000|100%| O|  |TAMS 0x00000000c0a00000| PB 0x00000000c0a00000| Untracked 
|  10|0x00000000c0a00000, 0x00000000c0b00000, 0x00000000c0b00000|100%| O|  |TAMS 0x00000000c0b00000| PB 0x00000000c0b00000| Untracked 
|  11|0x00000000c0b00000, 0x00000000c0c00000, 0x00000000c0c00000|100%| O|  |TAMS 0x00000000c0c00000| PB 0x00000000c0c00000| Untracked 
|  12|0x00000000c0c00000, 0x00000000c0d00000, 0x00000000c0d00000|100%| O|  |TAMS 0x00000000c0d00000| PB 0x00000000c0d00000| Untracked 
|  13|0x00000000c0d00000, 0x00000000c0e00000, 0x00000000c0e00000|100%| O|  |TAMS 0x00000000c0e00000| PB 0x00000000c0e00000| Untracked 
|  14|0x00000000c0e00000, 0x00000000c0f00000, 0x00000000c0f00000|100%| O|  |TAMS 0x00000000c0f00000| PB 0x00000000c0f00000| Untracked 
|  15|0x00000000c0f00000, 0x00000000c1000000, 0x00000000c1000000|100%| O|  |TAMS 0x00000000c1000000| PB 0x00000000c1000000| Untracked 
|  16|0x00000000c1000000, 0x00000000c1100000, 0x00000000c1100000|100%| O|  |TAMS 0x00000000c1100000| PB 0x00000000c1100000| Untracked 
|  17|0x00000000c1100000, 0x00000000c1200000, 0x00000000c1200000|100%| O|  |TAMS 0x00000000c1200000| PB 0x00000000c1200000| Untracked 
|  18|0x00000000c1200000, 0x00000000c1300000, 0x00000000c1300000|100%| O|  |TAMS 0x00000000c1300000| PB 0x00000000c1300000| Untracked 
|  19|0x00000000c1300000, 0x00000000c1400000, 0x00000000c1400000|100%| O|  |TAMS 0x00000000c1400000| PB 0x00000000c1400000| Updating 
|  20|0x00000000c1400000, 0x00000000c1500000, 0x00000000c1500000|100%| O|  |TAMS 0x00000000c1500000| PB 0x00000000c1500000| Untracked 
|  21|0x00000000c1500000, 0x00000000c1600000, 0x00000000c1600000|100%| O|  |TAMS 0x00000000c1600000| PB 0x00000000c1600000| Updating 
|  22|0x00000000c1600000, 0x00000000c1700000, 0x00000000c1700000|100%| O|  |TAMS 0x00000000c1700000| PB 0x00000000c1700000| Updating 
|  23|0x00000000c1700000, 0x00000000c1800000, 0x00000000c1800000|100%| O|  |TAMS 0x00000000c1800000| PB 0x00000000c1800000| Untracked 
|  24|0x00000000c1800000, 0x00000000c1900000, 0x00000000c1900000|100%| O|  |TAMS 0x00000000c1900000| PB 0x00000000c1900000| Untracked 
|  25|0x00000000c1900000, 0x00000000c1a00000, 0x00000000c1a00000|100%| O|  |TAMS 0x00000000c1a00000| PB 0x00000000c1a00000| Untracked 
|  26|0x00000000c1a00000, 0x00000000c1b00000, 0x00000000c1b00000|100%| O|  |TAMS 0x00000000c1b00000| PB 0x00000000c1b00000| Updating 
|  27|0x00000000c1b00000, 0x00000000c1c00000, 0x00000000c1c00000|100%| O|  |TAMS 0x00000000c1c00000| PB 0x00000000c1c00000| Updating 
|  28|0x00000000c1c00000, 0x00000000c1d00000, 0x00000000c1d00000|100%| O|  |TAMS 0x00000000c1d00000| PB 0x00000000c1d00000| Updating 
|  29|0x00000000c1d00000, 0x00000000c1e00000, 0x00000000c1e00000|100%| O|  |TAMS 0x00000000c1e00000| PB 0x00000000c1e00000| Untracked 
|  30|0x00000000c1e00000, 0x00000000c1f00000, 0x00000000c1f00000|100%| O|  |TAMS 0x00000000c1f00000| PB 0x00000000c1f00000| Untracked 
|  31|0x00000000c1f00000, 0x00000000c2000000, 0x00000000c2000000|100%| O|  |TAMS 0x00000000c2000000| PB 0x00000000c2000000| Updating 
|  32|0x00000000c2000000, 0x00000000c2100000, 0x00000000c2100000|100%| O|  |TAMS 0x00000000c2100000| PB 0x00000000c2100000| Untracked 
|  33|0x00000000c2100000, 0x00000000c2200000, 0x00000000c2200000|100%| O|  |TAMS 0x00000000c2200000| PB 0x00000000c2200000| Updating 
|  34|0x00000000c2200000, 0x00000000c2300000, 0x00000000c2300000|100%| O|  |TAMS 0x00000000c2300000| PB 0x00000000c2300000| Updating 
|  35|0x00000000c2300000, 0x00000000c2300000, 0x00000000c2400000|  0%| F|  |TAMS 0x00000000c2300000| PB 0x00000000c2300000| Untracked 
|  36|0x00000000c2400000, 0x00000000c2400000, 0x00000000c2500000|  0%| F|  |TAMS 0x00000000c2400000| PB 0x00000000c2400000| Untracked 
|  37|0x00000000c2500000, 0x00000000c2600000, 0x00000000c2600000|100%| O|  |TAMS 0x00000000c2600000| PB 0x00000000c2600000| Untracked 
|  38|0x00000000c2600000, 0x00000000c2700000, 0x00000000c2700000|100%| O|  |TAMS 0x00000000c2700000| PB 0x00000000c2700000| Updating 
|  39|0x00000000c2700000, 0x00000000c2800000, 0x00000000c2800000|100%| O|  |TAMS 0x00000000c2800000| PB 0x00000000c2800000| Untracked 
|  40|0x00000000c2800000, 0x00000000c2900000, 0x00000000c2900000|100%|HS|  |TAMS 0x00000000c2900000| PB 0x00000000c2800000| Complete 
|  41|0x00000000c2900000, 0x00000000c2a00000, 0x00000000c2a00000|100%|HC|  |TAMS 0x00000000c2a00000| PB 0x00000000c2900000| Complete 
|  42|0x00000000c2a00000, 0x00000000c2b00000, 0x00000000c2b00000|100%| O|  |TAMS 0x00000000c2b00000| PB 0x00000000c2b00000| Untracked 
|  43|0x00000000c2b00000, 0x00000000c2c00000, 0x00000000c2c00000|100%| O|  |TAMS 0x00000000c2c00000| PB 0x00000000c2c00000| Untracked 
|  44|0x00000000c2c00000, 0x00000000c2d00000, 0x00000000c2d00000|100%| O|  |TAMS 0x00000000c2d00000| PB 0x00000000c2d00000| Untracked 
|  45|0x00000000c2d00000, 0x00000000c2e00000, 0x00000000c2e00000|100%| O|  |TAMS 0x00000000c2e00000| PB 0x00000000c2e00000| Updating 
|  46|0x00000000c2e00000, 0x00000000c2f00000, 0x00000000c2f00000|100%|HS|  |TAMS 0x00000000c2f00000| PB 0x00000000c2e00000| Complete 
|  47|0x00000000c2f00000, 0x00000000c3000000, 0x00000000c3000000|100%|HC|  |TAMS 0x00000000c3000000| PB 0x00000000c2f00000| Complete 
|  48|0x00000000c3000000, 0x00000000c3100000, 0x00000000c3100000|100%| O|  |TAMS 0x00000000c3100000| PB 0x00000000c3100000| Untracked 
|  49|0x00000000c3100000, 0x00000000c3200000, 0x00000000c3200000|100%| O|  |TAMS 0x00000000c3200000| PB 0x00000000c3200000| Untracked 
|  50|0x00000000c3200000, 0x00000000c3300000, 0x00000000c3300000|100%| O|  |TAMS 0x00000000c3300000| PB 0x00000000c3300000| Untracked 
|  51|0x00000000c3300000, 0x00000000c33ca030, 0x00000000c3400000| 78%| O|  |TAMS 0x00000000c33ca030| PB 0x00000000c33ca030| Updating 
|  52|0x00000000c3400000, 0x00000000c3500000, 0x00000000c3500000|100%|HS|  |TAMS 0x00000000c3400000| PB 0x00000000c3400000| Complete 
|  53|0x00000000c3500000, 0x00000000c3600000, 0x00000000c3600000|100%|HC|  |TAMS 0x00000000c3500000| PB 0x00000000c3500000| Complete 
|  54|0x00000000c3600000, 0x00000000c3700000, 0x00000000c3700000|100%|HC|  |TAMS 0x00000000c3600000| PB 0x00000000c3600000| Complete 
|  55|0x00000000c3700000, 0x00000000c3800000, 0x00000000c3800000|100%|HC|  |TAMS 0x00000000c3700000| PB 0x00000000c3700000| Complete 
|  56|0x00000000c3800000, 0x00000000c3900000, 0x00000000c3900000|100%|HS|  |TAMS 0x00000000c3800000| PB 0x00000000c3800000| Complete 
|  57|0x00000000c3900000, 0x00000000c3a00000, 0x00000000c3a00000|100%|HC|  |TAMS 0x00000000c3900000| PB 0x00000000c3900000| Complete 
|  58|0x00000000c3a00000, 0x00000000c3b00000, 0x00000000c3b00000|100%|HC|  |TAMS 0x00000000c3a00000| PB 0x00000000c3a00000| Complete 
|  59|0x00000000c3b00000, 0x00000000c3c00000, 0x00000000c3c00000|100%|HC|  |TAMS 0x00000000c3b00000| PB 0x00000000c3b00000| Complete 
|  60|0x00000000c3c00000, 0x00000000c3c00000, 0x00000000c3d00000|  0%| F|  |TAMS 0x00000000c3c00000| PB 0x00000000c3c00000| Untracked 
|  61|0x00000000c3d00000, 0x00000000c3d00000, 0x00000000c3e00000|  0%| F|  |TAMS 0x00000000c3d00000| PB 0x00000000c3d00000| Untracked 
|  62|0x00000000c3e00000, 0x00000000c3e00000, 0x00000000c3f00000|  0%| F|  |TAMS 0x00000000c3e00000| PB 0x00000000c3e00000| Untracked 
|  63|0x00000000c3f00000, 0x00000000c3f00000, 0x00000000c4000000|  0%| F|  |TAMS 0x00000000c3f00000| PB 0x00000000c3f00000| Untracked 
|  64|0x00000000c4000000, 0x00000000c4000000, 0x00000000c4100000|  0%| F|  |TAMS 0x00000000c4000000| PB 0x00000000c4000000| Untracked 
|  65|0x00000000c4100000, 0x00000000c4100000, 0x00000000c4200000|  0%| F|  |TAMS 0x00000000c4100000| PB 0x00000000c4100000| Untracked 
|  66|0x00000000c4200000, 0x00000000c4200000, 0x00000000c4300000|  0%| F|  |TAMS 0x00000000c4200000| PB 0x00000000c4200000| Untracked 
|  88|0x00000000c5800000, 0x00000000c5800000, 0x00000000c5900000|  0%| F|  |TAMS 0x00000000c5800000| PB 0x00000000c5800000| Untracked 
|  89|0x00000000c5900000, 0x00000000c5900000, 0x00000000c5a00000|  0%| F|  |TAMS 0x00000000c5900000| PB 0x00000000c5900000| Untracked 
|  90|0x00000000c5a00000, 0x00000000c5a00000, 0x00000000c5b00000|  0%| F|  |TAMS 0x00000000c5a00000| PB 0x00000000c5a00000| Untracked 
|  91|0x00000000c5b00000, 0x00000000c5b00000, 0x00000000c5c00000|  0%| F|  |TAMS 0x00000000c5b00000| PB 0x00000000c5b00000| Untracked 
|  92|0x00000000c5c00000, 0x00000000c5c00000, 0x00000000c5d00000|  0%| F|  |TAMS 0x00000000c5c00000| PB 0x00000000c5c00000| Untracked 
|  93|0x00000000c5d00000, 0x00000000c5d00000, 0x00000000c5e00000|  0%| F|  |TAMS 0x00000000c5d00000| PB 0x00000000c5d00000| Untracked 
|  94|0x00000000c5e00000, 0x00000000c5e00000, 0x00000000c5f00000|  0%| F|  |TAMS 0x00000000c5e00000| PB 0x00000000c5e00000| Untracked 
|  95|0x00000000c5f00000, 0x00000000c5f00000, 0x00000000c6000000|  0%| F|  |TAMS 0x00000000c5f00000| PB 0x00000000c5f00000| Untracked 
|  96|0x00000000c6000000, 0x00000000c6000000, 0x00000000c6100000|  0%| F|  |TAMS 0x00000000c6000000| PB 0x00000000c6000000| Untracked 
|  97|0x00000000c6100000, 0x00000000c6100000, 0x00000000c6200000|  0%| F|  |TAMS 0x00000000c6100000| PB 0x00000000c6100000| Untracked 
|  98|0x00000000c6200000, 0x00000000c6300000, 0x00000000c6300000|100%| E|  |TAMS 0x00000000c6200000| PB 0x00000000c6200000| Complete 
|  99|0x00000000c6300000, 0x00000000c637e1e0, 0x00000000c6400000| 49%| S|CS|TAMS 0x00000000c6300000| PB 0x00000000c6300000| Complete 
| 188|0x00000000cbc00000, 0x00000000cbd00000, 0x00000000cbd00000|100%| S|CS|TAMS 0x00000000cbc00000| PB 0x00000000cbc00000| Complete 
| 189|0x00000000cbd00000, 0x00000000cbe00000, 0x00000000cbe00000|100%| E|CS|TAMS 0x00000000cbd00000| PB 0x00000000cbd00000| Complete 
|1023|0x00000000fff00000, 0x0000000100000000, 0x0000000100000000|100%| O|  |TAMS 0x0000000100000000| PB 0x0000000100000000| Updating 

Card table byte_map: [0x0000013974610000,0x0000013974810000] _byte_map_base: 0x0000013974010000

Marking Bits: (CMBitMap*) 0x000001396f4e9b60
 Bits: [0x0000013974810000, 0x0000013975810000)

Polling page: 0x000001396f570000

Metaspace:

Usage:
  Non-class:     56.52 MB used.
      Class:      9.09 MB used.
       Both:     65.61 MB used.

Virtual space:
  Non-class space:       64.00 MB reserved,      57.44 MB ( 90%) committed,  1 nodes.
      Class space:      208.00 MB reserved,      10.00 MB (  5%) committed,  1 nodes.
             Both:      272.00 MB reserved,      67.44 MB ( 25%) committed. 

Chunk freelists:
   Non-Class:  5.92 MB
       Class:  5.86 MB
        Both:  11.78 MB

MaxMetaspaceSize: 256.00 MB
CompressedClassSpaceSize: 208.00 MB
Initial GC threshold: 21.00 MB
Current GC threshold: 102.81 MB
CDS: off
 - commit_granule_bytes: 65536.
 - commit_granule_words: 8192.
 - virtual_space_node_default_size: 8388608.
 - enlarge_chunks_in_place: 1.
 - use_allocation_guard: 0.


Internal statistics:

num_allocs_failed_limit: 6.
num_arena_births: 3398.
num_arena_deaths: 0.
num_vsnodes_births: 2.
num_vsnodes_deaths: 0.
num_space_committed: 1079.
num_space_uncommitted: 0.
num_chunks_returned_to_freelist: 6.
num_chunks_taken_from_freelist: 6194.
num_chunk_merges: 6.
num_chunk_splits: 3956.
num_chunks_enlarged: 2391.
num_inconsistent_stats: 0.

CodeHeap 'non-profiled nmethods': size=120000Kb used=3450Kb max_used=3576Kb free=116549Kb
 bounds [0x0000013907ad0000, 0x0000013907e50000, 0x000001390f000000]
CodeHeap 'profiled nmethods': size=120000Kb used=11189Kb max_used=11759Kb free=108811Kb
 bounds [0x0000013900000000, 0x0000013900b80000, 0x0000013907530000]
CodeHeap 'non-nmethods': size=5760Kb used=2194Kb max_used=2226Kb free=3566Kb
 bounds [0x0000013907530000, 0x00000139077a0000, 0x0000013907ad0000]
 total_blobs=6901 nmethods=6144 adapters=661
 compilation: enabled
              stopped_count=0, restarted_count=0
 full_count=0

Compilation events (20 events):
Event: 14.738 Thread 0x000001397c07ade0 nmethod 7211 0x0000013900b75210 code [0x0000013900b753e0, 0x0000013900b75768]
Event: 14.755 Thread 0x000001397c07ade0 7212   !   3       com.sun.jmx.mbeanserver.Introspector::descriptorForAnnotations (248 bytes)
Event: 14.755 Thread 0x0000013910f48230 7213       4       jdk.internal.reflect.ConstantPool::getUTF8At (10 bytes)
Event: 14.755 Thread 0x0000013910f48230 nmethod 7213 0x0000013907e4dd90 code [0x0000013907e4df20, 0x0000013907e4dfe0]
Event: 14.756 Thread 0x000001397c07ade0 nmethod 7212 0x0000013900b75890 code [0x0000013900b75c60, 0x0000013900b77500]
Event: 14.757 Thread 0x000001397c07ade0 7214       3       com.google.common.collect.AbstractMapBasedMultimap::<init> (19 bytes)
Event: 14.758 Thread 0x000001397c07ade0 nmethod 7214 0x0000013900b77f90 code [0x0000013900b78160, 0x0000013900b785a0]
Event: 14.816 Thread 0x000001397c07ade0 7215       3       com.google.common.collect.MapMakerInternalMap$StrongKeyWeakValueEntry$LinkedStrongKeyWeakValueEntry::getNext (5 bytes)
Event: 14.816 Thread 0x000001397c07ade0 nmethod 7215 0x0000013900b78790 code [0x0000013900b78920, 0x0000013900b78a40]
Event: 14.816 Thread 0x000001397c07ade0 7216       3       com.google.common.collect.MapMakerInternalMap$WeakValueReferenceImpl::<init> (12 bytes)
Event: 14.817 Thread 0x000001397c07ade0 nmethod 7216 0x0000013900b78b10 code [0x0000013900b78cc0, 0x0000013900b79048]
Event: 14.817 Thread 0x000001397c07ade0 7217       3       com.google.common.collect.MapMakerInternalMap$StrongKeyWeakValueEntry::access$402 (7 bytes)
Event: 14.817 Thread 0x000001397c07ade0 nmethod 7217 0x0000013900b79190 code [0x0000013900b79320, 0x0000013900b79468]
Event: 14.869 Thread 0x0000013910f48230 7218 %     4       java.util.zip.ZipFile$Source::initCEN @ 261 (612 bytes)
Event: 14.918 Thread 0x000001397c07ade0 7219       3       java.util.zip.ZipFile$ZipFileInflaterInputStream::available (44 bytes)
Event: 14.919 Thread 0x000001397c07ade0 nmethod 7219 0x0000013900b79510 code [0x0000013900b796e0, 0x0000013900b79a48]
Event: 14.919 Thread 0x000001397c07ade0 7220   !   3       java.util.zip.Inflater::getBytesWritten (23 bytes)
Event: 14.919 Thread 0x000001397c07ade0 nmethod 7220 0x0000013900b79b90 code [0x0000013900b79d40, 0x0000013900b79f80]
Event: 14.922 Thread 0x000001397c07ade0 7221   !   3       com.google.common.collect.MapMakerInternalMap$Segment::get (58 bytes)
Event: 14.923 Thread 0x000001397c07ade0 nmethod 7221 0x0000013900b7a090 code [0x0000013900b7a3a0, 0x0000013900b7b850]

GC Heap History (20 events):
Event: 9.427 GC heap before
{Heap before GC invocations=12 (full 0):
 garbage-first heap   total 68608K, used 59442K [0x00000000c0000000, 0x0000000100000000)
  region size 1024K, 27 young (27648K), 3 survivors (3072K)
 Metaspace       used 47829K, committed 49152K, reserved 278528K
  class space    used 6406K, committed 7040K, reserved 212992K
}
Event: 9.430 GC heap after
{Heap after GC invocations=13 (full 0):
 garbage-first heap   total 68608K, used 35940K [0x00000000c0000000, 0x0000000100000000)
  region size 1024K, 4 young (4096K), 4 survivors (4096K)
 Metaspace       used 47829K, committed 49152K, reserved 278528K
  class space    used 6406K, committed 7040K, reserved 212992K
}
Event: 9.923 GC heap before
{Heap before GC invocations=14 (full 0):
 garbage-first heap   total 68608K, used 58468K [0x00000000c0000000, 0x0000000100000000)
  region size 1024K, 27 young (27648K), 4 survivors (4096K)
 Metaspace       used 50824K, committed 52352K, reserved 278528K
  class space    used 6908K, committed 7680K, reserved 212992K
}
Event: 9.928 GC heap after
{Heap after GC invocations=15 (full 0):
 garbage-first heap   total 68608K, used 37579K [0x00000000c0000000, 0x0000000100000000)
  region size 1024K, 4 young (4096K), 4 survivors (4096K)
 Metaspace       used 50824K, committed 52352K, reserved 278528K
  class space    used 6908K, committed 7680K, reserved 212992K
}
Event: 10.206 GC heap before
{Heap before GC invocations=15 (full 0):
 garbage-first heap   total 68608K, used 59083K [0x00000000c0000000, 0x0000000100000000)
  region size 1024K, 25 young (25600K), 4 survivors (4096K)
 Metaspace       used 51258K, committed 52736K, reserved 278528K
  class space    used 6974K, committed 7744K, reserved 212992K
}
Event: 10.210 GC heap after
{Heap after GC invocations=16 (full 0):
 garbage-first heap   total 68608K, used 37726K [0x00000000c0000000, 0x0000000100000000)
  region size 1024K, 3 young (3072K), 3 survivors (3072K)
 Metaspace       used 51258K, committed 52736K, reserved 278528K
  class space    used 6974K, committed 7744K, reserved 212992K
}
Event: 10.929 GC heap before
{Heap before GC invocations=16 (full 0):
 garbage-first heap   total 68608K, used 60254K [0x00000000c0000000, 0x0000000100000000)
  region size 1024K, 25 young (25600K), 3 survivors (3072K)
 Metaspace       used 53796K, committed 55360K, reserved 278528K
  class space    used 7416K, committed 8192K, reserved 212992K
}
Event: 10.933 GC heap after
{Heap after GC invocations=17 (full 0):
 garbage-first heap   total 82944K, used 38937K [0x00000000c0000000, 0x0000000100000000)
  region size 1024K, 4 young (4096K), 4 survivors (4096K)
 Metaspace       used 53796K, committed 55360K, reserved 278528K
  class space    used 7416K, committed 8192K, reserved 212992K
}
Event: 11.718 GC heap before
{Heap before GC invocations=18 (full 0):
 garbage-first heap   total 82944K, used 73753K [0x00000000c0000000, 0x0000000100000000)
  region size 1024K, 37 young (37888K), 4 survivors (4096K)
 Metaspace       used 58110K, committed 59712K, reserved 278528K
  class space    used 7989K, committed 8768K, reserved 212992K
}
Event: 11.724 GC heap after
{Heap after GC invocations=19 (full 0):
 garbage-first heap   total 82944K, used 40407K [0x00000000c0000000, 0x0000000100000000)
  region size 1024K, 4 young (4096K), 4 survivors (4096K)
 Metaspace       used 58110K, committed 59712K, reserved 278528K
  class space    used 7989K, committed 8768K, reserved 212992K
}
Event: 12.884 GC heap before
{Heap before GC invocations=19 (full 0):
 garbage-first heap   total 82944K, used 71127K [0x00000000c0000000, 0x0000000100000000)
  region size 1024K, 35 young (35840K), 4 survivors (4096K)
 Metaspace       used 59556K, committed 61120K, reserved 278528K
  class space    used 8160K, committed 8960K, reserved 212992K
}
Event: 12.892 GC heap after
{Heap after GC invocations=20 (full 0):
 garbage-first heap   total 82944K, used 44217K [0x00000000c0000000, 0x0000000100000000)
  region size 1024K, 5 young (5120K), 5 survivors (5120K)
 Metaspace       used 59556K, committed 61120K, reserved 278528K
  class space    used 8160K, committed 8960K, reserved 212992K
}
Event: 13.714 GC heap before
{Heap before GC invocations=20 (full 0):
 garbage-first heap   total 82944K, used 70841K [0x00000000c0000000, 0x0000000100000000)
  region size 1024K, 32 young (32768K), 5 survivors (5120K)
 Metaspace       used 61438K, committed 63168K, reserved 278528K
  class space    used 8464K, committed 9344K, reserved 212992K
}
Event: 13.721 GC heap after
{Heap after GC invocations=21 (full 0):
 garbage-first heap   total 82944K, used 47510K [0x00000000c0000000, 0x0000000100000000)
  region size 1024K, 4 young (4096K), 4 survivors (4096K)
 Metaspace       used 61438K, committed 63168K, reserved 278528K
  class space    used 8464K, committed 9344K, reserved 212992K
}
Event: 14.313 GC heap before
{Heap before GC invocations=22 (full 0):
 garbage-first heap   total 82944K, used 77206K [0x00000000c0000000, 0x0000000100000000)
  region size 1024K, 29 young (29696K), 4 survivors (4096K)
 Metaspace       used 63650K, committed 65472K, reserved 278528K
  class space    used 8853K, committed 9792K, reserved 212992K
}
Event: 14.318 GC heap after
{Heap after GC invocations=23 (full 0):
 garbage-first heap   total 83968K, used 53389K [0x00000000c0000000, 0x0000000100000000)
  region size 1024K, 2 young (2048K), 2 survivors (2048K)
 Metaspace       used 63650K, committed 65472K, reserved 278528K
  class space    used 8853K, committed 9792K, reserved 212992K
}
Event: 14.825 GC heap before
{Heap before GC invocations=23 (full 0):
 garbage-first heap   total 83968K, used 74893K [0x00000000c0000000, 0x0000000100000000)
  region size 1024K, 24 young (24576K), 2 survivors (2048K)
 Metaspace       used 67078K, committed 68864K, reserved 278528K
  class space    used 9296K, committed 10176K, reserved 212992K
}
Event: 14.829 GC heap after
{Heap after GC invocations=24 (full 0):
 garbage-first heap   total 83968K, used 53215K [0x00000000c0000000, 0x0000000100000000)
  region size 1024K, 2 young (2048K), 2 survivors (2048K)
 Metaspace       used 67078K, committed 68864K, reserved 278528K
  class space    used 9296K, committed 10176K, reserved 212992K
}
Event: 14.841 GC heap before
{Heap before GC invocations=24 (full 0):
 garbage-first heap   total 83968K, used 53215K [0x00000000c0000000, 0x0000000100000000)
  region size 1024K, 3 young (3072K), 2 survivors (2048K)
 Metaspace       used 67078K, committed 68864K, reserved 278528K
  class space    used 9296K, committed 10176K, reserved 212992K
}
Event: 14.844 GC heap after
{Heap after GC invocations=25 (full 0):
 garbage-first heap   total 83968K, used 53536K [0x00000000c0000000, 0x0000000100000000)
  region size 1024K, 2 young (2048K), 2 survivors (2048K)
 Metaspace       used 67078K, committed 68864K, reserved 278528K
  class space    used 9296K, committed 10176K, reserved 212992K
}

Dll operation events (3 events):
Event: 0.014 Loaded shared library C:\Program Files\Android\Android Studio\jbr\bin\java.dll
Event: 0.020 Loaded shared library C:\Program Files\Android\Android Studio\jbr\bin\zip.dll
Event: 0.809 Loaded shared library C:\Program Files\Android\Android Studio\jbr\bin\verify.dll

Deoptimization events (20 events):
Event: 14.486 Thread 0x000001397e051cb0 Uncommon trap: trap_request=0xffffff45 fr.pc=0x0000013907b493bc relative=0x000000000000009c
Event: 14.486 Thread 0x000001397e051cb0 Uncommon trap: reason=unstable_if action=reinterpret pc=0x0000013907b493bc method=java.lang.CharacterDataLatin1.isWhitespace(I)Z @ 14 c2
Event: 14.486 Thread 0x000001397e051cb0 DEOPT PACKING pc=0x0000013907b493bc sp=0x0000000596df2160
Event: 14.486 Thread 0x000001397e051cb0 DEOPT UNPACKING pc=0x0000013907587da2 sp=0x0000000596df20d0 mode 2
Event: 14.499 Thread 0x000001397e051cb0 Uncommon trap: trap_request=0xffffff45 fr.pc=0x0000013907b8ac68 relative=0x0000000000000068
Event: 14.499 Thread 0x000001397e051cb0 Uncommon trap: reason=unstable_if action=reinterpret pc=0x0000013907b8ac68 method=java.util.regex.Pattern.has(I)Z @ 6 c2
Event: 14.499 Thread 0x000001397e051cb0 DEOPT PACKING pc=0x0000013907b8ac68 sp=0x0000000596df1c70
Event: 14.499 Thread 0x000001397e051cb0 DEOPT UNPACKING pc=0x0000013907587da2 sp=0x0000000596df1c00 mode 2
Event: 14.552 Thread 0x000001397e051cb0 Uncommon trap: trap_request=0xffffff45 fr.pc=0x0000013907e3765c relative=0x00000000000000bc
Event: 14.552 Thread 0x000001397e051cb0 Uncommon trap: reason=unstable_if action=reinterpret pc=0x0000013907e3765c method=jdk.internal.util.xml.impl.Parser.bappend(CC)V @ 1 c2
Event: 14.552 Thread 0x000001397e051cb0 DEOPT PACKING pc=0x0000013907e3765c sp=0x0000000596df2040
Event: 14.552 Thread 0x000001397e051cb0 DEOPT UNPACKING pc=0x0000013907587da2 sp=0x0000000596df1fc8 mode 2
Event: 14.552 Thread 0x000001397e051cb0 Uncommon trap: trap_request=0xffffff45 fr.pc=0x0000013907e37294 relative=0x0000000000000074
Event: 14.552 Thread 0x000001397e051cb0 Uncommon trap: reason=unstable_if action=reinterpret pc=0x0000013907e37294 method=jdk.internal.util.xml.impl.Parser.ensureCapacity(I)V @ 40 c2
Event: 14.552 Thread 0x000001397e051cb0 DEOPT PACKING pc=0x0000013907e37294 sp=0x0000000596df2040
Event: 14.552 Thread 0x000001397e051cb0 DEOPT UNPACKING pc=0x0000013907587da2 sp=0x0000000596df1fb8 mode 2
Event: 14.752 Thread 0x000001397e051cb0 Uncommon trap: trap_request=0xffffff45 fr.pc=0x0000013907bf085c relative=0x00000000000000bc
Event: 14.752 Thread 0x000001397e051cb0 Uncommon trap: reason=unstable_if action=reinterpret pc=0x0000013907bf085c method=java.lang.invoke.LambdaForm$BasicType.basicType(C)Ljava/lang/invoke/LambdaForm$BasicType; @ 1 c2
Event: 14.752 Thread 0x000001397e051cb0 DEOPT PACKING pc=0x0000013907bf085c sp=0x0000000596df26e0
Event: 14.752 Thread 0x000001397e051cb0 DEOPT UNPACKING pc=0x0000013907587da2 sp=0x0000000596df2610 mode 2

Classes loaded (20 events):
Event: 14.728 Loading class java/time/format/DateTimeFormatterBuilder$StringLiteralPrinterParser
Event: 14.728 Loading class java/time/format/DateTimeFormatterBuilder$StringLiteralPrinterParser done
Event: 14.728 Loading class java/time/format/DateTimeFormatterBuilder$InstantPrinterParser
Event: 14.728 Loading class java/time/format/DateTimeFormatterBuilder$InstantPrinterParser done
Event: 14.728 Loading class java/time/format/DateTimeTextProvider$LocaleStore
Event: 14.728 Loading class java/time/format/DateTimeTextProvider$LocaleStore done
Event: 14.728 Loading class java/time/format/DateTimeTextProvider
Event: 14.728 Loading class java/time/format/DateTimeTextProvider done
Event: 14.728 Loading class java/time/format/DateTimeTextProvider$1
Event: 14.728 Loading class java/time/format/DateTimeTextProvider$1 done
Event: 14.729 Loading class java/time/format/DateTimeFormatterBuilder$1
Event: 14.729 Loading class java/time/format/DateTimeFormatterBuilder$1 done
Event: 14.729 Loading class java/time/format/DateTimeFormatterBuilder$TextPrinterParser
Event: 14.729 Loading class java/time/format/DateTimeFormatterBuilder$TextPrinterParser done
Event: 14.729 Loading class java/time/format/DateTimeFormatterBuilder$WeekBasedFieldPrinterParser
Event: 14.729 Loading class java/time/format/DateTimeFormatterBuilder$WeekBasedFieldPrinterParser done
Event: 14.751 Loading class com/sun/jmx/mbeanserver/StandardMBeanSupport
Event: 14.751 Loading class com/sun/jmx/mbeanserver/StandardMBeanSupport done
Event: 14.751 Loading class com/sun/jmx/mbeanserver/StandardMBeanIntrospector
Event: 14.751 Loading class com/sun/jmx/mbeanserver/StandardMBeanIntrospector done

Classes unloaded (0 events):
No events

Classes redefined (0 events):
No events

Internal exceptions (20 events):
Event: 12.459 Thread 0x000001397e051cb0 Exception <a 'java/lang/NoSuchMethodError'{0x00000000c3dbf788}: 'java.lang.Object java.lang.invoke.DirectMethodHandle$Holder.invokeSpecialIFC(java.lang.Object, java.lang.Object, java.lang.Object)'> (0x00000000c3dbf788) 
thrown [s\src\hotspot\share\interpreter\linkResolver.cpp, line 784]
Event: 13.591 Thread 0x000001397e051cb0 Exception <a 'java/lang/NoSuchMethodError'{0x00000000c3bd8358}: 'java.lang.Object java.lang.invoke.DirectMethodHandle$Holder.newInvokeSpecial(java.lang.Object, java.lang.Object, java.lang.Object, java.lang.Object, java.lang.Object, java.lang.Object, java.lang.Object, java.lang.Object, java.lang.Object, java.lang.Object, java.lang.Object, java.lang.Object, java.lang.Object, java.lang.Object, java.lang.Object, java.lang.Object)'> (0x00000000c3bd8358) 
thrown [s\src\hotspot\share\interpreter\linkResolver.cpp,
Event: 13.592 Thread 0x000001397e051cb0 Exception <a 'java/lang/NoSuchMethodError'{0x00000000c3bdf818}: 'java.lang.Object java.lang.invoke.DirectMethodHandle$Holder.invokeSpecial(java.lang.Object, java.lang.Object, java.lang.Object, java.lang.Object, java.lang.Object, java.lang.Object, java.lang.Object, java.lang.Object, java.lang.Object, java.lang.Object, java.lang.Object, java.lang.Object, java.lang.Object, java.lang.Object, java.lang.Object, java.lang.Object, java.lang.Object)'> (0x00000000c3bdf818) 
thrown [s\src\hotspot\share\interpreter\li
Event: 13.593 Thread 0x000001397e051cb0 Exception <a 'java/lang/NoSuchMethodError'{0x00000000c3be5c08}: 'java.lang.Object java.lang.invoke.DelegatingMethodHandle$Holder.reinvoke_L(java.lang.Object, java.lang.Object, java.lang.Object, java.lang.Object, java.lang.Object, java.lang.Object, java.lang.Object, java.lang.Object, java.lang.Object, java.lang.Object, java.lang.Object, java.lang.Object, java.lang.Object, java.lang.Object, java.lang.Object, java.lang.Object)'> (0x00000000c3be5c08) 
thrown [s\src\hotspot\share\interpreter\linkResolver.cpp, l
Event: 13.830 Thread 0x000001397e051cb0 Exception <a 'java/lang/NoSuchMethodError'{0x00000000cbc74450}: 'void java.lang.invoke.DirectMethodHandle$Holder.invokeVirtual(java.lang.Object, java.lang.Object)'> (0x00000000cbc74450) 
thrown [s\src\hotspot\share\interpreter\linkResolver.cpp, line 784]
Event: 14.062 Thread 0x000001397e051cb0 Exception <a 'java/lang/NoSuchMethodError'{0x00000000c5afdcc0}: 'java.lang.Object java.lang.invoke.DirectMethodHandle$Holder.newInvokeSpecial(java.lang.Object, java.lang.Object, java.lang.Object, java.lang.Object, java.lang.Object, java.lang.Object, java.lang.Object, java.lang.Object, java.lang.Object, java.lang.Object, java.lang.Object, java.lang.Object, java.lang.Object, java.lang.Object, java.lang.Object, java.lang.Object, java.lang.Object, java.lang.Object, java.lang.Object, java.lang.Object, java.lang
Event: 14.353 Thread 0x000001397e051cb0 Exception <a 'java/lang/NoSuchMethodError'{0x00000000cbcb7488}: static Lorg/jetbrains/kotlin/gradle/plugin/internal/DefaultConfigurationTimePropertiesAccessorVariantFactory;.<clinit>()V> (0x00000000cbcb7488) 
thrown [s\src\hotspot\share\prims\jni.cpp, line 1135]
Event: 14.357 Thread 0x000001397e051cb0 Exception <a 'java/lang/NoSuchMethodError'{0x00000000cbce2fe0}: static Lorg/jetbrains/kotlin/gradle/plugin/internal/DefaultProjectIsolationStartParameterAccessorVariantFactory;.<clinit>()V> (0x00000000cbce2fe0) 
thrown [s\src\hotspot\share\prims\jni.cpp, line 1135]
Event: 14.366 Thread 0x000001397e051cb0 Exception <a 'java/lang/NoSuchMethodError'{0x00000000c6314a88}: static Lorg/jetbrains/kotlin/gradle/plugin/internal/DefaultArtifactTypeAttributeAccessorVariantFactory;.<clinit>()V> (0x00000000c6314a88) 
thrown [s\src\hotspot\share\prims\jni.cpp, line 1135]
Event: 14.369 Thread 0x000001397e051cb0 Exception <a 'java/lang/NoSuchMethodError'{0x00000000c6345c20}: static Lorg/jetbrains/kotlin/gradle/plugin/internal/DefaultCompatibilityConventionRegistrar$Factory;.<clinit>()V> (0x00000000c6345c20) 
thrown [s\src\hotspot\share\prims\jni.cpp, line 1135]
Event: 14.371 Thread 0x000001397e051cb0 Exception <a 'java/lang/NoSuchMethodError'{0x00000000c636c200}: static Lorg/jetbrains/kotlin/gradle/plugin/internal/DefaultJavaSourceSetsAccessorVariantFactory;.<clinit>()V> (0x00000000c636c200) 
thrown [s\src\hotspot\share\prims\jni.cpp, line 1135]
Event: 14.376 Thread 0x000001397e051cb0 Exception <a 'java/lang/NoSuchMethodError'{0x00000000c6392150}: static Lorg/jetbrains/kotlin/gradle/plugin/internal/DefaultIdeaSyncDetectorVariantFactory;.<clinit>()V> (0x00000000c6392150) 
thrown [s\src\hotspot\share\prims\jni.cpp, line 1135]
Event: 14.378 Thread 0x000001397e051cb0 Exception <a 'java/lang/NoSuchMethodError'{0x00000000c63bb700}: static Lorg/jetbrains/kotlin/gradle/plugin/internal/DefaultKotlinTestReportCompatibilityHelperVariantFactory;.<clinit>()V> (0x00000000c63bb700) 
thrown [s\src\hotspot\share\prims\jni.cpp, line 1135]
Event: 14.380 Thread 0x000001397e051cb0 Exception <a 'java/lang/NoSuchMethodError'{0x00000000c63e2620}: static Lorg/jetbrains/kotlin/gradle/plugin/internal/DefaultMppTestReportHelperVariantFactory;.<clinit>()V> (0x00000000c63e2620) 
thrown [s\src\hotspot\share\prims\jni.cpp, line 1135]
Event: 14.384 Thread 0x000001397e051cb0 Exception <a 'java/lang/NoSuchMethodError'{0x00000000c6214410}: static Lorg/jetbrains/kotlin/gradle/plugin/internal/DefaultConfigurationCacheStartParameterAccessorVariantFactory;.<clinit>()V> (0x00000000c6214410) 
thrown [s\src\hotspot\share\prims\jni.cpp, line 1135]
Event: 14.387 Thread 0x000001397e051cb0 Exception <a 'java/lang/NoSuchMethodError'{0x00000000c623beb0}: static Lorg/jetbrains/kotlin/gradle/plugin/internal/MavenPluginConfigurator$DefaultMavenPluginConfiguratorVariantFactory;.<clinit>()V> (0x00000000c623beb0) 
thrown [s\src\hotspot\share\prims\jni.cpp, line 1135]
Event: 14.389 Thread 0x000001397e051cb0 Exception <a 'java/lang/NoSuchMethodError'{0x00000000c6261b58}: static Lorg/jetbrains/kotlin/gradle/targets/js/nodejs/DefaultUnameExecutorVariantFactory;.<clinit>()V> (0x00000000c6261b58) 
thrown [s\src\hotspot\share\prims\jni.cpp, line 1135]
Event: 14.393 Thread 0x000001397e051cb0 Exception <a 'java/lang/NoSuchMethodError'{0x00000000c62884c8}: static Lorg/jetbrains/kotlin/gradle/plugin/internal/DefaultBasePluginConfigurationVariantFactory;.<clinit>()V> (0x00000000c62884c8) 
thrown [s\src\hotspot\share\prims\jni.cpp, line 1135]
Event: 14.395 Thread 0x000001397e051cb0 Exception <a 'java/lang/NoSuchMethodError'{0x00000000c62928f0}: 'void java.lang.invoke.DirectMethodHandle$Holder.invokeSpecial(java.lang.Object, java.lang.Object, java.lang.Object, int)'> (0x00000000c62928f0) 
thrown [s\src\hotspot\share\interpreter\linkResolver.cpp, line 784]
Event: 14.431 Thread 0x000001397e051cb0 Exception <a 'java/lang/IncompatibleClassChangeError'{0x00000000c6183570}: Found class java.lang.Object, but interface was expected> (0x00000000c6183570) 
thrown [s\src\hotspot\share\interpreter\linkResolver.cpp, line 851]

ZGC Phase Switch (0 events):
No events

VM Operations (20 events):
Event: 13.599 Executing VM operation: HandshakeAllThreads (Deoptimize) done
Event: 13.714 Executing VM operation: G1CollectForAllocation (G1 Evacuation Pause)
Event: 13.721 Executing VM operation: G1CollectForAllocation (G1 Evacuation Pause) done
Event: 13.782 Executing VM operation: G1PauseRemark
Event: 13.786 Executing VM operation: G1PauseRemark done
Event: 13.812 Executing VM operation: G1PauseCleanup
Event: 13.812 Executing VM operation: G1PauseCleanup done
Event: 14.123 Executing VM operation: ICBufferFull
Event: 14.123 Executing VM operation: ICBufferFull done
Event: 14.278 Executing VM operation: HandshakeAllThreads (Deoptimize)
Event: 14.278 Executing VM operation: HandshakeAllThreads (Deoptimize) done
Event: 14.313 Executing VM operation: G1CollectForAllocation (G1 Evacuation Pause)
Event: 14.318 Executing VM operation: G1CollectForAllocation (G1 Evacuation Pause) done
Event: 14.501 Executing VM operation: HandshakeAllThreads (Deoptimize)
Event: 14.501 Executing VM operation: HandshakeAllThreads (Deoptimize) done
Event: 14.825 Executing VM operation: G1CollectForAllocation (G1 Evacuation Pause)
Event: 14.829 Executing VM operation: G1CollectForAllocation (G1 Evacuation Pause) done
Event: 14.841 Executing VM operation: G1TryInitiateConcMark (G1 Humongous Allocation)
Event: 14.844 Executing VM operation: G1TryInitiateConcMark (G1 Humongous Allocation) done
Event: 14.924 Executing VM operation: G1PauseRemark

Memory protections (0 events):
No events

Nmethod flushes (20 events):
Event: 14.928 Thread 0x0000013977e55c20 flushing  nmethod 0x0000013900499f10
Event: 14.928 Thread 0x0000013977e55c20 flushing  nmethod 0x00000139004e0390
Event: 14.928 Thread 0x0000013977e55c20 flushing  nmethod 0x000001390051a790
Event: 14.928 Thread 0x0000013977e55c20 flushing  nmethod 0x0000013900567e90
Event: 14.928 Thread 0x0000013977e55c20 flushing  nmethod 0x0000013900584690
Event: 14.928 Thread 0x0000013977e55c20 flushing  nmethod 0x00000139005ccb10
Event: 14.928 Thread 0x0000013977e55c20 flushing  nmethod 0x00000139005ec210
Event: 14.928 Thread 0x0000013977e55c20 flushing  nmethod 0x00000139005edc10
Event: 14.928 Thread 0x0000013977e55c20 flushing  nmethod 0x00000139005ee490
Event: 14.928 Thread 0x0000013977e55c20 flushing  nmethod 0x00000139005eea10
Event: 14.928 Thread 0x0000013977e55c20 flushing  nmethod 0x00000139005f0010
Event: 14.928 Thread 0x0000013977e55c20 flushing  nmethod 0x000001390067b510
Event: 14.928 Thread 0x0000013977e55c20 flushing  nmethod 0x000001390067d510
Event: 14.928 Thread 0x0000013977e55c20 flushing  nmethod 0x0000013900680710
Event: 14.928 Thread 0x0000013977e55c20 flushing  nmethod 0x0000013900685d10
Event: 14.928 Thread 0x0000013977e55c20 flushing  nmethod 0x0000013900715390
Event: 14.928 Thread 0x0000013977e55c20 flushing  nmethod 0x0000013900762210
Event: 14.928 Thread 0x0000013977e55c20 flushing  nmethod 0x00000139007c4710
Event: 14.928 Thread 0x0000013977e55c20 flushing  nmethod 0x00000139007c6710
Event: 14.928 Thread 0x0000013977e55c20 flushing  nmethod 0x00000139008c0190

Events (20 events):
Event: 7.602 Thread 0x000001397e051cb0 Thread added: 0x000001397e693a70
Event: 7.640 Thread 0x000001397e051cb0 Thread added: 0x000001397e696860
Event: 7.850 Thread 0x000001397e051cb0 Thread added: 0x000001397e694100
Event: 8.016 Thread 0x000001397e051cb0 Thread added: 0x000001397e694790
Event: 9.987 Thread 0x000001397e051cb0 Thread added: 0x000001397e6954b0
Event: 10.826 Thread 0x000001397df37d00 Thread exited: 0x000001397df37d00
Event: 11.099 Thread 0x000001397c07ade0 Thread added: 0x000001397d2b85b0
Event: 12.026 Thread 0x000001397e051cb0 Thread added: 0x000001397e692d50
Event: 12.027 Thread 0x000001397e051cb0 Thread added: 0x000001397e699ce0
Event: 12.027 Thread 0x000001397e051cb0 Thread added: 0x000001397e6933e0
Event: 12.149 Thread 0x000001397e051cb0 Thread added: 0x000001397e695b40
Event: 12.152 Thread 0x000001397e051cb0 Thread added: 0x000001397e6961d0
Event: 12.155 Thread 0x000001397e051cb0 Thread added: 0x0000013911cd4dc0
Event: 12.461 Thread 0x000001397e051cb0 Thread added: 0x0000013911cd6e90
Event: 12.462 Thread 0x000001397e051cb0 Thread added: 0x0000013911cd5ae0
Event: 12.466 Thread 0x000001397e051cb0 Thread added: 0x0000013911cd6800
Event: 12.907 Thread 0x000001397d2b85b0 Thread exited: 0x000001397d2b85b0
Event: 13.669 Thread 0x000001397c07ade0 Thread added: 0x0000013910f48230
Event: 13.703 Thread 0x000001397e051cb0 Thread added: 0x0000013911cd7520
Event: 14.765 Thread 0x000001397e051cb0 Thread added: 0x0000013911cd40a0


Dynamic libraries:
0x00007ff7cd200000 - 0x00007ff7cd20a000 	C:\Program Files\Android\Android Studio\jbr\bin\java.exe
0x00007ff9b43b0000 - 0x00007ff9b45c7000 	C:\Windows\SYSTEM32\ntdll.dll
0x00007ff9b2a90000 - 0x00007ff9b2b54000 	C:\Windows\System32\KERNEL32.DLL
0x00007ff9b1910000 - 0x00007ff9b1cb7000 	C:\Windows\System32\KERNELBASE.dll
0x00007ff9b1d30000 - 0x00007ff9b1e41000 	C:\Windows\System32\ucrtbase.dll
0x00007ff97b880000 - 0x00007ff97b89b000 	C:\Program Files\Android\Android Studio\jbr\bin\VCRUNTIME140.dll
0x00007ff99f730000 - 0x00007ff99f748000 	C:\Program Files\Android\Android Studio\jbr\bin\jli.dll
0x00007ff9b20e0000 - 0x00007ff9b228e000 	C:\Windows\System32\USER32.dll
0x00007ff9b18e0000 - 0x00007ff9b1906000 	C:\Windows\System32\win32u.dll
0x00007ff9b4340000 - 0x00007ff9b4369000 	C:\Windows\System32\GDI32.dll
0x00007ff98e090000 - 0x00007ff98e323000 	C:\Windows\WinSxS\amd64_microsoft.windows.common-controls_6595b64144ccf1df_6.0.22621.3527_none_270e469b73872a76\COMCTL32.dll
0x00007ff9b1e50000 - 0x00007ff9b1f69000 	C:\Windows\System32\gdi32full.dll
0x00007ff9b4290000 - 0x00007ff9b4337000 	C:\Windows\System32\msvcrt.dll
0x00007ff9b16d0000 - 0x00007ff9b176a000 	C:\Windows\System32\msvcp_win.dll
0x00007ff9b3720000 - 0x00007ff9b3751000 	C:\Windows\System32\IMM32.DLL
0x00007ff98b040000 - 0x00007ff98b04c000 	C:\Program Files\Android\Android Studio\jbr\bin\vcruntime140_1.dll
0x00007ff972930000 - 0x00007ff9729bd000 	C:\Program Files\Android\Android Studio\jbr\bin\msvcp140.dll
0x00007ff94e070000 - 0x00007ff94ecf3000 	C:\Program Files\Android\Android Studio\jbr\bin\server\jvm.dll
0x00007ff9b2630000 - 0x00007ff9b26e2000 	C:\Windows\System32\ADVAPI32.dll
0x00007ff9b3670000 - 0x00007ff9b3718000 	C:\Windows\System32\sechost.dll
0x00007ff9b1770000 - 0x00007ff9b1798000 	C:\Windows\System32\bcrypt.dll
0x00007ff9b4110000 - 0x00007ff9b4225000 	C:\Windows\System32\RPCRT4.dll
0x00007ff9b3a50000 - 0x00007ff9b3ac1000 	C:\Windows\System32\WS2_32.dll
0x00007ff9b1590000 - 0x00007ff9b15dd000 	C:\Windows\SYSTEM32\POWRPROF.dll
0x00007ff9a9870000 - 0x00007ff9a98a4000 	C:\Windows\SYSTEM32\WINMM.dll
0x00007ff9a9030000 - 0x00007ff9a903a000 	C:\Windows\SYSTEM32\VERSION.dll
0x00007ff9b1570000 - 0x00007ff9b1583000 	C:\Windows\SYSTEM32\UMPDC.dll
0x00007ff9b06b0000 - 0x00007ff9b06c8000 	C:\Windows\SYSTEM32\kernel.appcore.dll
0x00007ff98a270000 - 0x00007ff98a27a000 	C:\Program Files\Android\Android Studio\jbr\bin\jimage.dll
0x00007ff9aee70000 - 0x00007ff9af0a3000 	C:\Windows\SYSTEM32\DBGHELP.DLL
0x00007ff9b2290000 - 0x00007ff9b2618000 	C:\Windows\System32\combase.dll
0x00007ff9b2920000 - 0x00007ff9b29f7000 	C:\Windows\System32\OLEAUT32.dll
0x00007ff99f550000 - 0x00007ff99f582000 	C:\Windows\SYSTEM32\dbgcore.DLL
0x00007ff9b1860000 - 0x00007ff9b18d9000 	C:\Windows\System32\bcryptPrimitives.dll
0x00007ff9aa7a0000 - 0x00007ff9aa7ae000 	C:\Program Files\Android\Android Studio\jbr\bin\instrument.dll
0x00007ff978c50000 - 0x00007ff978c70000 	C:\Program Files\Android\Android Studio\jbr\bin\java.dll
0x00007ff977790000 - 0x00007ff9777a8000 	C:\Program Files\Android\Android Studio\jbr\bin\zip.dll
0x00007ff9b2c60000 - 0x00007ff9b34bc000 	C:\Windows\System32\SHELL32.dll
0x00007ff9af5c0000 - 0x00007ff9afeb6000 	C:\Windows\SYSTEM32\windows.storage.dll
0x00007ff9af480000 - 0x00007ff9af5be000 	C:\Windows\SYSTEM32\wintypes.dll
0x00007ff9b3780000 - 0x00007ff9b3875000 	C:\Windows\System32\SHCORE.dll
0x00007ff9b4230000 - 0x00007ff9b428e000 	C:\Windows\System32\shlwapi.dll
0x00007ff9b1600000 - 0x00007ff9b1621000 	C:\Windows\SYSTEM32\profapi.dll
0x00007ff981e10000 - 0x00007ff981e20000 	C:\Program Files\Android\Android Studio\jbr\bin\net.dll
0x00007ff9aa850000 - 0x00007ff9aa986000 	C:\Windows\SYSTEM32\WINHTTP.dll
0x00007ff9b0b20000 - 0x00007ff9b0b89000 	C:\Windows\system32\mswsock.dll
0x00007ff977770000 - 0x00007ff977786000 	C:\Program Files\Android\Android Studio\jbr\bin\nio.dll
0x00007ff96c700000 - 0x00007ff96c710000 	C:\Program Files\Android\Android Studio\jbr\bin\verify.dll
0x00007ff98a310000 - 0x00007ff98a337000 	C:\Users\Usuario\.gradle\native\c067742578af261105cb4f569cf0c3c89f3d7b1fecec35dd04571415982c5e48\windows-amd64\native-platform.dll
0x00007ff969d40000 - 0x00007ff969e84000 	C:\Users\Usuario\.gradle\native\100fb08df4bc3b14c8652ba06237920a3bd2aa13389f12d3474272988ae205f9\windows-amd64\native-platform-file-events.dll
0x00007ff96f540000 - 0x00007ff96f549000 	C:\Program Files\Android\Android Studio\jbr\bin\management.dll
0x00007ff96f460000 - 0x00007ff96f46b000 	C:\Program Files\Android\Android Studio\jbr\bin\management_ext.dll
0x00007ff9b3930000 - 0x00007ff9b3938000 	C:\Windows\System32\PSAPI.DLL
0x00007ff9b0d60000 - 0x00007ff9b0d7b000 	C:\Windows\SYSTEM32\CRYPTSP.dll
0x00007ff9b0610000 - 0x00007ff9b0645000 	C:\Windows\system32\rsaenh.dll
0x00007ff9b0be0000 - 0x00007ff9b0c08000 	C:\Windows\SYSTEM32\USERENV.dll
0x00007ff9b0d50000 - 0x00007ff9b0d5c000 	C:\Windows\SYSTEM32\CRYPTBASE.dll
0x00007ff9b0160000 - 0x00007ff9b018d000 	C:\Windows\SYSTEM32\IPHLPAPI.DLL
0x00007ff9b2620000 - 0x00007ff9b2629000 	C:\Windows\System32\NSI.dll
0x00007ff977760000 - 0x00007ff977769000 	C:\Program Files\Android\Android Studio\jbr\bin\extnet.dll
0x00007ff986440000 - 0x00007ff986448000 	C:\Windows\system32\wshunix.dll

dbghelp: loaded successfully - version: 4.0.5 - missing functions: none
symbol engine: initialized successfully - sym options: 0x614 - pdb path: .;C:\Program Files\Android\Android Studio\jbr\bin;C:\Windows\SYSTEM32;C:\Windows\WinSxS\amd64_microsoft.windows.common-controls_6595b64144ccf1df_6.0.22621.3527_none_270e469b73872a76;C:\Program Files\Android\Android Studio\jbr\bin\server;C:\Users\Usuario\.gradle\native\c067742578af261105cb4f569cf0c3c89f3d7b1fecec35dd04571415982c5e48\windows-amd64;C:\Users\Usuario\.gradle\native\100fb08df4bc3b14c8652ba06237920a3bd2aa13389f12d3474272988ae205f9\windows-amd64

VM Arguments:
jvm_args: -XX:MaxMetaspaceSize=256m --add-opens=java.base/java.util=ALL-UNNAMED --add-opens=java.base/java.lang=ALL-UNNAMED --add-opens=java.base/java.lang.invoke=ALL-UNNAMED --add-opens=java.prefs/java.util.prefs=ALL-UNNAMED --add-exports=jdk.compiler/com.sun.tools.javac.api=ALL-UNNAMED --add-exports=jdk.compiler/com.sun.tools.javac.util=ALL-UNNAMED --add-opens=java.base/java.nio.charset=ALL-UNNAMED --add-opens=java.base/java.net=ALL-UNNAMED --add-opens=java.base/java.util.concurrent.atomic=ALL-UNNAMED -Xmx1024m -Dfile.encoding=UTF-8 -Duser.country=CR -Duser.language=es -Duser.variant -javaagent:C:\Users\Usuario\.gradle\wrapper\dists\gradle-8.10.2-all\7iv73wktx1xtkvlq19urqw1wm\gradle-8.10.2\lib\agents\gradle-instrumentation-agent-8.10.2.jar 
java_command: org.gradle.launcher.daemon.bootstrap.GradleDaemon 8.10.2
java_class_path (initial): C:\Users\Usuario\.gradle\wrapper\dists\gradle-8.10.2-all\7iv73wktx1xtkvlq19urqw1wm\gradle-8.10.2\lib\gradle-daemon-main-8.10.2.jar
Launcher Type: SUN_STANDARD

[Global flags]
     intx CICompilerCount                          = 3                                         {product} {ergonomic}
   size_t CompressedClassSpaceSize                 = 218103808                                 {product} {ergonomic}
     uint ConcGCThreads                            = 1                                         {product} {ergonomic}
     uint G1ConcRefinementThreads                  = 4                                         {product} {ergonomic}
   size_t G1HeapRegionSize                         = 1048576                                   {product} {ergonomic}
    uintx GCDrainStackTargetSize                   = 64                                        {product} {ergonomic}
   size_t InitialHeapSize                          = 199229440                                 {product} {ergonomic}
   size_t MarkStackSize                            = 4194304                                   {product} {ergonomic}
   size_t MaxHeapSize                              = 1073741824                                {product} {command line}
   size_t MaxMetaspaceSize                         = 268435456                                 {product} {command line}
   size_t MaxNewSize                               = 643825664                                 {product} {ergonomic}
   size_t MinHeapDeltaBytes                        = 1048576                                   {product} {ergonomic}
   size_t MinHeapSize                              = 8388608                                   {product} {ergonomic}
    uintx NonNMethodCodeHeapSize                   = 5832780                                {pd product} {ergonomic}
    uintx NonProfiledCodeHeapSize                  = 122912730                              {pd product} {ergonomic}
    uintx ProfiledCodeHeapSize                     = 122912730                              {pd product} {ergonomic}
    uintx ReservedCodeCacheSize                    = 251658240                              {pd product} {ergonomic}
     bool SegmentedCodeCache                       = true                                      {product} {ergonomic}
   size_t SoftMaxHeapSize                          = 1073741824                             {manageable} {ergonomic}
     bool UseCompressedOops                        = true                           {product lp64_product} {ergonomic}
     bool UseG1GC                                  = true                                      {product} {ergonomic}
     bool UseLargePagesIndividualAllocation        = false                                  {pd product} {ergonomic}

Logging:
Log output configuration:
 #0: stdout all=warning uptime,level,tags foldmultilines=false
 #1: stderr all=off uptime,level,tags foldmultilines=false

Environment Variables:
JAVA_HOME=C:\Program Files\Android\Android Studio\jbr
CLASSPATH=C:\Users\Usuario\mi_red_y_mi_ruta\android\\gradle\wrapper\gradle-wrapper.jar
PATH=C:\Program Files\Android\Android Studio\jbr\bin;C:\Users\Usuario\dev\flutter\bin\;C:\Program Files\Common Files\Oracle\Java\javapath;C:\app\Usuario\product\21c\dbhomeXE\bin;C:\Program Files (x86)\Common Files\Oracle\Java\javapath;C:\Windows\system32;C:\Windows;C:\Windows\System32\Wbem;C:\Windows\System32\WindowsPowerShell\v1.0\;C:\Windows\System32\OpenSSH\;C:\Program Files\nodejs\;C:\Users\Usuario\AppData\Roaming\Microsoft\Windows\Start Menu\Programs\Python 3.12;C:\Program Files (x86)\IVI Foundation\VISA\WinNT\Bin;C:\Program Files\Android\Android Studio\jbr\bin;C:\Users\Usuario\dev\flutter\bin;C:\Users\Usuario\AppData\Local\Programs\Python\Python312\Scripts\;C:\Users\Usuario\AppData\Local\Programs\Python\Python312\;C:\Users\Usuario\AppData\Local\Microsoft\WindowsApps;C:\app\Usuario\product\21c\dbhomeXE\network\admin;C:\Users\Usuario\AppData\Local\Programs\Microsoft VS Code\bin;C:\Users\Usuario\AppData\Roaming\npm;;C:\Users\Usuario\dev\flutter\bin\mingit\cmd
USERNAME=Usuario
LANG=en_US.UTF-8
OS=Windows_NT
PROCESSOR_IDENTIFIER=Intel64 Family 6 Model 126 Stepping 5, GenuineIntel
TMP=C:\Users\Usuario\AppData\Local\Temp
TEMP=C:\Users\Usuario\AppData\Local\Temp




Periodic native trim disabled

JNI global refs:
JNI global refs: 25, weak refs: 0

JNI global refs memory usage: 835, weak refs: 833

Process memory usage:
Resident Set Size: 290040K (2% of 12355256K total physical memory with 511552K free physical memory)

OOME stack traces (most recent first):
Classloader memory used:
Loader org.gradle.internal.classloader.VisitableURLClassLoader                         : 29835K
Loader bootstrap                                                                       : 24898K
Loader org.gradle.initialization.MixInLegacyTypesClassLoader                           : 10743K
Loader org.gradle.internal.classloader.VisitableURLClassLoader$InstrumentingVisitableURLClassLoader: 823K
Loader jdk.internal.loader.ClassLoaders$PlatformClassLoader                            : 547K
Loader jdk.internal.loader.ClassLoaders$AppClassLoader                                 : 234K
Loader jdk.internal.reflect.DelegatingClassLoader                                      : 65520B
Loader org.gradle.internal.classloader.VisitableURLClassLoader                         : 39520B

Classes loaded by more than one classloader:
Class Program                                                                         : loaded 3 times (x 70B)
Class org.gradle.internal.classloader.ClassLoaderHierarchy                            : loaded 2 times (x 66B)
Class org.gradle.api.internal.classpath.ManifestUtil                                  : loaded 2 times (x 67B)
Class org.gradle.internal.classloader.DefaultClassLoaderFactory                       : loaded 2 times (x 78B)
Class org.gradle.internal.classloader.ClassLoaderVisitor                              : loaded 2 times (x 72B)
Class org.gradle.api.internal.classpath.EffectiveClassPath                            : loaded 2 times (x 86B)
Class org.gradle.api.internal.DefaultClassPathProvider                                : loaded 2 times (x 72B)
Class [Lorg.gradle.api.internal.ClassPathProvider;                                    : loaded 2 times (x 65B)
Class org.gradle.api.internal.ClassPathProvider                                       : loaded 2 times (x 66B)
Class org.gradle.internal.service.UnknownServiceException                             : loaded 2 times (x 79B)
Class org.gradle.internal.classpath.TransformedClassPath                              : loaded 2 times (x 92B)
Class org.gradle.internal.classloader.InstrumentingClassLoader                        : loaded 2 times (x 66B)
Class org.gradle.internal.service.ServiceLocator                                      : loaded 2 times (x 66B)
Class org.gradle.internal.InternalTransformer                                         : loaded 2 times (x 66B)
Class org.gradle.internal.classloader.ClasspathUtil$1                                 : loaded 2 times (x 72B)
Class org.gradle.api.internal.classpath.DefaultModuleRegistry$DefaultModule           : loaded 2 times (x 82B)
Class org.gradle.api.internal.classpath.Module                                        : loaded 2 times (x 66B)
Class org.gradle.api.internal.classpath.UnknownModuleException                        : loaded 2 times (x 78B)
Class org.gradle.api.internal.DefaultClassPathRegistry                                : loaded 2 times (x 72B)
Class org.gradle.api.internal.ClassPathRegistry                                       : loaded 2 times (x 66B)
Class org.gradle.internal.classpath.DefaultClassPath$ImmutableUniqueList              : loaded 2 times (x 195B)
Class org.gradle.internal.classloader.FilteringClassLoader                            : loaded 2 times (x 101B)
Class Settings_gradle$1                                                               : loaded 2 times (x 70B)
Class org.gradle.internal.classpath.ClassPath                                         : loaded 2 times (x 66B)
Class org.gradle.api.UncheckedIOException                                             : loaded 2 times (x 78B)
Class org.gradle.internal.installation.GradleInstallation$1                           : loaded 2 times (x 71B)
Class org.gradle.api.internal.classpath.ModuleRegistry                                : loaded 2 times (x 66B)
Class org.gradle.api.internal.classpath.DefaultModuleRegistry                         : loaded 2 times (x 82B)
Class org.gradle.internal.service.ServiceLookupException                              : loaded 2 times (x 78B)
Class org.gradle.internal.classloader.ClassLoaderFactory                              : loaded 2 times (x 66B)
Class org.gradle.internal.service.CachingServiceLocator                               : loaded 2 times (x 78B)
Class org.gradle.internal.classloader.ClasspathUtil                                   : loaded 2 times (x 67B)
Class org.gradle.api.specs.Spec                                                       : loaded 2 times (x 66B)
Class org.gradle.internal.classloader.VisitableURLClassLoader$InstrumentingVisitableURLClassLoader: loaded 2 times (x 119B)
Class org.gradle.internal.classloader.VisitableURLClassLoader$Spec                    : loaded 2 times (x 70B)
Class org.gradle.internal.classpath.DefaultClassPath                                  : loaded 2 times (x 86B)
Class org.gradle.internal.classloader.ClassLoaderSpec                                 : loaded 2 times (x 67B)
Class Settings_gradle$1$1                                                             : loaded 2 times (x 70B)
Class org.gradle.internal.classloader.VisitableURLClassLoader                         : loaded 2 times (x 113B)
Class Settings_gradle                                                                 : loaded 2 times (x 124B)
Class org.gradle.internal.Cast                                                        : loaded 2 times (x 67B)
Class org.gradle.api.Action                                                           : loaded 2 times (x 66B)
Class org.gradle.internal.classpath.DefaultClassPath$ImmutableUniqueList$Builder      : loaded 2 times (x 71B)
Class org.gradle.api.GradleException                                                  : loaded 2 times (x 78B)
Class org.gradle.internal.IoActions                                                   : loaded 2 times (x 67B)
Class org.gradle.internal.classloader.SystemClassLoaderSpec                           : loaded 2 times (x 67B)
Class org.gradle.api.internal.classpath.GlobalCacheRootsProvider                      : loaded 2 times (x 66B)
Class org.gradle.internal.installation.CurrentGradleInstallationLocator               : loaded 2 times (x 67B)
Class org.gradle.internal.service.DefaultServiceLocator                               : loaded 2 times (x 79B)
Class org.gradle.internal.installation.CurrentGradleInstallation                      : loaded 2 times (x 69B)
Class org.gradle.util.internal.GUtil                                                  : loaded 2 times (x 67B)
Class org.gradle.internal.installation.GradleInstallation                             : loaded 2 times (x 71B)

---------------  S Y S T E M  ---------------

OS:
 Windows 11 , 64 bit Build 22621 (10.0.22621.3527)
OS uptime: 0 days 14:23 hours
Hyper-V role detected

CPU: total 4 (initial active 4) (2 cores per cpu, 2 threads per core) family 6 model 126 stepping 5 microcode 0x86, cx8, cmov, fxsr, ht, mmx, 3dnowpref, sse, sse2, sse3, ssse3, sse4.1, sse4.2, popcnt, lzcnt, tsc, tscinvbit, avx, avx2, aes, erms, clmul, bmi1, bmi2, adx, avx512f, avx512dq, avx512cd, avx512bw, avx512vl, sha, fma, vzeroupper, avx512_vpopcntdq, avx512_vpclmulqdq, avx512_vaes, avx512_vnni, clflush, clflushopt, avx512_vbmi2, avx512_vbmi, hv, rdtscp, rdpid, fsrm, gfni, avx512_bitalg, f16c, avx512_ifma
Processor Information for all 4 processors :
  Max Mhz: 1190, Current Mhz: 1190, Mhz Limit: 1190

Memory: 4k page, system-wide physical 12065M (499M free)
TotalPageFile size 20257M (AvailPageFile size 9M)
current process WorkingSet (physical memory assigned to process): 283M, peak: 283M
current process commit charge ("private bytes"): 310M, peak: 331M

vm_info: OpenJDK 64-Bit Server VM (21.0.4+-12508038-b607.1) for windows-amd64 JRE (21.0.4+-12508038-b607.1), built on 2024-10-16T17:23:34Z by "builder" with MS VC++ 16.10 / 16.11 (VS2019)

END.
